#
# There is insufficient memory for the Java Runtime Environment to continue.
# Native memory allocation (malloc) failed to allocate 706832 bytes for Chunk::new
# Possible reasons:
#   The system is out of physical RAM or swap space
#   The process is running with CompressedOops enabled, and the Java Heap may be blocking the growth of the native heap
# Possible solutions:
#   Reduce memory load on the system
#   Increase physical memory or swap space
#   Check if swap backing store is full
#   Decrease Java heap size (-Xmx/-Xms)
#   Decrease number of Java threads
#   Decrease Java thread stack sizes (-Xss)
#   Set larger code cache with -XX:ReservedCodeCacheSize=
#   JVM is running with Unscaled Compressed Oops mode in which the Java heap is
#     placed in the first 4GB address space. The Java Heap base address is the
#     maximum limit for the native heap growth. Please use -XX:HeapBaseMinAddress
#     to set the Java Heap base and to place the Java Heap above 4GB virtual address.
# This output file may be truncated or incomplete.
#
#  Out of Memory Error (arena.cpp:189), pid=21048, tid=17524
#
# JRE version: OpenJDK Runtime Environment Corretto-17.0.6.10.1 (17.0.6+10) (build 17.0.6+10-LTS)
# Java VM: OpenJDK 64-Bit Server VM Corretto-17.0.6.10.1 (17.0.6+10-LTS, mixed mode, sharing, tiered, compressed oops, compressed class ptrs, g1 gc, windows-amd64)
# No core dump will be written. Minidumps are not enabled by default on client versions of Windows
#

---------------  S U M M A R Y ------------

Command Line: -javaagent:C:\Program Files\JetBrains\IntelliJ IDEA Community Edition 2022.3.2\lib\idea_rt.jar=59017:C:\Program Files\JetBrains\IntelliJ IDEA Community Edition 2022.3.2\bin -Dfile.encoding=UTF-8 MultiAplicacion.MultiAplicacionApplication

Host: AMD Ryzen 5 5500U with Radeon Graphics         , 12 cores, 5G,  Windows 10 , 64 bit Build 19041 (10.0.19041.2788)
Time: Tue Apr 18 00:20:26 2023 Hora de verano romance elapsed time: 218.418655 seconds (0d 0h 3m 38s)

---------------  T H R E A D  ---------------

Current thread (0x0000022fc47ff480):  JavaThread "C2 CompilerThread0" daemon [_thread_in_native, id=17524, stack(0x0000007ed8700000,0x0000007ed8800000)]


Current CompileTask:
C2: 218418 7740       4       java.lang.invoke.MethodType::makeImpl (109 bytes)

Stack: [0x0000007ed8700000,0x0000007ed8800000]
Native frames: (J=compiled Java code, j=interpreted, Vv=VM code, C=native code)
V  [jvm.dll+0x64b39a]
V  [jvm.dll+0x7ff044]
V  [jvm.dll+0x8007fe]
V  [jvm.dll+0x800e53]
V  [jvm.dll+0x235848]
V  [jvm.dll+0xbce6c]
V  [jvm.dll+0xbd44c]
V  [jvm.dll+0x34f2a7]
V  [jvm.dll+0x1b0512]
V  [jvm.dll+0x209d8f]
V  [jvm.dll+0x209237]
V  [jvm.dll+0x19926d]
V  [jvm.dll+0x2185dd]
V  [jvm.dll+0x216824]
V  [jvm.dll+0x7b77bb]
V  [jvm.dll+0x7b1d6a]
V  [jvm.dll+0x64a265]
C  [ucrtbase.dll+0x21bb2]
C  [KERNEL32.DLL+0x17604]
C  [ntdll.dll+0x526a1]


---------------  P R O C E S S  ---------------

Threads class SMR info:
_java_thread_list=0x0000022fcca76780, length=17, elements={
0x0000022fc47e6780, 0x0000022fc47e75f0, 0x0000022fc47fa7c0, 0x0000022fc47fb280,
0x0000022fc47fdd40, 0x0000022fc47fe6f0, 0x0000022fc47ff480, 0x0000022fc480d440,
0x0000022fc480f230, 0x0000022fc47d0ba0, 0x0000022fc57f7790, 0x0000022fc565e480,
0x0000022fc8e3ccd0, 0x0000022fc76c2c20, 0x0000022fc76c3a90, 0x0000022fc60de4e0,
0x0000022fcb026970
}

Java Threads: ( => current thread )
  0x0000022fc47e6780 JavaThread "Reference Handler" daemon [_thread_blocked, id=21748, stack(0x0000007ed8100000,0x0000007ed8200000)]
  0x0000022fc47e75f0 JavaThread "Finalizer" daemon [_thread_blocked, id=3472, stack(0x0000007ed8200000,0x0000007ed8300000)]
  0x0000022fc47fa7c0 JavaThread "Signal Dispatcher" daemon [_thread_blocked, id=1880, stack(0x0000007ed8300000,0x0000007ed8400000)]
  0x0000022fc47fb280 JavaThread "Attach Listener" daemon [_thread_blocked, id=12444, stack(0x0000007ed8400000,0x0000007ed8500000)]
  0x0000022fc47fdd40 JavaThread "Service Thread" daemon [_thread_blocked, id=17760, stack(0x0000007ed8500000,0x0000007ed8600000)]
  0x0000022fc47fe6f0 JavaThread "Monitor Deflation Thread" daemon [_thread_blocked, id=11672, stack(0x0000007ed8600000,0x0000007ed8700000)]
=>0x0000022fc47ff480 JavaThread "C2 CompilerThread0" daemon [_thread_in_native, id=17524, stack(0x0000007ed8700000,0x0000007ed8800000)]
  0x0000022fc480d440 JavaThread "C1 CompilerThread0" daemon [_thread_blocked, id=20920, stack(0x0000007ed8800000,0x0000007ed8900000)]
  0x0000022fc480f230 JavaThread "Sweeper thread" daemon [_thread_blocked, id=8872, stack(0x0000007ed8900000,0x0000007ed8a00000)]
  0x0000022fc47d0ba0 JavaThread "Common-Cleaner" daemon [_thread_blocked, id=21364, stack(0x0000007ed8a00000,0x0000007ed8b00000)]
  0x0000022fc57f7790 JavaThread "Monitor Ctrl-Break" daemon [_thread_in_native, id=1788, stack(0x0000007ed8c00000,0x0000007ed8d00000)]
  0x0000022fc565e480 JavaThread "Notification Thread" daemon [_thread_blocked, id=6464, stack(0x0000007ed8d00000,0x0000007ed8e00000)]
  0x0000022fc8e3ccd0 JavaThread "mysql-cj-abandoned-connection-cleanup" daemon [_thread_blocked, id=12808, stack(0x0000007eda000000,0x0000007eda100000)]
  0x0000022fc76c2c20 JavaThread "Live Reload Server" daemon [_thread_in_native, id=20556, stack(0x0000007eda500000,0x0000007eda600000)]
  0x0000022fc76c3a90 JavaThread "DestroyJavaVM" [_thread_blocked, id=20768, stack(0x0000007ed7a00000,0x0000007ed7b00000)]
  0x0000022fc60de4e0 JavaThread "SIGINT handler" daemon [_thread_blocked, id=18888, stack(0x0000007ed7700000,0x0000007ed7800000)]
  0x0000022fcb026970 JavaThread "C2 CompilerThread1" daemon [_thread_in_native, id=6572, stack(0x0000007ed7800000,0x0000007ed7900000)]

Other Threads:
  0x0000022fc47e2b80 VMThread "VM Thread" [stack: 0x0000007ed8000000,0x0000007ed8100000] [id=8340]
  0x0000022fc57f7c60 WatcherThread [stack: 0x0000007ed8e00000,0x0000007ed8f00000] [id=18440]
  0x0000022fa7481450 GCTaskThread "GC Thread#0" [stack: 0x0000007ed7b00000,0x0000007ed7c00000] [id=12376]
  0x0000022fc5b22df0 GCTaskThread "GC Thread#1" [stack: 0x0000007ed9200000,0x0000007ed9300000] [id=22252]
  0x0000022fc5b22330 GCTaskThread "GC Thread#2" [stack: 0x0000007ed9300000,0x0000007ed9400000] [id=5024]
  0x0000022fc5b21dd0 GCTaskThread "GC Thread#3" [stack: 0x0000007ed9400000,0x0000007ed9500000] [id=18776]
  0x0000022fc5b230a0 GCTaskThread "GC Thread#4" [stack: 0x0000007ed9500000,0x0000007ed9600000] [id=11564]
  0x0000022fc5b22b40 GCTaskThread "GC Thread#5" [stack: 0x0000007ed9600000,0x0000007ed9700000] [id=12344]
  0x0000022fc5b21870 GCTaskThread "GC Thread#6" [stack: 0x0000007ed9800000,0x0000007ed9900000] [id=17412]
  0x0000022fc5b22080 GCTaskThread "GC Thread#7" [stack: 0x0000007ed9900000,0x0000007ed9a00000] [id=20644]
  0x0000022fc5b21b20 GCTaskThread "GC Thread#8" [stack: 0x0000007ed9a00000,0x0000007ed9b00000] [id=8300]
  0x0000022fc5b225e0 GCTaskThread "GC Thread#9" [stack: 0x0000007ed9b00000,0x0000007ed9c00000] [id=10744]
  0x0000022fa748de10 ConcurrentGCThread "G1 Main Marker" [stack: 0x0000007ed7c00000,0x0000007ed7d00000] [id=2364]
  0x0000022fa748e820 ConcurrentGCThread "G1 Conc#0" [stack: 0x0000007ed7d00000,0x0000007ed7e00000] [id=22412]
  0x0000022fc708b540 ConcurrentGCThread "G1 Conc#1" [stack: 0x0000007ed9700000,0x0000007ed9800000] [id=17724]
  0x0000022fc7089a60 ConcurrentGCThread "G1 Conc#2" [stack: 0x0000007ed9c00000,0x0000007ed9d00000] [id=17984]
  0x0000022fa74fdc90 ConcurrentGCThread "G1 Refine#0" [stack: 0x0000007ed7e00000,0x0000007ed7f00000] [id=14808]
  0x0000022fa74fe6b0 ConcurrentGCThread "G1 Service" [stack: 0x0000007ed7f00000,0x0000007ed8000000] [id=22100]

Threads with active compile tasks:
C2 CompilerThread0   218440 7740       4       java.lang.invoke.MethodType::makeImpl (109 bytes)

VM state: not at safepoint (normal execution)

VM Mutex/Monitor currently owned by a thread: None

Heap address: 0x00000000a2c00000, size: 1492 MB, Compressed Oops mode: 32-bit

CDS archive(s) mapped at: [0x0000000800000000-0x0000000800bc0000-0x0000000800bc0000), size 12320768, SharedBaseAddress: 0x0000000800000000, ArchiveRelocationMode: 0.
Compressed class space mapped at: 0x0000000800c00000-0x0000000840c00000, reserved size: 1073741824
Narrow klass base: 0x0000000800000000, Narrow klass shift: 0, Narrow klass range: 0x100000000

GC Precious Log:
 CPUs: 12 total, 12 available
 Memory: 5966M
 Large Page Support: Disabled
 NUMA Support: Disabled
 Compressed Oops: Enabled (32-bit)
 Heap Region Size: 1M
 Heap Min Capacity: 8M
 Heap Initial Capacity: 94M
 Heap Max Capacity: 1492M
 Pre-touch: Disabled
 Parallel Workers: 10
 Concurrent Workers: 3
 Concurrent Refinement Workers: 10
 Periodic GC: Disabled

Heap:
 garbage-first heap   total 188416K, used 63832K [0x00000000a2c00000, 0x0000000100000000)
  region size 1024K, 9 young (9216K), 5 survivors (5120K)
 Metaspace       used 69130K, committed 69696K, reserved 1114112K
  class space    used 9194K, committed 9472K, reserved 1048576K

Heap Regions: E=young(eden), S=young(survivor), O=old, HS=humongous(starts), HC=humongous(continues), CS=collection set, F=free, OA=open archive, CA=closed archive, TAMS=top-at-mark-start (previous, next)
|   0|0x00000000a2c00000, 0x00000000a2d00000, 0x00000000a2d00000|100%|HS|  |TAMS 0x00000000a2d00000, 0x00000000a2c00000| Complete 
|   1|0x00000000a2d00000, 0x00000000a2e00000, 0x00000000a2e00000|100%| O|  |TAMS 0x00000000a2e00000, 0x00000000a2d00000| Untracked 
|   2|0x00000000a2e00000, 0x00000000a2f00000, 0x00000000a2f00000|100%| O|  |TAMS 0x00000000a2f00000, 0x00000000a2e00000| Untracked 
|   3|0x00000000a2f00000, 0x00000000a3000000, 0x00000000a3000000|100%| O|  |TAMS 0x00000000a3000000, 0x00000000a2f00000| Untracked 
|   4|0x00000000a3000000, 0x00000000a3100000, 0x00000000a3100000|100%| O|  |TAMS 0x00000000a3100000, 0x00000000a3000000| Untracked 
|   5|0x00000000a3100000, 0x00000000a3200000, 0x00000000a3200000|100%| O|  |TAMS 0x00000000a3200000, 0x00000000a3100000| Untracked 
|   6|0x00000000a3200000, 0x00000000a3300000, 0x00000000a3300000|100%| O|  |TAMS 0x00000000a3300000, 0x00000000a3200000| Untracked 
|   7|0x00000000a3300000, 0x00000000a3400000, 0x00000000a3400000|100%| O|  |TAMS 0x00000000a3400000, 0x00000000a3300000| Untracked 
|   8|0x00000000a3400000, 0x00000000a3500000, 0x00000000a3500000|100%| O|  |TAMS 0x00000000a3500000, 0x00000000a3400000| Untracked 
|   9|0x00000000a3500000, 0x00000000a3600000, 0x00000000a3600000|100%| O|  |TAMS 0x00000000a3600000, 0x00000000a3500000| Untracked 
|  10|0x00000000a3600000, 0x00000000a369c800, 0x00000000a3700000| 61%| O|  |TAMS 0x00000000a369c800, 0x00000000a3600000| Untracked 
|  11|0x00000000a3700000, 0x00000000a3800000, 0x00000000a3800000|100%| O|  |TAMS 0x00000000a3800000, 0x00000000a3700000| Untracked 
|  12|0x00000000a3800000, 0x00000000a3900000, 0x00000000a3900000|100%| O|  |TAMS 0x00000000a3900000, 0x00000000a3800000| Untracked 
|  13|0x00000000a3900000, 0x00000000a3a00000, 0x00000000a3a00000|100%| O|  |TAMS 0x00000000a3a00000, 0x00000000a3900000| Untracked 
|  14|0x00000000a3a00000, 0x00000000a3b00000, 0x00000000a3b00000|100%| O|  |TAMS 0x00000000a3b00000, 0x00000000a3a00000| Untracked 
|  15|0x00000000a3b00000, 0x00000000a3c00000, 0x00000000a3c00000|100%| O|  |TAMS 0x00000000a3c00000, 0x00000000a3b00000| Untracked 
|  16|0x00000000a3c00000, 0x00000000a3d00000, 0x00000000a3d00000|100%| O|  |TAMS 0x00000000a3d00000, 0x00000000a3c00000| Untracked 
|  17|0x00000000a3d00000, 0x00000000a3e00000, 0x00000000a3e00000|100%| O|  |TAMS 0x00000000a3e00000, 0x00000000a3d00000| Untracked 
|  18|0x00000000a3e00000, 0x00000000a3f00000, 0x00000000a3f00000|100%| O|  |TAMS 0x00000000a3f00000, 0x00000000a3e00000| Untracked 
|  19|0x00000000a3f00000, 0x00000000a4000000, 0x00000000a4000000|100%| O|  |TAMS 0x00000000a4000000, 0x00000000a3f00000| Untracked 
|  20|0x00000000a4000000, 0x00000000a4100000, 0x00000000a4100000|100%| O|  |TAMS 0x00000000a4100000, 0x00000000a4000000| Untracked 
|  21|0x00000000a4100000, 0x00000000a4200000, 0x00000000a4200000|100%| O|  |TAMS 0x00000000a4200000, 0x00000000a4100000| Untracked 
|  22|0x00000000a4200000, 0x00000000a4300000, 0x00000000a4300000|100%| O|  |TAMS 0x00000000a4300000, 0x00000000a4200000| Untracked 
|  23|0x00000000a4300000, 0x00000000a4400000, 0x00000000a4400000|100%| O|  |TAMS 0x00000000a4400000, 0x00000000a4300000| Untracked 
|  24|0x00000000a4400000, 0x00000000a4500000, 0x00000000a4500000|100%| O|  |TAMS 0x00000000a4500000, 0x00000000a4400000| Untracked 
|  25|0x00000000a4500000, 0x00000000a4600000, 0x00000000a4600000|100%| O|  |TAMS 0x00000000a4600000, 0x00000000a4500000| Untracked 
|  26|0x00000000a4600000, 0x00000000a4700000, 0x00000000a4700000|100%| O|  |TAMS 0x00000000a4700000, 0x00000000a4600000| Untracked 
|  27|0x00000000a4700000, 0x00000000a4800000, 0x00000000a4800000|100%| O|  |TAMS 0x00000000a4800000, 0x00000000a4700000| Untracked 
|  28|0x00000000a4800000, 0x00000000a4900000, 0x00000000a4900000|100%| O|  |TAMS 0x00000000a4900000, 0x00000000a4800000| Untracked 
|  29|0x00000000a4900000, 0x00000000a4a00000, 0x00000000a4a00000|100%| O|  |TAMS 0x00000000a4a00000, 0x00000000a4900000| Untracked 
|  30|0x00000000a4a00000, 0x00000000a4b00000, 0x00000000a4b00000|100%| O|  |TAMS 0x00000000a4b00000, 0x00000000a4a00000| Untracked 
|  31|0x00000000a4b00000, 0x00000000a4c00000, 0x00000000a4c00000|100%| O|  |TAMS 0x00000000a4c00000, 0x00000000a4b00000| Untracked 
|  32|0x00000000a4c00000, 0x00000000a4d00000, 0x00000000a4d00000|100%| O|  |TAMS 0x00000000a4d00000, 0x00000000a4c00000| Untracked 
|  33|0x00000000a4d00000, 0x00000000a4e00000, 0x00000000a4e00000|100%| O|  |TAMS 0x00000000a4e00000, 0x00000000a4d00000| Untracked 
|  34|0x00000000a4e00000, 0x00000000a4f00000, 0x00000000a4f00000|100%| O|  |TAMS 0x00000000a4f00000, 0x00000000a4e00000| Untracked 
|  35|0x00000000a4f00000, 0x00000000a5000000, 0x00000000a5000000|100%| O|  |TAMS 0x00000000a4f00000, 0x00000000a4f00000| Untracked 
|  36|0x00000000a5000000, 0x00000000a5100000, 0x00000000a5100000|100%|HS|  |TAMS 0x00000000a5100000, 0x00000000a5000000| Complete 
|  37|0x00000000a5100000, 0x00000000a5100000, 0x00000000a5200000|  0%| F|  |TAMS 0x00000000a5100000, 0x00000000a5100000| Untracked 
|  38|0x00000000a5200000, 0x00000000a5300000, 0x00000000a5300000|100%| O|  |TAMS 0x00000000a5200000, 0x00000000a5200000| Untracked 
|  39|0x00000000a5300000, 0x00000000a5300000, 0x00000000a5400000|  0%| F|  |TAMS 0x00000000a5300000, 0x00000000a5300000| Untracked 
|  40|0x00000000a5400000, 0x00000000a5400000, 0x00000000a5500000|  0%| F|  |TAMS 0x00000000a5400000, 0x00000000a5400000| Untracked 
|  41|0x00000000a5500000, 0x00000000a5500000, 0x00000000a5600000|  0%| F|  |TAMS 0x00000000a5500000, 0x00000000a5500000| Untracked 
|  42|0x00000000a5600000, 0x00000000a5600000, 0x00000000a5700000|  0%| F|  |TAMS 0x00000000a5600000, 0x00000000a5600000| Untracked 
|  43|0x00000000a5700000, 0x00000000a5700000, 0x00000000a5800000|  0%| F|  |TAMS 0x00000000a5700000, 0x00000000a5700000| Untracked 
|  44|0x00000000a5800000, 0x00000000a5800000, 0x00000000a5900000|  0%| F|  |TAMS 0x00000000a5800000, 0x00000000a5800000| Untracked 
|  45|0x00000000a5900000, 0x00000000a5a00000, 0x00000000a5a00000|100%| O|  |TAMS 0x00000000a5a00000, 0x00000000a5900000| Untracked 
|  46|0x00000000a5a00000, 0x00000000a5b00000, 0x00000000a5b00000|100%| O|  |TAMS 0x00000000a5b00000, 0x00000000a5a00000| Untracked 
|  47|0x00000000a5b00000, 0x00000000a5b00000, 0x00000000a5c00000|  0%| F|  |TAMS 0x00000000a5b00000, 0x00000000a5b00000| Untracked 
|  48|0x00000000a5c00000, 0x00000000a5d00000, 0x00000000a5d00000|100%| O|  |TAMS 0x00000000a5d00000, 0x00000000a5c00000| Untracked 
|  49|0x00000000a5d00000, 0x00000000a5e00000, 0x00000000a5e00000|100%| O|  |TAMS 0x00000000a5e00000, 0x00000000a5d00000| Untracked 
|  50|0x00000000a5e00000, 0x00000000a5f00000, 0x00000000a5f00000|100%| O|  |TAMS 0x00000000a5f00000, 0x00000000a5e00000| Untracked 
|  51|0x00000000a5f00000, 0x00000000a6000000, 0x00000000a6000000|100%| O|  |TAMS 0x00000000a6000000, 0x00000000a5f00000| Untracked 
|  52|0x00000000a6000000, 0x00000000a6100000, 0x00000000a6100000|100%| O|  |TAMS 0x00000000a6100000, 0x00000000a6000000| Untracked 
|  53|0x00000000a6100000, 0x00000000a6200000, 0x00000000a6200000|100%| O|  |TAMS 0x00000000a6200000, 0x00000000a6100000| Untracked 
|  54|0x00000000a6200000, 0x00000000a6300000, 0x00000000a6300000|100%| O|  |TAMS 0x00000000a6300000, 0x00000000a6200000| Untracked 
|  55|0x00000000a6300000, 0x00000000a6400000, 0x00000000a6400000|100%| O|  |TAMS 0x00000000a6374600, 0x00000000a6300000| Untracked 
|  56|0x00000000a6400000, 0x00000000a6500000, 0x00000000a6500000|100%| O|  |TAMS 0x00000000a6400000, 0x00000000a6400000| Untracked 
|  57|0x00000000a6500000, 0x00000000a6600000, 0x00000000a6600000|100%| O|  |TAMS 0x00000000a6500000, 0x00000000a6500000| Untracked 
|  58|0x00000000a6600000, 0x00000000a6700000, 0x00000000a6700000|100%| O|  |TAMS 0x00000000a6600000, 0x00000000a6600000| Untracked 
|  59|0x00000000a6700000, 0x00000000a6800000, 0x00000000a6800000|100%| O|  |TAMS 0x00000000a6700000, 0x00000000a6700000| Untracked 
|  60|0x00000000a6800000, 0x00000000a6900000, 0x00000000a6900000|100%| O|  |TAMS 0x00000000a6800000, 0x00000000a6800000| Untracked 
|  61|0x00000000a6900000, 0x00000000a6a00000, 0x00000000a6a00000|100%| O|  |TAMS 0x00000000a6900000, 0x00000000a6900000| Untracked 
|  62|0x00000000a6a00000, 0x00000000a6b00000, 0x00000000a6b00000|100%| O|  |TAMS 0x00000000a6a00000, 0x00000000a6a00000| Untracked 
|  63|0x00000000a6b00000, 0x00000000a6b3c200, 0x00000000a6c00000| 23%| O|  |TAMS 0x00000000a6b00000, 0x00000000a6b00000| Untracked 
|  64|0x00000000a6c00000, 0x00000000a6c00000, 0x00000000a6d00000|  0%| F|  |TAMS 0x00000000a6c00000, 0x00000000a6c00000| Untracked 
|  65|0x00000000a6d00000, 0x00000000a6d00000, 0x00000000a6e00000|  0%| F|  |TAMS 0x00000000a6d00000, 0x00000000a6d00000| Untracked 
|  66|0x00000000a6e00000, 0x00000000a6e00000, 0x00000000a6f00000|  0%| F|  |TAMS 0x00000000a6e00000, 0x00000000a6e00000| Untracked 
|  67|0x00000000a6f00000, 0x00000000a6f00000, 0x00000000a7000000|  0%| F|  |TAMS 0x00000000a6f00000, 0x00000000a6f00000| Untracked 
|  68|0x00000000a7000000, 0x00000000a7000000, 0x00000000a7100000|  0%| F|  |TAMS 0x00000000a7000000, 0x00000000a7000000| Untracked 
|  69|0x00000000a7100000, 0x00000000a7100000, 0x00000000a7200000|  0%| F|  |TAMS 0x00000000a7100000, 0x00000000a7100000| Untracked 
|  70|0x00000000a7200000, 0x00000000a7200000, 0x00000000a7300000|  0%| F|  |TAMS 0x00000000a7200000, 0x00000000a7200000| Untracked 
|  71|0x00000000a7300000, 0x00000000a7300000, 0x00000000a7400000|  0%| F|  |TAMS 0x00000000a7300000, 0x00000000a7300000| Untracked 
|  72|0x00000000a7400000, 0x00000000a7400000, 0x00000000a7500000|  0%| F|  |TAMS 0x00000000a7400000, 0x00000000a7400000| Untracked 
|  73|0x00000000a7500000, 0x00000000a7500000, 0x00000000a7600000|  0%| F|  |TAMS 0x00000000a7500000, 0x00000000a7500000| Untracked 
|  74|0x00000000a7600000, 0x00000000a7600000, 0x00000000a7700000|  0%| F|  |TAMS 0x00000000a7600000, 0x00000000a7600000| Untracked 
|  75|0x00000000a7700000, 0x00000000a7700000, 0x00000000a7800000|  0%| F|  |TAMS 0x00000000a7700000, 0x00000000a7700000| Untracked 
|  76|0x00000000a7800000, 0x00000000a7800000, 0x00000000a7900000|  0%| F|  |TAMS 0x00000000a7800000, 0x00000000a7800000| Untracked 
|  77|0x00000000a7900000, 0x00000000a7900000, 0x00000000a7a00000|  0%| F|  |TAMS 0x00000000a7900000, 0x00000000a7900000| Untracked 
|  78|0x00000000a7a00000, 0x00000000a7a00000, 0x00000000a7b00000|  0%| F|  |TAMS 0x00000000a7a00000, 0x00000000a7a00000| Untracked 
|  79|0x00000000a7b00000, 0x00000000a7b00000, 0x00000000a7c00000|  0%| F|  |TAMS 0x00000000a7b00000, 0x00000000a7b00000| Untracked 
|  80|0x00000000a7c00000, 0x00000000a7c00000, 0x00000000a7d00000|  0%| F|  |TAMS 0x00000000a7c00000, 0x00000000a7c00000| Untracked 
|  81|0x00000000a7d00000, 0x00000000a7d00000, 0x00000000a7e00000|  0%| F|  |TAMS 0x00000000a7d00000, 0x00000000a7d00000| Untracked 
|  82|0x00000000a7e00000, 0x00000000a7e00000, 0x00000000a7f00000|  0%| F|  |TAMS 0x00000000a7e00000, 0x00000000a7e00000| Untracked 
|  83|0x00000000a7f00000, 0x00000000a7f00000, 0x00000000a8000000|  0%| F|  |TAMS 0x00000000a7f00000, 0x00000000a7f00000| Untracked 
|  84|0x00000000a8000000, 0x00000000a8000000, 0x00000000a8100000|  0%| F|  |TAMS 0x00000000a8000000, 0x00000000a8000000| Untracked 
|  85|0x00000000a8100000, 0x00000000a8100000, 0x00000000a8200000|  0%| F|  |TAMS 0x00000000a8100000, 0x00000000a8100000| Untracked 
|  86|0x00000000a8200000, 0x00000000a8200000, 0x00000000a8300000|  0%| F|  |TAMS 0x00000000a8200000, 0x00000000a8200000| Untracked 
|  87|0x00000000a8300000, 0x00000000a8300000, 0x00000000a8400000|  0%| F|  |TAMS 0x00000000a8300000, 0x00000000a8300000| Untracked 
|  88|0x00000000a8400000, 0x00000000a8400000, 0x00000000a8500000|  0%| F|  |TAMS 0x00000000a8400000, 0x00000000a8400000| Untracked 
|  89|0x00000000a8500000, 0x00000000a8500000, 0x00000000a8600000|  0%| F|  |TAMS 0x00000000a8500000, 0x00000000a8500000| Untracked 
|  90|0x00000000a8600000, 0x00000000a8600000, 0x00000000a8700000|  0%| F|  |TAMS 0x00000000a8600000, 0x00000000a8600000| Untracked 
|  91|0x00000000a8700000, 0x00000000a8700000, 0x00000000a8800000|  0%| F|  |TAMS 0x00000000a8700000, 0x00000000a8700000| Untracked 
|  92|0x00000000a8800000, 0x00000000a8800000, 0x00000000a8900000|  0%| F|  |TAMS 0x00000000a8800000, 0x00000000a8800000| Untracked 
|  93|0x00000000a8900000, 0x00000000a8900000, 0x00000000a8a00000|  0%| F|  |TAMS 0x00000000a8900000, 0x00000000a8900000| Untracked 
|  94|0x00000000a8a00000, 0x00000000a8a00000, 0x00000000a8b00000|  0%| F|  |TAMS 0x00000000a8a00000, 0x00000000a8a00000| Untracked 
|  95|0x00000000a8b00000, 0x00000000a8b00000, 0x00000000a8c00000|  0%| F|  |TAMS 0x00000000a8b00000, 0x00000000a8b00000| Untracked 
|  96|0x00000000a8c00000, 0x00000000a8c00000, 0x00000000a8d00000|  0%| F|  |TAMS 0x00000000a8c00000, 0x00000000a8c00000| Untracked 
|  97|0x00000000a8d00000, 0x00000000a8d00000, 0x00000000a8e00000|  0%| F|  |TAMS 0x00000000a8d00000, 0x00000000a8d00000| Untracked 
|  98|0x00000000a8e00000, 0x00000000a8e00000, 0x00000000a8f00000|  0%| F|  |TAMS 0x00000000a8e00000, 0x00000000a8e00000| Untracked 
|  99|0x00000000a8f00000, 0x00000000a8f00000, 0x00000000a9000000|  0%| F|  |TAMS 0x00000000a8f00000, 0x00000000a8f00000| Untracked 
| 100|0x00000000a9000000, 0x00000000a9000000, 0x00000000a9100000|  0%| F|  |TAMS 0x00000000a9000000, 0x00000000a9000000| Untracked 
| 101|0x00000000a9100000, 0x00000000a9100000, 0x00000000a9200000|  0%| F|  |TAMS 0x00000000a9100000, 0x00000000a9100000| Untracked 
| 102|0x00000000a9200000, 0x00000000a9200000, 0x00000000a9300000|  0%| F|  |TAMS 0x00000000a9200000, 0x00000000a9200000| Untracked 
| 103|0x00000000a9300000, 0x00000000a9300000, 0x00000000a9400000|  0%| F|  |TAMS 0x00000000a9300000, 0x00000000a9300000| Untracked 
| 104|0x00000000a9400000, 0x00000000a9400000, 0x00000000a9500000|  0%| F|  |TAMS 0x00000000a9400000, 0x00000000a9400000| Untracked 
| 105|0x00000000a9500000, 0x00000000a9500000, 0x00000000a9600000|  0%| F|  |TAMS 0x00000000a9500000, 0x00000000a9500000| Untracked 
| 106|0x00000000a9600000, 0x00000000a9600000, 0x00000000a9700000|  0%| F|  |TAMS 0x00000000a9600000, 0x00000000a9600000| Untracked 
| 107|0x00000000a9700000, 0x00000000a9700000, 0x00000000a9800000|  0%| F|  |TAMS 0x00000000a9700000, 0x00000000a9700000| Untracked 
| 108|0x00000000a9800000, 0x00000000a9800000, 0x00000000a9900000|  0%| F|  |TAMS 0x00000000a9800000, 0x00000000a9800000| Untracked 
| 109|0x00000000a9900000, 0x00000000a9900000, 0x00000000a9a00000|  0%| F|  |TAMS 0x00000000a9900000, 0x00000000a9900000| Untracked 
| 110|0x00000000a9a00000, 0x00000000a9a7d7d0, 0x00000000a9b00000| 49%| S|CS|TAMS 0x00000000a9a00000, 0x00000000a9a00000| Complete 
| 111|0x00000000a9b00000, 0x00000000a9c00000, 0x00000000a9c00000|100%| S|CS|TAMS 0x00000000a9b00000, 0x00000000a9b00000| Complete 
| 112|0x00000000a9c00000, 0x00000000a9d00000, 0x00000000a9d00000|100%| S|CS|TAMS 0x00000000a9c00000, 0x00000000a9c00000| Complete 
| 113|0x00000000a9d00000, 0x00000000a9e00000, 0x00000000a9e00000|100%| S|CS|TAMS 0x00000000a9d00000, 0x00000000a9d00000| Complete 
| 114|0x00000000a9e00000, 0x00000000a9f00000, 0x00000000a9f00000|100%| S|CS|TAMS 0x00000000a9e00000, 0x00000000a9e00000| Complete 
| 115|0x00000000a9f00000, 0x00000000a9f00000, 0x00000000aa000000|  0%| F|  |TAMS 0x00000000a9f00000, 0x00000000a9f00000| Untracked 
| 116|0x00000000aa000000, 0x00000000aa000000, 0x00000000aa100000|  0%| F|  |TAMS 0x00000000aa000000, 0x00000000aa000000| Untracked 
| 117|0x00000000aa100000, 0x00000000aa100000, 0x00000000aa200000|  0%| F|  |TAMS 0x00000000aa100000, 0x00000000aa100000| Untracked 
| 118|0x00000000aa200000, 0x00000000aa200000, 0x00000000aa300000|  0%| F|  |TAMS 0x00000000aa200000, 0x00000000aa200000| Untracked 
| 119|0x00000000aa300000, 0x00000000aa300000, 0x00000000aa400000|  0%| F|  |TAMS 0x00000000aa300000, 0x00000000aa300000| Untracked 
| 120|0x00000000aa400000, 0x00000000aa400000, 0x00000000aa500000|  0%| F|  |TAMS 0x00000000aa400000, 0x00000000aa400000| Untracked 
| 121|0x00000000aa500000, 0x00000000aa500000, 0x00000000aa600000|  0%| F|  |TAMS 0x00000000aa500000, 0x00000000aa500000| Untracked 
| 122|0x00000000aa600000, 0x00000000aa600000, 0x00000000aa700000|  0%| F|  |TAMS 0x00000000aa600000, 0x00000000aa600000| Untracked 
| 123|0x00000000aa700000, 0x00000000aa700000, 0x00000000aa800000|  0%| F|  |TAMS 0x00000000aa700000, 0x00000000aa700000| Untracked 
| 124|0x00000000aa800000, 0x00000000aa800000, 0x00000000aa900000|  0%| F|  |TAMS 0x00000000aa800000, 0x00000000aa800000| Untracked 
| 125|0x00000000aa900000, 0x00000000aa900000, 0x00000000aaa00000|  0%| F|  |TAMS 0x00000000aa900000, 0x00000000aa900000| Untracked 
| 126|0x00000000aaa00000, 0x00000000aaa00000, 0x00000000aab00000|  0%| F|  |TAMS 0x00000000aaa00000, 0x00000000aaa00000| Untracked 
| 127|0x00000000aab00000, 0x00000000aab00000, 0x00000000aac00000|  0%| F|  |TAMS 0x00000000aab00000, 0x00000000aab00000| Untracked 
| 128|0x00000000aac00000, 0x00000000aac00000, 0x00000000aad00000|  0%| F|  |TAMS 0x00000000aac00000, 0x00000000aac00000| Untracked 
| 129|0x00000000aad00000, 0x00000000aad00000, 0x00000000aae00000|  0%| F|  |TAMS 0x00000000aad00000, 0x00000000aad00000| Untracked 
| 130|0x00000000aae00000, 0x00000000aae00000, 0x00000000aaf00000|  0%| F|  |TAMS 0x00000000aae00000, 0x00000000aae00000| Untracked 
| 131|0x00000000aaf00000, 0x00000000aaf00000, 0x00000000ab000000|  0%| F|  |TAMS 0x00000000aaf00000, 0x00000000aaf00000| Untracked 
| 132|0x00000000ab000000, 0x00000000ab000000, 0x00000000ab100000|  0%| F|  |TAMS 0x00000000ab000000, 0x00000000ab000000| Untracked 
| 133|0x00000000ab100000, 0x00000000ab100000, 0x00000000ab200000|  0%| F|  |TAMS 0x00000000ab100000, 0x00000000ab100000| Untracked 
| 134|0x00000000ab200000, 0x00000000ab200000, 0x00000000ab300000|  0%| F|  |TAMS 0x00000000ab200000, 0x00000000ab200000| Untracked 
| 135|0x00000000ab300000, 0x00000000ab300000, 0x00000000ab400000|  0%| F|  |TAMS 0x00000000ab300000, 0x00000000ab300000| Untracked 
| 136|0x00000000ab400000, 0x00000000ab400000, 0x00000000ab500000|  0%| F|  |TAMS 0x00000000ab400000, 0x00000000ab400000| Untracked 
| 137|0x00000000ab500000, 0x00000000ab500000, 0x00000000ab600000|  0%| F|  |TAMS 0x00000000ab500000, 0x00000000ab500000| Untracked 
| 138|0x00000000ab600000, 0x00000000ab600000, 0x00000000ab700000|  0%| F|  |TAMS 0x00000000ab600000, 0x00000000ab600000| Untracked 
| 139|0x00000000ab700000, 0x00000000ab700000, 0x00000000ab800000|  0%| F|  |TAMS 0x00000000ab700000, 0x00000000ab700000| Untracked 
| 140|0x00000000ab800000, 0x00000000ab800000, 0x00000000ab900000|  0%| F|  |TAMS 0x00000000ab800000, 0x00000000ab800000| Untracked 
| 141|0x00000000ab900000, 0x00000000ab900000, 0x00000000aba00000|  0%| F|  |TAMS 0x00000000ab900000, 0x00000000ab900000| Untracked 
| 142|0x00000000aba00000, 0x00000000aba00000, 0x00000000abb00000|  0%| F|  |TAMS 0x00000000aba00000, 0x00000000aba00000| Untracked 
| 143|0x00000000abb00000, 0x00000000abb00000, 0x00000000abc00000|  0%| F|  |TAMS 0x00000000abb00000, 0x00000000abb00000| Untracked 
| 144|0x00000000abc00000, 0x00000000abc00000, 0x00000000abd00000|  0%| F|  |TAMS 0x00000000abc00000, 0x00000000abc00000| Untracked 
| 145|0x00000000abd00000, 0x00000000abd00000, 0x00000000abe00000|  0%| F|  |TAMS 0x00000000abd00000, 0x00000000abd00000| Untracked 
| 146|0x00000000abe00000, 0x00000000abe00000, 0x00000000abf00000|  0%| F|  |TAMS 0x00000000abe00000, 0x00000000abe00000| Untracked 
| 147|0x00000000abf00000, 0x00000000abf00000, 0x00000000ac000000|  0%| F|  |TAMS 0x00000000abf00000, 0x00000000abf00000| Untracked 
| 148|0x00000000ac000000, 0x00000000ac000000, 0x00000000ac100000|  0%| F|  |TAMS 0x00000000ac000000, 0x00000000ac000000| Untracked 
| 149|0x00000000ac100000, 0x00000000ac100000, 0x00000000ac200000|  0%| F|  |TAMS 0x00000000ac100000, 0x00000000ac100000| Untracked 
| 150|0x00000000ac200000, 0x00000000ac200000, 0x00000000ac300000|  0%| F|  |TAMS 0x00000000ac200000, 0x00000000ac200000| Untracked 
| 151|0x00000000ac300000, 0x00000000ac300000, 0x00000000ac400000|  0%| F|  |TAMS 0x00000000ac300000, 0x00000000ac300000| Untracked 
| 152|0x00000000ac400000, 0x00000000ac400000, 0x00000000ac500000|  0%| F|  |TAMS 0x00000000ac400000, 0x00000000ac400000| Untracked 
| 153|0x00000000ac500000, 0x00000000ac500000, 0x00000000ac600000|  0%| F|  |TAMS 0x00000000ac500000, 0x00000000ac500000| Untracked 
| 154|0x00000000ac600000, 0x00000000ac600000, 0x00000000ac700000|  0%| F|  |TAMS 0x00000000ac600000, 0x00000000ac600000| Untracked 
| 155|0x00000000ac700000, 0x00000000ac700000, 0x00000000ac800000|  0%| F|  |TAMS 0x00000000ac700000, 0x00000000ac700000| Untracked 
| 156|0x00000000ac800000, 0x00000000ac800000, 0x00000000ac900000|  0%| F|  |TAMS 0x00000000ac800000, 0x00000000ac800000| Untracked 
| 157|0x00000000ac900000, 0x00000000ac900000, 0x00000000aca00000|  0%| F|  |TAMS 0x00000000ac900000, 0x00000000ac900000| Untracked 
| 158|0x00000000aca00000, 0x00000000aca00000, 0x00000000acb00000|  0%| F|  |TAMS 0x00000000aca00000, 0x00000000aca00000| Untracked 
| 159|0x00000000acb00000, 0x00000000acb00000, 0x00000000acc00000|  0%| F|  |TAMS 0x00000000acb00000, 0x00000000acb00000| Untracked 
| 160|0x00000000acc00000, 0x00000000acc00000, 0x00000000acd00000|  0%| F|  |TAMS 0x00000000acc00000, 0x00000000acc00000| Untracked 
| 161|0x00000000acd00000, 0x00000000acd00000, 0x00000000ace00000|  0%| F|  |TAMS 0x00000000acd00000, 0x00000000acd00000| Untracked 
| 162|0x00000000ace00000, 0x00000000ace00000, 0x00000000acf00000|  0%| F|  |TAMS 0x00000000ace00000, 0x00000000ace00000| Untracked 
| 163|0x00000000acf00000, 0x00000000acf00000, 0x00000000ad000000|  0%| F|  |TAMS 0x00000000acf00000, 0x00000000acf00000| Untracked 
| 164|0x00000000ad000000, 0x00000000ad000000, 0x00000000ad100000|  0%| F|  |TAMS 0x00000000ad000000, 0x00000000ad000000| Untracked 
| 165|0x00000000ad100000, 0x00000000ad100000, 0x00000000ad200000|  0%| F|  |TAMS 0x00000000ad100000, 0x00000000ad100000| Untracked 
| 166|0x00000000ad200000, 0x00000000ad200000, 0x00000000ad300000|  0%| F|  |TAMS 0x00000000ad200000, 0x00000000ad200000| Untracked 
| 167|0x00000000ad300000, 0x00000000ad300000, 0x00000000ad400000|  0%| F|  |TAMS 0x00000000ad300000, 0x00000000ad300000| Untracked 
| 168|0x00000000ad400000, 0x00000000ad400000, 0x00000000ad500000|  0%| F|  |TAMS 0x00000000ad400000, 0x00000000ad400000| Untracked 
| 169|0x00000000ad500000, 0x00000000ad500000, 0x00000000ad600000|  0%| F|  |TAMS 0x00000000ad500000, 0x00000000ad500000| Untracked 
| 170|0x00000000ad600000, 0x00000000ad600000, 0x00000000ad700000|  0%| F|  |TAMS 0x00000000ad600000, 0x00000000ad600000| Untracked 
| 171|0x00000000ad700000, 0x00000000ad700000, 0x00000000ad800000|  0%| F|  |TAMS 0x00000000ad700000, 0x00000000ad700000| Untracked 
| 172|0x00000000ad800000, 0x00000000ad800000, 0x00000000ad900000|  0%| F|  |TAMS 0x00000000ad800000, 0x00000000ad800000| Untracked 
| 173|0x00000000ad900000, 0x00000000ad900000, 0x00000000ada00000|  0%| F|  |TAMS 0x00000000ad900000, 0x00000000ad900000| Untracked 
| 174|0x00000000ada00000, 0x00000000ada00000, 0x00000000adb00000|  0%| F|  |TAMS 0x00000000ada00000, 0x00000000ada00000| Untracked 
| 175|0x00000000adb00000, 0x00000000adb00000, 0x00000000adc00000|  0%| F|  |TAMS 0x00000000adb00000, 0x00000000adb00000| Untracked 
| 176|0x00000000adc00000, 0x00000000adc00000, 0x00000000add00000|  0%| F|  |TAMS 0x00000000adc00000, 0x00000000adc00000| Untracked 
| 177|0x00000000add00000, 0x00000000add00000, 0x00000000ade00000|  0%| F|  |TAMS 0x00000000add00000, 0x00000000add00000| Untracked 
| 178|0x00000000ade00000, 0x00000000ade00000, 0x00000000adf00000|  0%| F|  |TAMS 0x00000000ade00000, 0x00000000ade00000| Untracked 
| 179|0x00000000adf00000, 0x00000000adf00000, 0x00000000ae000000|  0%| F|  |TAMS 0x00000000adf00000, 0x00000000adf00000| Untracked 
| 180|0x00000000ae000000, 0x00000000ae0c4568, 0x00000000ae100000| 76%| E|  |TAMS 0x00000000ae000000, 0x00000000ae000000| Complete 
| 181|0x00000000ae100000, 0x00000000ae200000, 0x00000000ae200000|100%| E|CS|TAMS 0x00000000ae100000, 0x00000000ae100000| Complete 
| 182|0x00000000ae200000, 0x00000000ae300000, 0x00000000ae300000|100%| E|CS|TAMS 0x00000000ae200000, 0x00000000ae200000| Complete 
| 183|0x00000000ae300000, 0x00000000ae400000, 0x00000000ae400000|100%| E|CS|TAMS 0x00000000ae300000, 0x00000000ae300000| Complete 

Card table byte_map: [0x0000022fbe770000,0x0000022fbea60000] _byte_map_base: 0x0000022fbe25a000

Marking Bits (Prev, Next): (CMBitMap*) 0x0000022fa7481a60, (CMBitMap*) 0x0000022fa7481aa0
 Prev Bits: [0x0000022fbed50000, 0x0000022fc04a0000)
 Next Bits: [0x0000022fc04a0000, 0x0000022fc1bf0000)

Polling page: 0x0000022fa5380000

Metaspace:

Usage:
  Non-class:     58.53 MB used.
      Class:      8.98 MB used.
       Both:     67.51 MB used.

Virtual space:
  Non-class space:       64.00 MB reserved,      58.81 MB ( 92%) committed,  8 nodes.
      Class space:        1.00 GB reserved,       9.25 MB ( <1%) committed,  1 nodes.
             Both:        1.06 GB reserved,      68.06 MB (  6%) committed. 

Chunk freelists:
   Non-Class:  614.00 KB
       Class:  2.73 MB
        Both:  3.33 MB

MaxMetaspaceSize: unlimited
CompressedClassSpaceSize: 1.00 GB
Initial GC threshold: 21.00 MB
Current GC threshold: 99.81 MB
CDS: on
MetaspaceReclaimPolicy: balanced
 - commit_granule_bytes: 65536.
 - commit_granule_words: 8192.
 - virtual_space_node_default_size: 1048576.
 - enlarge_chunks_in_place: 1.
 - new_chunks_are_fully_committed: 0.
 - uncommit_free_chunks: 1.
 - use_allocation_guard: 0.
 - handle_deallocations: 1.


Internal statistics:

num_allocs_failed_limit: 9.
num_arena_births: 644.
num_arena_deaths: 0.
num_vsnodes_births: 9.
num_vsnodes_deaths: 0.
num_space_committed: 1089.
num_space_uncommitted: 0.
num_chunks_returned_to_freelist: 9.
num_chunks_taken_from_freelist: 3258.
num_chunk_merges: 9.
num_chunk_splits: 2275.
num_chunks_enlarged: 1731.
num_purges: 0.
num_inconsistent_stats: 0.

CodeHeap 'non-profiled nmethods': size=120000Kb used=5196Kb max_used=5196Kb free=114803Kb
 bounds [0x0000022fb6a00000, 0x0000022fb6f20000, 0x0000022fbdf30000]
CodeHeap 'profiled nmethods': size=120000Kb used=14583Kb max_used=14583Kb free=105416Kb
 bounds [0x0000022faef30000, 0x0000022fafd70000, 0x0000022fb6460000]
CodeHeap 'non-nmethods': size=5760Kb used=1340Kb max_used=1399Kb free=4419Kb
 bounds [0x0000022fb6460000, 0x0000022fb66d0000, 0x0000022fb6a00000]
 total_blobs=7722 nmethods=7049 adapters=582
 compilation: enabled
              stopped_count=0, restarted_count=0
 full_count=0

Compilation events (20 events):
Event: 218.399 Thread 0x0000022fcb026970 7760       4       java.util.concurrent.ConcurrentHashMap$EntryIterator::next (51 bytes)
Event: 218.400 Thread 0x0000022fc480d440 7774       3       java.lang.invoke.MethodTypeForm::findForm (24 bytes)
Event: 218.400 Thread 0x0000022fc480d440 nmethod 7774 0x0000022fafd69410 code [0x0000022fafd695c0, 0x0000022fafd69818]
Event: 218.401 Thread 0x0000022fc480d440 7776       3       java.lang.invoke.MethodType::equals (56 bytes)
Event: 218.402 Thread 0x0000022fc480d440 nmethod 7776 0x0000022fafd69910 code [0x0000022fafd69b40, 0x0000022fafd6a6d8]
Event: 218.403 Thread 0x0000022fcb026970 nmethod 7760 0x0000022fb6f0d490 code [0x0000022fb6f0d620, 0x0000022fb6f0dad8]
Event: 218.403 Thread 0x0000022fcb026970 7775       4       jdk.internal.org.objectweb.asm.ClassReader::readUtf (161 bytes)
Event: 218.404 Thread 0x0000022fc480d440 7778       3       java.util.concurrent.FutureTask::done (1 bytes)
Event: 218.405 Thread 0x0000022fc480d440 nmethod 7778 0x0000022fafd6a890 code [0x0000022fafd6aa20, 0x0000022fafd6ab38]
Event: 218.405 Thread 0x0000022fc480d440 7779       3       java.util.concurrent.ThreadPoolExecutor::runStateLessThan (11 bytes)
Event: 218.405 Thread 0x0000022fc480d440 nmethod 7779 0x0000022fafd6ac10 code [0x0000022fafd6ada0, 0x0000022fafd6aef8]
Event: 218.409 Thread 0x0000022fcb026970 nmethod 7775 0x0000022fb6f0e010 code [0x0000022fb6f0e1a0, 0x0000022fb6f0e918]
Event: 218.409 Thread 0x0000022fcb026970 7761       4       java.util.concurrent.ConcurrentHashMap$EntryIterator::next (5 bytes)
Event: 218.413 Thread 0x0000022fcb026970 nmethod 7761 0x0000022fb6f0ec90 code [0x0000022fb6f0ee20, 0x0000022fb6f0f2d8]
Event: 218.413 Thread 0x0000022fcb026970 7759       4       java.util.HashSet::isEmpty (8 bytes)
Event: 218.414 Thread 0x0000022fcb026970 nmethod 7759 0x0000022fb6f0f510 code [0x0000022fb6f0f680, 0x0000022fb6f0f718]
Event: 218.414 Thread 0x0000022fcb026970 7763       4       java.util.HashMap::remove (26 bytes)
Event: 218.414 Thread 0x0000022fcb026970 nmethod 7763 0x0000022fb6f0f810 code [0x0000022fb6f0f9a0, 0x0000022fb6f0fae8]
Event: 218.415 Thread 0x0000022fcb026970 7781       4       java.util.Properties$LineReader::readLine (584 bytes)
Event: 218.415 Thread 0x0000022fc480d440 7782       3       java.util.regex.Pattern$CharPropertyGreedy::<init> (18 bytes)

GC Heap History (20 events):
Event: 7.754 GC heap before
{Heap before GC invocations=21 (full 0):
 garbage-first heap   total 66560K, used 38323K [0x00000000a2c00000, 0x0000000100000000)
  region size 1024K, 6 young (6144K), 3 survivors (3072K)
 Metaspace       used 60686K, committed 61120K, reserved 1105920K
  class space    used 8133K, committed 8320K, reserved 1048576K
}
Event: 7.757 GC heap after
{Heap after GC invocations=22 (full 0):
 garbage-first heap   total 79872K, used 37561K [0x00000000a2c00000, 0x0000000100000000)
  region size 1024K, 2 young (2048K), 2 survivors (2048K)
 Metaspace       used 60686K, committed 61120K, reserved 1105920K
  class space    used 8133K, committed 8320K, reserved 1048576K
}
Event: 7.885 GC heap before
{Heap before GC invocations=23 (full 0):
 garbage-first heap   total 79872K, used 61113K [0x00000000a2c00000, 0x0000000100000000)
  region size 1024K, 25 young (25600K), 2 survivors (2048K)
 Metaspace       used 60756K, committed 61184K, reserved 1105920K
  class space    used 8133K, committed 8320K, reserved 1048576K
}
Event: 7.890 GC heap after
{Heap after GC invocations=24 (full 0):
 garbage-first heap   total 79872K, used 43753K [0x00000000a2c00000, 0x0000000100000000)
  region size 1024K, 4 young (4096K), 4 survivors (4096K)
 Metaspace       used 60756K, committed 61184K, reserved 1105920K
  class space    used 8133K, committed 8320K, reserved 1048576K
}
Event: 7.997 GC heap before
{Heap before GC invocations=24 (full 0):
 garbage-first heap   total 79872K, used 61161K [0x00000000a2c00000, 0x0000000100000000)
  region size 1024K, 21 young (21504K), 4 survivors (4096K)
 Metaspace       used 60884K, committed 61312K, reserved 1105920K
  class space    used 8144K, committed 8320K, reserved 1048576K
}
Event: 8.004 GC heap after
{Heap after GC invocations=25 (full 0):
 garbage-first heap   total 79872K, used 48160K [0x00000000a2c00000, 0x0000000100000000)
  region size 1024K, 3 young (3072K), 3 survivors (3072K)
 Metaspace       used 60884K, committed 61312K, reserved 1105920K
  class space    used 8144K, committed 8320K, reserved 1048576K
}
Event: 8.033 GC heap before
{Heap before GC invocations=25 (full 0):
 garbage-first heap   total 79872K, used 61472K [0x00000000a2c00000, 0x0000000100000000)
  region size 1024K, 15 young (15360K), 3 survivors (3072K)
 Metaspace       used 60886K, committed 61312K, reserved 1105920K
  class space    used 8144K, committed 8320K, reserved 1048576K
}
Event: 8.038 GC heap after
{Heap after GC invocations=26 (full 0):
 garbage-first heap   total 79872K, used 53147K [0x00000000a2c00000, 0x0000000100000000)
  region size 1024K, 2 young (2048K), 2 survivors (2048K)
 Metaspace       used 60886K, committed 61312K, reserved 1105920K
  class space    used 8144K, committed 8320K, reserved 1048576K
}
Event: 8.084 GC heap before
{Heap before GC invocations=27 (full 0):
 garbage-first heap   total 94208K, used 62363K [0x00000000a2c00000, 0x0000000100000000)
  region size 1024K, 11 young (11264K), 2 survivors (2048K)
 Metaspace       used 60899K, committed 61312K, reserved 1105920K
  class space    used 8144K, committed 8320K, reserved 1048576K
}
Event: 8.087 GC heap after
{Heap after GC invocations=28 (full 0):
 garbage-first heap   total 94208K, used 55745K [0x00000000a2c00000, 0x0000000100000000)
  region size 1024K, 2 young (2048K), 2 survivors (2048K)
 Metaspace       used 60899K, committed 61312K, reserved 1105920K
  class space    used 8144K, committed 8320K, reserved 1048576K
}
Event: 8.096 GC heap before
{Heap before GC invocations=28 (full 0):
 garbage-first heap   total 94208K, used 57793K [0x00000000a2c00000, 0x0000000100000000)
  region size 1024K, 4 young (4096K), 2 survivors (2048K)
 Metaspace       used 60899K, committed 61312K, reserved 1105920K
  class space    used 8144K, committed 8320K, reserved 1048576K
}
Event: 8.098 GC heap after
{Heap after GC invocations=29 (full 0):
 garbage-first heap   total 94208K, used 56095K [0x00000000a2c00000, 0x0000000100000000)
  region size 1024K, 1 young (1024K), 1 survivors (1024K)
 Metaspace       used 60899K, committed 61312K, reserved 1105920K
  class space    used 8144K, committed 8320K, reserved 1048576K
}
Event: 8.167 GC heap before
{Heap before GC invocations=29 (full 0):
 garbage-first heap   total 94208K, used 70431K [0x00000000a2c00000, 0x0000000100000000)
  region size 1024K, 16 young (16384K), 1 survivors (1024K)
 Metaspace       used 60909K, committed 61312K, reserved 1105920K
  class space    used 8144K, committed 8320K, reserved 1048576K
}
Event: 8.170 GC heap after
{Heap after GC invocations=30 (full 0):
 garbage-first heap   total 188416K, used 59335K [0x00000000a2c00000, 0x0000000100000000)
  region size 1024K, 2 young (2048K), 2 survivors (2048K)
 Metaspace       used 60909K, committed 61312K, reserved 1105920K
  class space    used 8144K, committed 8320K, reserved 1048576K
}
Event: 8.492 GC heap before
{Heap before GC invocations=31 (full 0):
 garbage-first heap   total 188416K, used 129991K [0x00000000a2c00000, 0x0000000100000000)
  region size 1024K, 72 young (73728K), 2 survivors (2048K)
 Metaspace       used 61906K, committed 62336K, reserved 1105920K
  class space    used 8260K, committed 8448K, reserved 1048576K
}
Event: 8.499 GC heap after
{Heap after GC invocations=32 (full 0):
 garbage-first heap   total 188416K, used 64279K [0x00000000a2c00000, 0x0000000100000000)
  region size 1024K, 8 young (8192K), 8 survivors (8192K)
 Metaspace       used 61906K, committed 62336K, reserved 1105920K
  class space    used 8260K, committed 8448K, reserved 1048576K
}
Event: 8.544 GC heap before
{Heap before GC invocations=32 (full 0):
 garbage-first heap   total 188416K, used 65303K [0x00000000a2c00000, 0x0000000100000000)
  region size 1024K, 9 young (9216K), 8 survivors (8192K)
 Metaspace       used 61971K, committed 62400K, reserved 1105920K
  class space    used 8268K, committed 8448K, reserved 1048576K
}
Event: 8.549 GC heap after
{Heap after GC invocations=33 (full 0):
 garbage-first heap   total 188416K, used 57186K [0x00000000a2c00000, 0x0000000100000000)
  region size 1024K, 1 young (1024K), 1 survivors (1024K)
 Metaspace       used 61971K, committed 62400K, reserved 1105920K
  class space    used 8268K, committed 8448K, reserved 1048576K
}
Event: 218.310 GC heap before
{Heap before GC invocations=33 (full 0):
 garbage-first heap   total 188416K, used 125794K [0x00000000a2c00000, 0x0000000100000000)
  region size 1024K, 69 young (70656K), 1 survivors (1024K)
 Metaspace       used 68918K, committed 69312K, reserved 1114112K
  class space    used 9161K, committed 9344K, reserved 1048576K
}
Event: 218.330 GC heap after
{Heap after GC invocations=34 (full 0):
 garbage-first heap   total 188416K, used 60760K [0x00000000a2c00000, 0x0000000100000000)
  region size 1024K, 5 young (5120K), 5 survivors (5120K)
 Metaspace       used 68918K, committed 69312K, reserved 1114112K
  class space    used 9161K, committed 9344K, reserved 1048576K
}

Dll operation events (13 events):
Event: 0.008 Loaded shared library C:\Users\max.bonas\.jdks\corretto-17.0.6\bin\java.dll
Event: 0.017 Loaded shared library C:\Users\max.bonas\.jdks\corretto-17.0.6\bin\jsvml.dll
Event: 0.103 Loaded shared library C:\Users\max.bonas\.jdks\corretto-17.0.6\bin\zip.dll
Event: 0.105 Loaded shared library C:\Users\max.bonas\.jdks\corretto-17.0.6\bin\instrument.dll
Event: 0.111 Loaded shared library C:\Users\max.bonas\.jdks\corretto-17.0.6\bin\net.dll
Event: 0.113 Loaded shared library C:\Users\max.bonas\.jdks\corretto-17.0.6\bin\nio.dll
Event: 0.114 Loaded shared library C:\Users\max.bonas\.jdks\corretto-17.0.6\bin\zip.dll
Event: 0.189 Loaded shared library C:\Program Files\JetBrains\IntelliJ IDEA Community Edition 2022.3.2\bin\breakgen64.dll
Event: 0.219 Loaded shared library C:\Users\max.bonas\.jdks\corretto-17.0.6\bin\verify.dll
Event: 0.224 Loaded shared library C:\Users\max.bonas\.jdks\corretto-17.0.6\bin\jimage.dll
Event: 0.611 Loaded shared library C:\Users\max.bonas\.jdks\corretto-17.0.6\bin\management.dll
Event: 0.614 Loaded shared library C:\Users\max.bonas\.jdks\corretto-17.0.6\bin\management_ext.dll
Event: 8.736 Loaded shared library C:\Users\max.bonas\.jdks\corretto-17.0.6\bin\sunmscapi.dll

Deoptimization events (20 events):
Event: 15.988 Thread 0x0000022fc60dfcf0 DEOPT PACKING pc=0x0000022fb6d9ab98 sp=0x0000007edadfadd0
Event: 15.988 Thread 0x0000022fc60dfcf0 DEOPT UNPACKING pc=0x0000022fb64b69a3 sp=0x0000007edadfad60 mode 2
Event: 18.154 Thread 0x0000022fc76c6110 Uncommon trap: trap_request=0xffffff66 fr.pc=0x0000022fb6e71878 relative=0x0000000000004138
Event: 18.154 Thread 0x0000022fc76c6110 Uncommon trap: reason=speculate_class_check action=maybe_recompile pc=0x0000022fb6e71878 method=org.springframework.transaction.interceptor.AbstractFallbackTransactionAttributeSource.getTransactionAttribute(Ljava/lang/reflect/Method;Ljava/lang/Class;)Lorg
Event: 18.154 Thread 0x0000022fc76c6110 DEOPT PACKING pc=0x0000022fb6e71878 sp=0x0000007eda8fb0e0
Event: 18.154 Thread 0x0000022fc76c6110 DEOPT UNPACKING pc=0x0000022fb64b69a3 sp=0x0000007eda8fb0f8 mode 2
Event: 18.209 Thread 0x0000022fc76c6110 Uncommon trap: trap_request=0xffffff6e fr.pc=0x0000022fb6ee1318 relative=0x00000000000004b8
Event: 18.209 Thread 0x0000022fc76c6110 Uncommon trap: reason=loop_limit_check action=maybe_recompile pc=0x0000022fb6ee1318 method=org.attoparser.util.TextUtil.compareTo(Z[CII[CII)I @ 65 c2
Event: 18.209 Thread 0x0000022fc76c6110 DEOPT PACKING pc=0x0000022fb6ee1318 sp=0x0000007eda8fb670
Event: 18.209 Thread 0x0000022fc76c6110 DEOPT UNPACKING pc=0x0000022fb64b69a3 sp=0x0000007eda8fb5e8 mode 2
Event: 49.532 Thread 0x0000022fc76c5770 DEOPT PACKING pc=0x0000022faf98d1da sp=0x0000007ed8ffee20
Event: 49.532 Thread 0x0000022fc76c5770 DEOPT UNPACKING pc=0x0000022fb64b7143 sp=0x0000007ed8ffe288 mode 0
Event: 218.389 Thread 0x0000022fc60dc800 DEOPT PACKING pc=0x0000022fafbacb99 sp=0x0000007ed79fe980
Event: 218.389 Thread 0x0000022fc60dc800 DEOPT UNPACKING pc=0x0000022fb64b7143 sp=0x0000007ed79fde30 mode 0
Event: 218.401 Thread 0x0000022fc60dc800 DEOPT PACKING pc=0x0000022faf17c123 sp=0x0000007ed79fccd0
Event: 218.401 Thread 0x0000022fc60dc800 DEOPT UNPACKING pc=0x0000022fb64b7143 sp=0x0000007ed79fc140 mode 0
Event: 218.414 Thread 0x0000022fc60daff0 Uncommon trap: trap_request=0xffffff45 fr.pc=0x0000022fb6e4bf3c relative=0x0000000000000edc
Event: 218.414 Thread 0x0000022fc60daff0 Uncommon trap: reason=unstable_if action=reinterpret pc=0x0000022fb6e4bf3c method=java.util.Properties$LineReader.readLine()I @ 153 c2
Event: 218.414 Thread 0x0000022fc60daff0 DEOPT PACKING pc=0x0000022fb6e4bf3c sp=0x0000007ed8bfe6a0
Event: 218.414 Thread 0x0000022fc60daff0 DEOPT UNPACKING pc=0x0000022fb64b69a3 sp=0x0000007ed8bfe630 mode 2

Classes unloaded (0 events):
No events

Classes redefined (0 events):
No events

Internal exceptions (20 events):
Event: 8.252 Thread 0x0000022fc76c4dd0 Exception <a 'sun/nio/fs/WindowsException'{0x00000000ad61fad8}> (0x00000000ad61fad8) 
thrown [s\src\hotspot\share\prims\jni.cpp, line 516]
Event: 8.363 Thread 0x0000022fc686b4c0 Exception <a 'java/lang/NoSuchMethodError'{0x00000000aa5c00e8}: 'int java.lang.invoke.DirectMethodHandle$Holder.invokeStaticInit(java.lang.Object, java.lang.Object, java.lang.Object, java.lang.Object)'> (0x00000000aa5c00e8) 
thrown [s\src\hotspot\share\interpreter\linkResolver.cpp, line 759]
Event: 8.570 Thread 0x0000022fc686b4c0 Exception <a 'java/lang/NoSuchMethodError'{0x00000000ae11d470}: 'java.lang.Object java.lang.invoke.DirectMethodHandle$Holder.invokeSpecial(java.lang.Object, java.lang.Object, java.lang.Object, java.lang.Object, int, int)'> (0x00000000ae11d470) 
thrown [s\src\hotspot\share\interpreter\linkResolver.cpp, line 759]
Event: 8.576 Thread 0x0000022fc686b4c0 Exception <a 'java/lang/IncompatibleClassChangeError'{0x00000000ae160f28}: Found class java.lang.Object, but interface was expected> (0x00000000ae160f28) 
thrown [s\src\hotspot\share\interpreter\linkResolver.cpp, line 826]
Event: 8.613 Thread 0x0000022fc686b4c0 Exception <a 'java/lang/ClassNotFoundException'{0x00000000ade3ecc0}: java/lang/ObjectCustomizer> (0x00000000ade3ecc0) 
thrown [s\src\hotspot\share\classfile\systemDictionary.cpp, line 256]
Event: 8.613 Thread 0x0000022fc686b4c0 Exception <a 'java/lang/ClassNotFoundException'{0x00000000ade49f88}: org/springframework/security/config/annotation/web/configuration/WebSecurityConfigurationCustomizer> (0x00000000ade49f88) 
thrown [s\src\hotspot\share\classfile\systemDictionary.cpp, line 256]
Event: 8.614 Thread 0x0000022fc686b4c0 Exception <a 'java/lang/ClassNotFoundException'{0x00000000ade5b6b0}: org/springframework/context/annotation/ImportAwareCustomizer> (0x00000000ade5b6b0) 
thrown [s\src\hotspot\share\classfile\systemDictionary.cpp, line 256]
Event: 8.614 Thread 0x0000022fc686b4c0 Exception <a 'java/lang/ClassNotFoundException'{0x00000000ade62f88}: org/springframework/beans/factory/AwareCustomizer> (0x00000000ade62f88) 
thrown [s\src\hotspot\share\classfile\systemDictionary.cpp, line 256]
Event: 8.614 Thread 0x0000022fc686b4c0 Exception <a 'java/lang/ClassNotFoundException'{0x00000000ade69f98}: org/springframework/beans/factory/BeanClassLoaderAwareCustomizer> (0x00000000ade69f98) 
thrown [s\src\hotspot\share\classfile\systemDictionary.cpp, line 256]
Event: 8.614 Thread 0x0000022fc686b4c0 Exception <a 'java/lang/ClassNotFoundException'{0x00000000ade71850}: org/springframework/beans/factory/AwareCustomizer> (0x00000000ade71850) 
thrown [s\src\hotspot\share\classfile\systemDictionary.cpp, line 256]
Event: 8.701 Thread 0x0000022fc686b4c0 Exception <a 'java/lang/NoSuchMethodError'{0x00000000adbe50a0}: 'java.lang.Object java.lang.invoke.DirectMethodHandle$Holder.invokeSpecial(java.lang.Object, java.lang.Object, int, java.lang.Object, int, java.lang.Object)'> (0x00000000adbe50a0) 
thrown [s\src\hotspot\share\interpreter\linkResolver.cpp, line 759]
Event: 8.701 Thread 0x0000022fc686b4c0 Exception <a 'java/lang/NoSuchMethodError'{0x00000000adbed148}: 'java.lang.Object java.lang.invoke.DirectMethodHandle$Holder.newInvokeSpecial(java.lang.Object, java.lang.Object, int, java.lang.Object, int)'> (0x00000000adbed148) 
thrown [s\src\hotspot\share\interpreter\linkResolver.cpp, line 759]
Event: 8.701 Thread 0x0000022fc686b4c0 Exception <a 'java/lang/NoSuchMethodError'{0x00000000adbf1248}: 'java.lang.Object java.lang.invoke.DirectMethodHandle$Holder.invokeSpecial(java.lang.Object, java.lang.Object, java.lang.Object, int, java.lang.Object, int)'> (0x00000000adbf1248) 
thrown [s\src\hotspot\share\interpreter\linkResolver.cpp, line 759]
Event: 8.702 Thread 0x0000022fc686b4c0 Exception <a 'java/lang/NoSuchMethodError'{0x00000000adbfb000}: 'void java.lang.invoke.DirectMethodHandle$Holder.invokeVirtual(java.lang.Object, java.lang.Object)'> (0x00000000adbfb000) 
thrown [s\src\hotspot\share\interpreter\linkResolver.cpp, line 759]
Event: 15.527 Thread 0x0000022fc60dc330 Exception <a 'java/lang/NoSuchMethodError'{0x00000000ac0eea68}: 'java.lang.Object java.lang.invoke.DirectMethodHandle$Holder.invokeStaticInit(java.lang.Object, java.lang.Object, java.lang.Object, java.lang.Object, java.lang.Object, java.lang.Object)'> (0x00000000ac0eea68) 
thrown [s\src\hotspot\share\interpreter\linkResolver.cpp, line 759]
Event: 15.970 Thread 0x0000022fc76c3f60 Exception <a 'java/lang/NoSuchMethodError'{0x00000000ad264e00}: 'java.lang.Object java.lang.invoke.DirectMethodHandle$Holder.invokeStatic(java.lang.Object, int, int)'> (0x00000000ad264e00) 
thrown [s\src\hotspot\share\interpreter\linkResolver.cpp, line 759]
Event: 15.970 Thread 0x0000022fc60dfcf0 Exception <a 'java/lang/NoSuchMethodError'{0x00000000abbbc090}: 'java.lang.Object java.lang.invoke.DirectMethodHandle$Holder.invokeStatic(java.lang.Object, int, int)'> (0x00000000abbbc090) 
thrown [s\src\hotspot\share\interpreter\linkResolver.cpp, line 759]
Event: 218.370 Thread 0x0000022fc60dc800 Exception <a 'java/lang/NoSuchMethodError'{0x00000000ae373818}: static [Ljava/lang/StackTraceElement;.<clinit>()V> (0x00000000ae373818) 
thrown [s\src\hotspot\share\prims\jni.cpp, line 1107]
Event: 218.381 Thread 0x0000022fc9bceaa0 Exception <a 'java/lang/InterruptedException'{0x00000000ae291040}: sleep interrupted> (0x00000000ae291040) 
thrown [s\src\hotspot\share\prims\jvm.cpp, line 3070]
Event: 218.383 Thread 0x0000022fc76c5770 Exception <a 'java/lang/InterruptedException'{0x00000000ae128010}: sleep interrupted> (0x00000000ae128010) 
thrown [s\src\hotspot\share\prims\jvm.cpp, line 3070]

VM Operations (20 events):
Event: 40.167 Executing VM operation: Cleanup
Event: 40.167 Executing VM operation: Cleanup done
Event: 64.362 Executing VM operation: Cleanup
Event: 64.362 Executing VM operation: Cleanup done
Event: 70.404 Executing VM operation: Cleanup
Event: 70.405 Executing VM operation: Cleanup done
Event: 74.439 Executing VM operation: Cleanup
Event: 74.439 Executing VM operation: Cleanup done
Event: 138.003 Executing VM operation: Cleanup
Event: 138.003 Executing VM operation: Cleanup done
Event: 204.499 Executing VM operation: Cleanup
Event: 204.499 Executing VM operation: Cleanup done
Event: 207.532 Executing VM operation: Cleanup
Event: 207.532 Executing VM operation: Cleanup done
Event: 209.547 Executing VM operation: Cleanup
Event: 209.547 Executing VM operation: Cleanup done
Event: 214.592 Executing VM operation: Cleanup
Event: 214.592 Executing VM operation: Cleanup done
Event: 218.310 Executing VM operation: G1CollectForAllocation
Event: 218.330 Executing VM operation: G1CollectForAllocation done

Events (20 events):
Event: 218.410 loading class javax/net/ssl/SSLSocket
Event: 218.410 loading class javax/net/ssl/SSLSocket done
Event: 218.410 loading class java/security/UnrecoverableKeyException
Event: 218.410 loading class java/security/UnrecoverableEntryException
Event: 218.411 loading class java/security/UnrecoverableEntryException done
Event: 218.411 loading class java/security/UnrecoverableKeyException done
Event: 218.411 loading class java/security/KeyStoreException
Event: 218.411 loading class java/security/KeyStoreException done
Event: 218.411 loading class java/security/KeyManagementException
Event: 218.411 loading class java/security/KeyManagementException done
Event: 218.411 loading class javax/net/ssl/TrustManager
Event: 218.412 loading class javax/net/ssl/TrustManager done
Event: 218.412 loading class java/security/spec/InvalidKeySpecException
Event: 218.412 loading class java/security/spec/InvalidKeySpecException done
Event: 218.412 loading class javax/crypto/NoSuchPaddingException
Event: 218.412 loading class javax/crypto/NoSuchPaddingException done
Event: 218.413 loading class javax/crypto/IllegalBlockSizeException
Event: 218.413 loading class javax/crypto/IllegalBlockSizeException done
Event: 218.413 loading class javax/crypto/BadPaddingException
Event: 218.413 loading class javax/crypto/BadPaddingException done


Dynamic libraries:
0x00007ff7f6be0000 - 0x00007ff7f6bed000 	C:\Users\max.bonas\.jdks\corretto-17.0.6\bin\java.exe
0x00007ffc8e590000 - 0x00007ffc8e788000 	C:\WINDOWS\SYSTEM32\ntdll.dll
0x00007ffc8dcb0000 - 0x00007ffc8dd6f000 	C:\WINDOWS\System32\KERNEL32.DLL
0x00007ffc8c310000 - 0x00007ffc8c5ea000 	C:\WINDOWS\System32\KERNELBASE.dll
0x00007ffc8c210000 - 0x00007ffc8c310000 	C:\WINDOWS\System32\ucrtbase.dll
0x00007ffc80120000 - 0x00007ffc80137000 	C:\Users\max.bonas\.jdks\corretto-17.0.6\bin\jli.dll
0x00007ffc859f0000 - 0x00007ffc85a05000 	C:\Users\max.bonas\.jdks\corretto-17.0.6\bin\VCRUNTIME140.dll
0x00007ffc8c620000 - 0x00007ffc8c7bd000 	C:\WINDOWS\System32\USER32.dll
0x00007ffc8be80000 - 0x00007ffc8bea2000 	C:\WINDOWS\System32\win32u.dll
0x00007ffc644b0000 - 0x00007ffc6474a000 	C:\WINDOWS\WinSxS\amd64_microsoft.windows.common-controls_6595b64144ccf1df_6.0.19041.1110_none_60b5254171f9507e\COMCTL32.dll
0x00007ffc8c9d0000 - 0x00007ffc8c9fb000 	C:\WINDOWS\System32\GDI32.dll
0x00007ffc8ccb0000 - 0x00007ffc8cd4e000 	C:\WINDOWS\System32\msvcrt.dll
0x00007ffc8bf50000 - 0x00007ffc8c060000 	C:\WINDOWS\System32\gdi32full.dll
0x00007ffc8beb0000 - 0x00007ffc8bf4d000 	C:\WINDOWS\System32\msvcp_win.dll
0x00007ffc8cf20000 - 0x00007ffc8cf50000 	C:\WINDOWS\System32\IMM32.DLL
0x00007ffc80020000 - 0x00007ffc800bb000 	C:\Users\max.bonas\.jdks\corretto-17.0.6\bin\msvcp140.dll
0x00007ffc4ac20000 - 0x00007ffc4b838000 	C:\Users\max.bonas\.jdks\corretto-17.0.6\bin\server\jvm.dll
0x00007ffc8ce70000 - 0x00007ffc8cf1e000 	C:\WINDOWS\System32\ADVAPI32.dll
0x00007ffc8ddd0000 - 0x00007ffc8de6c000 	C:\WINDOWS\System32\sechost.dll
0x00007ffc8c7c0000 - 0x00007ffc8c8e6000 	C:\WINDOWS\System32\RPCRT4.dll
0x00007ffc817b0000 - 0x00007ffc817ba000 	C:\WINDOWS\SYSTEM32\VERSION.dll
0x00007ffc8a0e0000 - 0x00007ffc8a107000 	C:\WINDOWS\SYSTEM32\WINMM.dll
0x00007ffc86000000 - 0x00007ffc86009000 	C:\WINDOWS\SYSTEM32\WSOCK32.dll
0x00007ffc8cd50000 - 0x00007ffc8cdbb000 	C:\WINDOWS\System32\WS2_32.dll
0x00007ffc8a470000 - 0x00007ffc8a482000 	C:\WINDOWS\SYSTEM32\kernel.appcore.dll
0x00007ffc850a0000 - 0x00007ffc850aa000 	C:\Users\max.bonas\.jdks\corretto-17.0.6\bin\jimage.dll
0x00007ffc89ed0000 - 0x00007ffc8a0b4000 	C:\WINDOWS\SYSTEM32\DBGHELP.DLL
0x00007ffc89e90000 - 0x00007ffc89ec4000 	C:\WINDOWS\SYSTEM32\dbgcore.DLL
0x00007ffc8c180000 - 0x00007ffc8c202000 	C:\WINDOWS\System32\bcryptPrimitives.dll
0x00007ffc800e0000 - 0x00007ffc800ee000 	C:\Users\max.bonas\.jdks\corretto-17.0.6\bin\instrument.dll
0x00007ffc800f0000 - 0x00007ffc80115000 	C:\Users\max.bonas\.jdks\corretto-17.0.6\bin\java.dll
0x00007ffc710f0000 - 0x00007ffc711c6000 	C:\Users\max.bonas\.jdks\corretto-17.0.6\bin\jsvml.dll
0x00007ffc8d550000 - 0x00007ffc8dc94000 	C:\WINDOWS\System32\SHELL32.dll
0x00007ffc896f0000 - 0x00007ffc89e83000 	C:\WINDOWS\SYSTEM32\windows.storage.dll
0x00007ffc8d1f0000 - 0x00007ffc8d544000 	C:\WINDOWS\System32\combase.dll
0x00007ffc8b690000 - 0x00007ffc8b6be000 	C:\WINDOWS\SYSTEM32\Wldp.dll
0x00007ffc8cdc0000 - 0x00007ffc8ce6d000 	C:\WINDOWS\System32\SHCORE.dll
0x00007ffc8e2e0000 - 0x00007ffc8e335000 	C:\WINDOWS\System32\shlwapi.dll
0x00007ffc8bbe0000 - 0x00007ffc8bbff000 	C:\WINDOWS\SYSTEM32\profapi.dll
0x00007ffc7ff00000 - 0x00007ffc7ff18000 	C:\Users\max.bonas\.jdks\corretto-17.0.6\bin\zip.dll
0x00007ffc7ff40000 - 0x00007ffc7ff59000 	C:\Users\max.bonas\.jdks\corretto-17.0.6\bin\net.dll
0x00007ffc83790000 - 0x00007ffc8389a000 	C:\WINDOWS\SYSTEM32\WINHTTP.dll
0x00007ffc8b3f0000 - 0x00007ffc8b45a000 	C:\WINDOWS\system32\mswsock.dll
0x00007ffc7ff20000 - 0x00007ffc7ff35000 	C:\Users\max.bonas\.jdks\corretto-17.0.6\bin\nio.dll
0x00007ffc7fee0000 - 0x00007ffc7fefa000 	C:\Program Files\JetBrains\IntelliJ IDEA Community Edition 2022.3.2\bin\breakgen64.dll
0x00007ffc800d0000 - 0x00007ffc800e0000 	C:\Users\max.bonas\.jdks\corretto-17.0.6\bin\verify.dll
0x00007ffc80010000 - 0x00007ffc80019000 	C:\Users\max.bonas\.jdks\corretto-17.0.6\bin\management.dll
0x00007ffc7ffb0000 - 0x00007ffc7ffbb000 	C:\Users\max.bonas\.jdks\corretto-17.0.6\bin\management_ext.dll
0x00007ffc8c610000 - 0x00007ffc8c618000 	C:\WINDOWS\System32\PSAPI.DLL
0x00007ffc5f090000 - 0x00007ffc5f0a7000 	C:\WINDOWS\system32\napinsp.dll
0x00007ffc5e760000 - 0x00007ffc5e77b000 	C:\WINDOWS\system32\pnrpnsp.dll
0x00007ffc5e740000 - 0x00007ffc5e755000 	C:\WINDOWS\system32\wshbth.dll
0x00007ffc852a0000 - 0x00007ffc852bd000 	C:\WINDOWS\system32\NLAapi.dll
0x00007ffc8b070000 - 0x00007ffc8b0ac000 	C:\WINDOWS\SYSTEM32\IPHLPAPI.DLL
0x00007ffc8b0b0000 - 0x00007ffc8b17b000 	C:\WINDOWS\SYSTEM32\DNSAPI.dll
0x00007ffc8dca0000 - 0x00007ffc8dca8000 	C:\WINDOWS\System32\NSI.dll
0x00007ffc5e5d0000 - 0x00007ffc5e5e2000 	C:\WINDOWS\System32\winrnr.dll
0x00007ffc833a0000 - 0x00007ffc833aa000 	C:\Windows\System32\rasadhlp.dll
0x00007ffc86c80000 - 0x00007ffc86d00000 	C:\WINDOWS\System32\fwpuclnt.dll
0x00007ffc8be50000 - 0x00007ffc8be77000 	C:\WINDOWS\System32\bcrypt.dll
0x00007ffc8b5f0000 - 0x00007ffc8b608000 	C:\WINDOWS\SYSTEM32\CRYPTSP.dll
0x00007ffc8aca0000 - 0x00007ffc8acd4000 	C:\WINDOWS\system32\rsaenh.dll
0x00007ffc8bb60000 - 0x00007ffc8bb8e000 	C:\WINDOWS\SYSTEM32\USERENV.dll
0x00007ffc8b5e0000 - 0x00007ffc8b5ec000 	C:\WINDOWS\SYSTEM32\CRYPTBASE.dll
0x00007ffc86a80000 - 0x00007ffc86a97000 	C:\WINDOWS\SYSTEM32\dhcpcsvc6.DLL
0x00007ffc86930000 - 0x00007ffc8694d000 	C:\WINDOWS\SYSTEM32\dhcpcsvc.DLL
0x00007ffc7fed0000 - 0x00007ffc7fede000 	C:\Users\max.bonas\.jdks\corretto-17.0.6\bin\sunmscapi.dll
0x00007ffc8bcf0000 - 0x00007ffc8be46000 	C:\WINDOWS\System32\CRYPT32.dll
0x00007ffc8b700000 - 0x00007ffc8b728000 	C:\WINDOWS\SYSTEM32\ncrypt.dll
0x00007ffc8b6c0000 - 0x00007ffc8b6fb000 	C:\WINDOWS\SYSTEM32\NTASN1.dll
0x00007ffc560d0000 - 0x00007ffc560d7000 	C:\WINDOWS\system32\wshunix.dll

dbghelp: loaded successfully - version: 4.0.5 - missing functions: none
symbol engine: initialized successfully - sym options: 0x614 - pdb path: .;C:\Users\max.bonas\.jdks\corretto-17.0.6\bin;C:\WINDOWS\SYSTEM32;C:\WINDOWS\WinSxS\amd64_microsoft.windows.common-controls_6595b64144ccf1df_6.0.19041.1110_none_60b5254171f9507e;C:\Users\max.bonas\.jdks\corretto-17.0.6\bin\server;C:\Program Files\JetBrains\IntelliJ IDEA Community Edition 2022.3.2\bin

VM Arguments:
jvm_args: -javaagent:C:\Program Files\JetBrains\IntelliJ IDEA Community Edition 2022.3.2\lib\idea_rt.jar=59017:C:\Program Files\JetBrains\IntelliJ IDEA Community Edition 2022.3.2\bin -Dfile.encoding=UTF-8 
java_command: MultiAplicacion.MultiAplicacionApplication
java_class_path (initial): C:\Users\max.bonas\Documents\MultiAplicacion GrupoLapuente\MultiAplicacion-GrupoLapuente\target\classes;C:\Users\max.bonas\.m2\repository\org\springframework\boot\spring-boot-starter-data-jdbc\2.6.3\spring-boot-starter-data-jdbc-2.6.3.jar;C:\Users\max.bonas\.m2\repository\org\springframework\boot\spring-boot-starter-jdbc\2.6.3\spring-boot-starter-jdbc-2.6.3.jar;C:\Users\max.bonas\.m2\repository\com\zaxxer\HikariCP\4.0.3\HikariCP-4.0.3.jar;C:\Users\max.bonas\.m2\repository\org\springframework\spring-jdbc\5.3.15\spring-jdbc-5.3.15.jar;C:\Users\max.bonas\.m2\repository\org\springframework\data\spring-data-jdbc\2.3.1\spring-data-jdbc-2.3.1.jar;C:\Users\max.bonas\.m2\repository\org\springframework\data\spring-data-relational\2.3.1\spring-data-relational-2.3.1.jar;C:\Users\max.bonas\.m2\repository\org\springframework\data\spring-data-commons\2.6.1\spring-data-commons-2.6.1.jar;C:\Users\max.bonas\.m2\repository\org\springframework\spring-tx\5.3.15\spring-tx-5.3.15.jar;C:\Users\max.bonas\.m2\repository\org\springframework\spring-context\5.3.15\spring-context-5.3.15.jar;C:\Users\max.bonas\.m2\repository\org\springframework\spring-beans\5.3.15\spring-beans-5.3.15.jar;C:\Users\max.bonas\.m2\repository\org\slf4j\slf4j-api\1.7.33\slf4j-api-1.7.33.jar;C:\Users\max.bonas\.m2\repository\org\springframework\boot\spring-boot-starter-validation\2.6.3\spring-boot-starter-validation-2.6.3.jar;C:\Users\max.bonas\.m2\repository\org\springframework\boot\spring-boot-starter\2.6.3\spring-boot-starter-2.6.3.jar;C:\Users\max.bonas\.m2\repository\org\springframework\boot\spring-boot-starter-logging\2.6.3\spring-boot-starter-logging-2.6.3.jar;C:\Users\max.bonas\.m2\repository\ch\qos\logback\logback-classic\1.2.10\logback-classic-1.2.10.jar;C:\Users\max.bonas\.m2\repository\ch\qos\logback\logback-core\1.2.10\logback-core-1.2.10.jar;C:\Users\max.bonas\.m2\repository\org\apache\logging\log4j\log4j-to-slf4j\2.17.1\log4j-to-slf4j-2.17.1.jar;C:\Users\max.bonas\.m2\reposito
Launcher Type: SUN_STANDARD

[Global flags]
     intx CICompilerCount                          = 4                                         {product} {ergonomic}
     uint ConcGCThreads                            = 3                                         {product} {ergonomic}
     uint G1ConcRefinementThreads                  = 10                                        {product} {ergonomic}
   size_t G1HeapRegionSize                         = 1048576                                   {product} {ergonomic}
    uintx GCDrainStackTargetSize                   = 64                                        {product} {ergonomic}
   size_t InitialHeapSize                          = 98566144                                  {product} {ergonomic}
   size_t MarkStackSize                            = 4194304                                   {product} {ergonomic}
   size_t MaxHeapSize                              = 1564475392                                {product} {ergonomic}
   size_t MaxNewSize                               = 938475520                                 {product} {ergonomic}
   size_t MinHeapDeltaBytes                        = 1048576                                   {product} {ergonomic}
   size_t MinHeapSize                              = 8388608                                   {product} {ergonomic}
    uintx NonNMethodCodeHeapSize                   = 5839372                                {pd product} {ergonomic}
    uintx NonProfiledCodeHeapSize                  = 122909434                              {pd product} {ergonomic}
    uintx ProfiledCodeHeapSize                     = 122909434                              {pd product} {ergonomic}
    uintx ReservedCodeCacheSize                    = 251658240                              {pd product} {ergonomic}
     bool SegmentedCodeCache                       = true                                      {product} {ergonomic}
   size_t SoftMaxHeapSize                          = 1564475392                             {manageable} {ergonomic}
     bool UseCompressedClassPointers               = true                           {product lp64_product} {ergonomic}
     bool UseCompressedOops                        = true                           {product lp64_product} {ergonomic}
     bool UseG1GC                                  = true                                      {product} {ergonomic}
     bool UseLargePagesIndividualAllocation        = false                                  {pd product} {ergonomic}

Logging:
Log output configuration:
 #0: stdout all=warning uptime,level,tags
 #1: stderr all=off uptime,level,tags

Environment Variables:
PATH=C:\WINDOWS\system32;C:\WINDOWS;C:\WINDOWS\System32\Wbem;C:\WINDOWS\System32\WindowsPowerShell\v1.0\;C:\WINDOWS\System32\OpenSSH\;C:\Program Files\Git\cmd;C:\Program Files\Microsoft SQL Server\150\Tools\Binn\;C:\Program Files\Microsoft SQL Server\Client SDK\ODBC\170\Tools\Binn\;C:\Program Files\dotnet\;C:\Program Files\PuTTY\;C:\Program Files\MySQL\MySQL Shell 8.0\bin\;C:\Users\max.bonas\AppData\Local\Microsoft\WindowsApps;C:\Users\max.bonas\.dotnet\tools
USERNAME=max.bonas
OS=Windows_NT
PROCESSOR_IDENTIFIER=AMD64 Family 23 Model 104 Stepping 1, AuthenticAMD
TMP=C:\Users\MAX~1.BON\AppData\Local\Temp
TEMP=C:\Users\MAX~1.BON\AppData\Local\Temp



---------------  S Y S T E M  ---------------

OS:
 Windows 10 , 64 bit Build 19041 (10.0.19041.2788)
OS uptime: 0 days 21:12 hours

CPU: total 12 (initial active 12) (12 cores per cpu, 2 threads per core) family 23 model 104 stepping 1 microcode 0x0, cx8, cmov, fxsr, ht, mmx, 3dnowpref, sse, sse2, sse3, ssse3, sse4a, sse4.1, sse4.2, popcnt, lzcnt, tsc, tscinvbit, avx, avx2, aes, clmul, bmi1, bmi2, adx, sha, fma, vzeroupper, clflush, clflushopt

Memory: 4k page, system-wide physical 5966M (482M free)
TotalPageFile size 24398M (AvailPageFile size 4M)
current process WorkingSet (physical memory assigned to process): 200M, peak: 396M
current process commit charge ("private bytes"): 416M, peak: 461M

vm_info: OpenJDK 64-Bit Server VM (17.0.6+10-LTS) for windows-amd64 JRE (17.0.6+10-LTS), built on Jan 13 2023 22:57:04 by "Administrator" with MS VC++ 15.9 (VS2017)

END.
