#
# There is insufficient memory for the Java Runtime Environment to continue.
# Native memory allocation (malloc) failed to allocate 32744 bytes for ChunkPool::allocate
# Possible reasons:
#   The system is out of physical RAM or swap space
#   The process is running with CompressedOops enabled, and the Java Heap may be blocking the growth of the native heap
# Possible solutions:
#   Reduce memory load on the system
#   Increase physical memory or swap space
#   Check if swap backing store is full
#   Decrease Java heap size (-Xmx/-Xms)
#   Decrease number of Java threads
#   Decrease Java thread stack sizes (-Xss)
#   Set larger code cache with -XX:ReservedCodeCacheSize=
#   JVM is running with Unscaled Compressed Oops mode in which the Java heap is
#     placed in the first 4GB address space. The Java Heap base address is the
#     maximum limit for the native heap growth. Please use -XX:HeapBaseMinAddress
#     to set the Java Heap base and to place the Java Heap above 4GB virtual address.
# This output file may be truncated or incomplete.
#
#  Out of Memory Error (arena.cpp:78), pid=20488, tid=10536
#
# JRE version: OpenJDK Runtime Environment Corretto-17.0.6.10.1 (17.0.6+10) (build 17.0.6+10-LTS)
# Java VM: OpenJDK 64-Bit Server VM Corretto-17.0.6.10.1 (17.0.6+10-LTS, mixed mode, sharing, tiered, compressed oops, compressed class ptrs, g1 gc, windows-amd64)
# No core dump will be written. Minidumps are not enabled by default on client versions of Windows
#

---------------  S U M M A R Y ------------

Command Line: -javaagent:C:\Program Files\JetBrains\IntelliJ IDEA Community Edition 2022.3.2\lib\idea_rt.jar=50695:C:\Program Files\JetBrains\IntelliJ IDEA Community Edition 2022.3.2\bin -Dfile.encoding=UTF-8 MultiAplicacion.MultiAplicacionApplication

Host: AMD Ryzen 5 5500U with Radeon Graphics         , 12 cores, 5G,  Windows 10 , 64 bit Build 19041 (10.0.19041.2913)
Time: Sat May 13 13:26:04 2023 Hora de verano romance elapsed time: 5.219325 seconds (0d 0h 0m 5s)

---------------  T H R E A D  ---------------

Current thread (0x000001f194e7ab40):  JavaThread "C2 CompilerThread1" daemon [_thread_in_native, id=10536, stack(0x0000002d44400000,0x0000002d44500000)]


Current CompileTask:
C2:   5219 3578       4       org.springframework.beans.factory.support.AbstractAutowireCapableBeanFactory::predictBeanType (126 bytes)

Stack: [0x0000002d44400000,0x0000002d44500000]
Native frames: (J=compiled Java code, j=interpreted, Vv=VM code, C=native code)
V  [jvm.dll+0x64b39a]
V  [jvm.dll+0x7ff044]
V  [jvm.dll+0x8007fe]
V  [jvm.dll+0x800e53]
V  [jvm.dll+0x235848]
V  [jvm.dll+0xbd088]
V  [jvm.dll+0xbd44c]
V  [jvm.dll+0x35406e]
V  [jvm.dll+0x53a154]
V  [jvm.dll+0x319cfe]
V  [jvm.dll+0x31910a]
V  [jvm.dll+0x209ca5]
V  [jvm.dll+0x209237]
V  [jvm.dll+0x19926d]
V  [jvm.dll+0x2185dd]
V  [jvm.dll+0x216824]
V  [jvm.dll+0x7b77bb]
V  [jvm.dll+0x7b1d6a]
V  [jvm.dll+0x64a265]
C  [ucrtbase.dll+0x21bb2]
C  [KERNEL32.DLL+0x17614]
C  [ntdll.dll+0x526a1]


---------------  P R O C E S S  ---------------

Threads class SMR info:
_java_thread_list=0x000001f194c71ce0, length=16, elements={
0x000001f1f5509120, 0x000001f1929badd0, 0x000001f1929bbc40, 0x000001f1929cf200,
0x000001f1929cfcc0, 0x000001f1929d2780, 0x000001f1929d3130, 0x000001f1929d48e0,
0x000001f1929e9710, 0x000001f1929f28d0, 0x000001f1929a4850, 0x000001f193848110,
0x000001f1938485e0, 0x000001f193ffdd90, 0x000001f194232050, 0x000001f194e7ab40
}

Java Threads: ( => current thread )
  0x000001f1f5509120 JavaThread "main" [_thread_blocked, id=14736, stack(0x0000002d42400000,0x0000002d42500000)]
  0x000001f1929badd0 JavaThread "Reference Handler" daemon [_thread_blocked, id=12260, stack(0x0000002d42b00000,0x0000002d42c00000)]
  0x000001f1929bbc40 JavaThread "Finalizer" daemon [_thread_blocked, id=8908, stack(0x0000002d42c00000,0x0000002d42d00000)]
  0x000001f1929cf200 JavaThread "Signal Dispatcher" daemon [_thread_blocked, id=21768, stack(0x0000002d42d00000,0x0000002d42e00000)]
  0x000001f1929cfcc0 JavaThread "Attach Listener" daemon [_thread_blocked, id=8972, stack(0x0000002d42e00000,0x0000002d42f00000)]
  0x000001f1929d2780 JavaThread "Service Thread" daemon [_thread_blocked, id=12844, stack(0x0000002d42f00000,0x0000002d43000000)]
  0x000001f1929d3130 JavaThread "Monitor Deflation Thread" daemon [_thread_blocked, id=5840, stack(0x0000002d43000000,0x0000002d43100000)]
  0x000001f1929d48e0 JavaThread "C2 CompilerThread0" daemon [_thread_in_native, id=20288, stack(0x0000002d43100000,0x0000002d43200000)]
  0x000001f1929e9710 JavaThread "C1 CompilerThread0" daemon [_thread_in_native, id=18184, stack(0x0000002d43200000,0x0000002d43300000)]
  0x000001f1929f28d0 JavaThread "Sweeper thread" daemon [_thread_blocked, id=12688, stack(0x0000002d43300000,0x0000002d43400000)]
  0x000001f1929a4850 JavaThread "Common-Cleaner" daemon [_thread_blocked, id=4720, stack(0x0000002d43400000,0x0000002d43500000)]
  0x000001f193848110 JavaThread "Monitor Ctrl-Break" daemon [_thread_in_native, id=11644, stack(0x0000002d43600000,0x0000002d43700000)]
  0x000001f1938485e0 JavaThread "Notification Thread" daemon [_thread_blocked, id=14956, stack(0x0000002d43700000,0x0000002d43800000)]
  0x000001f193ffdd90 JavaThread "Thread-0" [_thread_blocked, id=22328, stack(0x0000002d43900000,0x0000002d43a00000)]
  0x000001f194232050 JavaThread "restartedMain" [_thread_in_vm, id=23288, stack(0x0000002d44100000,0x0000002d44200000)]
=>0x000001f194e7ab40 JavaThread "C2 CompilerThread1" daemon [_thread_in_native, id=10536, stack(0x0000002d44400000,0x0000002d44500000)]

Other Threads:
  0x000001f1929b6dd0 VMThread "VM Thread" [stack: 0x0000002d42a00000,0x0000002d42b00000] [id=21680]
  0x000001f1f55707f0 WatcherThread [stack: 0x0000002d43800000,0x0000002d43900000] [id=14916]
  0x000001f1f5554460 GCTaskThread "GC Thread#0" [stack: 0x0000002d42500000,0x0000002d42600000] [id=16524]
  0x000001f1942ac380 GCTaskThread "GC Thread#1" [stack: 0x0000002d43a00000,0x0000002d43b00000] [id=12412]
  0x000001f1941f19a0 GCTaskThread "GC Thread#2" [stack: 0x0000002d43b00000,0x0000002d43c00000] [id=17316]
  0x000001f1941f1c50 GCTaskThread "GC Thread#3" [stack: 0x0000002d43c00000,0x0000002d43d00000] [id=23452]
  0x000001f193e6c4c0 GCTaskThread "GC Thread#4" [stack: 0x0000002d43d00000,0x0000002d43e00000] [id=16644]
  0x000001f193e6c770 GCTaskThread "GC Thread#5" [stack: 0x0000002d43e00000,0x0000002d43f00000] [id=21116]
  0x000001f1943227a0 GCTaskThread "GC Thread#6" [stack: 0x0000002d43f00000,0x0000002d44000000] [id=10984]
  0x000001f194322e60 GCTaskThread "GC Thread#7" [stack: 0x0000002d44000000,0x0000002d44100000] [id=22444]
  0x000001f194801890 GCTaskThread "GC Thread#8" [stack: 0x0000002d44200000,0x0000002d44300000] [id=15024]
  0x000001f1950b8c60 GCTaskThread "GC Thread#9" [stack: 0x0000002d44300000,0x0000002d44400000] [id=8864]
  0x000001f1f34bd040 ConcurrentGCThread "G1 Main Marker" [stack: 0x0000002d42600000,0x0000002d42700000] [id=18112]
  0x000001f1f34bd860 ConcurrentGCThread "G1 Conc#0" [stack: 0x0000002d42700000,0x0000002d42800000] [id=22548]
  0x000001f194c16b90 ConcurrentGCThread "G1 Conc#1" [stack: 0x0000002d43500000,0x0000002d43600000] [id=15540]
  0x000001f194c18670 ConcurrentGCThread "G1 Conc#2" [stack: 0x0000002d44500000,0x0000002d44600000] [id=12752]
  0x000001f192870090 ConcurrentGCThread "G1 Refine#0" [stack: 0x0000002d42800000,0x0000002d42900000] [id=22416]
  0x000001f192870ab0 ConcurrentGCThread "G1 Service" [stack: 0x0000002d42900000,0x0000002d42a00000] [id=22268]

Threads with active compile tasks:
C2 CompilerThread0     5250 3573       4       org.springframework.beans.factory.support.AbstractBeanFactory::isFactoryBean (60 bytes)
C1 CompilerThread0     5250 3847       2       sun.security.provider.DigestBase::engineUpdate (189 bytes)
C2 CompilerThread1     5250 3578       4       org.springframework.beans.factory.support.AbstractAutowireCapableBeanFactory::predictBeanType (126 bytes)

VM state: not at safepoint (normal execution)

VM Mutex/Monitor currently owned by a thread: None

Heap address: 0x00000000a2c00000, size: 1492 MB, Compressed Oops mode: 32-bit

CDS archive(s) mapped at: [0x0000000800000000-0x0000000800bc0000-0x0000000800bc0000), size 12320768, SharedBaseAddress: 0x0000000800000000, ArchiveRelocationMode: 0.
Compressed class space mapped at: 0x0000000800c00000-0x0000000840c00000, reserved size: 1073741824
Narrow klass base: 0x0000000800000000, Narrow klass shift: 0, Narrow klass range: 0x100000000

GC Precious Log:
 CPUs: 12 total, 12 available
 Memory: 5966M
 Large Page Support: Disabled
 NUMA Support: Disabled
 Compressed Oops: Enabled (32-bit)
 Heap Region Size: 1M
 Heap Min Capacity: 8M
 Heap Initial Capacity: 94M
 Heap Max Capacity: 1492M
 Pre-touch: Disabled
 Parallel Workers: 10
 Concurrent Workers: 3
 Concurrent Refinement Workers: 10
 Periodic GC: Disabled

Heap:
 garbage-first heap   total 55296K, used 22022K [0x00000000a2c00000, 0x0000000100000000)
  region size 1024K, 7 young (7168K), 3 survivors (3072K)
 Metaspace       used 28913K, committed 29248K, reserved 1081344K
  class space    used 3782K, committed 3904K, reserved 1048576K

Heap Regions: E=young(eden), S=young(survivor), O=old, HS=humongous(starts), HC=humongous(continues), CS=collection set, F=free, OA=open archive, CA=closed archive, TAMS=top-at-mark-start (previous, next)
|   0|0x00000000a2c00000, 0x00000000a2d00000, 0x00000000a2d00000|100%|HS|  |TAMS 0x00000000a2d00000, 0x00000000a2c00000| Complete 
|   1|0x00000000a2d00000, 0x00000000a2e00000, 0x00000000a2e00000|100%| O|  |TAMS 0x00000000a2e00000, 0x00000000a2d00000| Untracked 
|   2|0x00000000a2e00000, 0x00000000a2f00000, 0x00000000a2f00000|100%| O|  |TAMS 0x00000000a2f00000, 0x00000000a2e00000| Untracked 
|   3|0x00000000a2f00000, 0x00000000a3000000, 0x00000000a3000000|100%| O|  |TAMS 0x00000000a3000000, 0x00000000a2f00000| Untracked 
|   4|0x00000000a3000000, 0x00000000a3100000, 0x00000000a3100000|100%| O|  |TAMS 0x00000000a3100000, 0x00000000a3000000| Untracked 
|   5|0x00000000a3100000, 0x00000000a3200000, 0x00000000a3200000|100%| O|  |TAMS 0x00000000a3200000, 0x00000000a3100000| Untracked 
|   6|0x00000000a3200000, 0x00000000a3300000, 0x00000000a3300000|100%| O|  |TAMS 0x00000000a3300000, 0x00000000a3200000| Untracked 
|   7|0x00000000a3300000, 0x00000000a3400000, 0x00000000a3400000|100%| O|  |TAMS 0x00000000a3400000, 0x00000000a3300000| Untracked 
|   8|0x00000000a3400000, 0x00000000a3500000, 0x00000000a3500000|100%| O|  |TAMS 0x00000000a34fa600, 0x00000000a3400000| Untracked 
|   9|0x00000000a3500000, 0x00000000a3600000, 0x00000000a3600000|100%| O|  |TAMS 0x00000000a3500000, 0x00000000a3500000| Untracked 
|  10|0x00000000a3600000, 0x00000000a369bc00, 0x00000000a3700000| 60%| O|  |TAMS 0x00000000a3600000, 0x00000000a3600000| Untracked 
|  11|0x00000000a3700000, 0x00000000a3800000, 0x00000000a3800000|100%| O|  |TAMS 0x00000000a3700000, 0x00000000a3700000| Untracked 
|  12|0x00000000a3800000, 0x00000000a3900000, 0x00000000a3900000|100%| O|  |TAMS 0x00000000a3800000, 0x00000000a3800000| Untracked 
|  13|0x00000000a3900000, 0x00000000a3a00000, 0x00000000a3a00000|100%| O|  |TAMS 0x00000000a3900000, 0x00000000a3900000| Untracked 
|  14|0x00000000a3a00000, 0x00000000a3b00000, 0x00000000a3b00000|100%| O|  |TAMS 0x00000000a3a00000, 0x00000000a3a00000| Untracked 
|  15|0x00000000a3b00000, 0x00000000a3c00000, 0x00000000a3c00000|100%| O|  |TAMS 0x00000000a3b00000, 0x00000000a3b00000| Untracked 
|  16|0x00000000a3c00000, 0x00000000a3c32a00, 0x00000000a3d00000| 19%| O|  |TAMS 0x00000000a3c00000, 0x00000000a3c00000| Untracked 
|  17|0x00000000a3d00000, 0x00000000a3d00000, 0x00000000a3e00000|  0%| F|  |TAMS 0x00000000a3d00000, 0x00000000a3d00000| Untracked 
|  18|0x00000000a3e00000, 0x00000000a3e00000, 0x00000000a3f00000|  0%| F|  |TAMS 0x00000000a3e00000, 0x00000000a3e00000| Untracked 
|  19|0x00000000a3f00000, 0x00000000a3f00000, 0x00000000a4000000|  0%| F|  |TAMS 0x00000000a3f00000, 0x00000000a3f00000| Untracked 
|  20|0x00000000a4000000, 0x00000000a4000000, 0x00000000a4100000|  0%| F|  |TAMS 0x00000000a4000000, 0x00000000a4000000| Untracked 
|  21|0x00000000a4100000, 0x00000000a4100000, 0x00000000a4200000|  0%| F|  |TAMS 0x00000000a4100000, 0x00000000a4100000| Untracked 
|  22|0x00000000a4200000, 0x00000000a4200000, 0x00000000a4300000|  0%| F|  |TAMS 0x00000000a4200000, 0x00000000a4200000| Untracked 
|  23|0x00000000a4300000, 0x00000000a4300000, 0x00000000a4400000|  0%| F|  |TAMS 0x00000000a4300000, 0x00000000a4300000| Untracked 
|  24|0x00000000a4400000, 0x00000000a4400000, 0x00000000a4500000|  0%| F|  |TAMS 0x00000000a4400000, 0x00000000a4400000| Untracked 
|  25|0x00000000a4500000, 0x00000000a4500000, 0x00000000a4600000|  0%| F|  |TAMS 0x00000000a4500000, 0x00000000a4500000| Untracked 
|  26|0x00000000a4600000, 0x00000000a4600000, 0x00000000a4700000|  0%| F|  |TAMS 0x00000000a4600000, 0x00000000a4600000| Untracked 
|  27|0x00000000a4700000, 0x00000000a4700000, 0x00000000a4800000|  0%| F|  |TAMS 0x00000000a4700000, 0x00000000a4700000| Untracked 
|  28|0x00000000a4800000, 0x00000000a4800000, 0x00000000a4900000|  0%| F|  |TAMS 0x00000000a4800000, 0x00000000a4800000| Untracked 
|  29|0x00000000a4900000, 0x00000000a4900000, 0x00000000a4a00000|  0%| F|  |TAMS 0x00000000a4900000, 0x00000000a4900000| Untracked 
|  30|0x00000000a4a00000, 0x00000000a4a00000, 0x00000000a4b00000|  0%| F|  |TAMS 0x00000000a4a00000, 0x00000000a4a00000| Untracked 
|  31|0x00000000a4b00000, 0x00000000a4bb3558, 0x00000000a4c00000| 70%| S|CS|TAMS 0x00000000a4b00000, 0x00000000a4b00000| Complete 
|  32|0x00000000a4c00000, 0x00000000a4d00000, 0x00000000a4d00000|100%| S|CS|TAMS 0x00000000a4c00000, 0x00000000a4c00000| Complete 
|  33|0x00000000a4d00000, 0x00000000a4e00000, 0x00000000a4e00000|100%| S|CS|TAMS 0x00000000a4d00000, 0x00000000a4d00000| Complete 
|  34|0x00000000a4e00000, 0x00000000a4e00000, 0x00000000a4f00000|  0%| F|  |TAMS 0x00000000a4e00000, 0x00000000a4e00000| Untracked 
|  35|0x00000000a4f00000, 0x00000000a4f00000, 0x00000000a5000000|  0%| F|  |TAMS 0x00000000a4f00000, 0x00000000a4f00000| Untracked 
|  36|0x00000000a5000000, 0x00000000a5000000, 0x00000000a5100000|  0%| F|  |TAMS 0x00000000a5000000, 0x00000000a5000000| Untracked 
|  37|0x00000000a5100000, 0x00000000a5100000, 0x00000000a5200000|  0%| F|  |TAMS 0x00000000a5100000, 0x00000000a5100000| Untracked 
|  38|0x00000000a5200000, 0x00000000a5200000, 0x00000000a5300000|  0%| F|  |TAMS 0x00000000a5200000, 0x00000000a5200000| Untracked 
|  39|0x00000000a5300000, 0x00000000a5300000, 0x00000000a5400000|  0%| F|  |TAMS 0x00000000a5300000, 0x00000000a5300000| Untracked 
|  40|0x00000000a5400000, 0x00000000a5400000, 0x00000000a5500000|  0%| F|  |TAMS 0x00000000a5400000, 0x00000000a5400000| Untracked 
|  41|0x00000000a5500000, 0x00000000a5500000, 0x00000000a5600000|  0%| F|  |TAMS 0x00000000a5500000, 0x00000000a5500000| Untracked 
|  42|0x00000000a5600000, 0x00000000a5600000, 0x00000000a5700000|  0%| F|  |TAMS 0x00000000a5600000, 0x00000000a5600000| Untracked 
|  43|0x00000000a5700000, 0x00000000a5700000, 0x00000000a5800000|  0%| F|  |TAMS 0x00000000a5700000, 0x00000000a5700000| Untracked 
|  44|0x00000000a5800000, 0x00000000a5800000, 0x00000000a5900000|  0%| F|  |TAMS 0x00000000a5800000, 0x00000000a5800000| Untracked 
|  45|0x00000000a5900000, 0x00000000a5900000, 0x00000000a5a00000|  0%| F|  |TAMS 0x00000000a5900000, 0x00000000a5900000| Untracked 
|  46|0x00000000a5a00000, 0x00000000a5a00000, 0x00000000a5b00000|  0%| F|  |TAMS 0x00000000a5a00000, 0x00000000a5a00000| Untracked 
|  47|0x00000000a5b00000, 0x00000000a5b00000, 0x00000000a5c00000|  0%| F|  |TAMS 0x00000000a5b00000, 0x00000000a5b00000| Untracked 
|  48|0x00000000a5c00000, 0x00000000a5c00000, 0x00000000a5d00000|  0%| F|  |TAMS 0x00000000a5c00000, 0x00000000a5c00000| Untracked 
|  71|0x00000000a7300000, 0x00000000a7300000, 0x00000000a7400000|  0%| F|  |TAMS 0x00000000a7300000, 0x00000000a7300000| Untracked 
|  72|0x00000000a7400000, 0x00000000a74ab800, 0x00000000a7500000| 66%| E|  |TAMS 0x00000000a7400000, 0x00000000a7400000| Complete 
|  73|0x00000000a7500000, 0x00000000a7600000, 0x00000000a7600000|100%| E|CS|TAMS 0x00000000a7500000, 0x00000000a7500000| Complete 
|  74|0x00000000a7600000, 0x00000000a7700000, 0x00000000a7700000|100%| E|CS|TAMS 0x00000000a7600000, 0x00000000a7600000| Complete 
|  93|0x00000000a8900000, 0x00000000a8a00000, 0x00000000a8a00000|100%| E|CS|TAMS 0x00000000a8900000, 0x00000000a8900000| Complete 

Card table byte_map: [0x000001f1fd840000,0x000001f1fdb30000] _byte_map_base: 0x000001f1fd32a000

Marking Bits (Prev, Next): (CMBitMap*) 0x000001f1f5554ab0, (CMBitMap*) 0x000001f1f5554a70
 Prev Bits: [0x000001f18f000000, 0x000001f190750000)
 Next Bits: [0x000001f1fde20000, 0x000001f1ff570000)

Polling page: 0x000001f1f3390000

Metaspace:

Usage:
  Non-class:     24.55 MB used.
      Class:      3.69 MB used.
       Both:     28.24 MB used.

Virtual space:
  Non-class space:       32.00 MB reserved,      24.75 MB ( 77%) committed,  4 nodes.
      Class space:        1.00 GB reserved,       3.81 MB ( <1%) committed,  1 nodes.
             Both:        1.03 GB reserved,      28.56 MB (  3%) committed. 

Chunk freelists:
   Non-Class:  2.66 MB
       Class:  80.00 KB
        Both:  2.73 MB

MaxMetaspaceSize: unlimited
CompressedClassSpaceSize: 1.00 GB
Initial GC threshold: 21.00 MB
Current GC threshold: 35.13 MB
CDS: on
MetaspaceReclaimPolicy: balanced
 - commit_granule_bytes: 65536.
 - commit_granule_words: 8192.
 - virtual_space_node_default_size: 1048576.
 - enlarge_chunks_in_place: 1.
 - new_chunks_are_fully_committed: 0.
 - uncommit_free_chunks: 1.
 - use_allocation_guard: 0.
 - handle_deallocations: 1.


Internal statistics:

num_allocs_failed_limit: 3.
num_arena_births: 334.
num_arena_deaths: 0.
num_vsnodes_births: 5.
num_vsnodes_deaths: 0.
num_space_committed: 457.
num_space_uncommitted: 0.
num_chunks_returned_to_freelist: 3.
num_chunks_taken_from_freelist: 1373.
num_chunk_merges: 3.
num_chunk_splits: 925.
num_chunks_enlarged: 684.
num_purges: 0.
num_inconsistent_stats: 0.

CodeHeap 'non-profiled nmethods': size=120000Kb used=1796Kb max_used=1796Kb free=118203Kb
 bounds [0x000001f187ad0000, 0x000001f187d40000, 0x000001f18f000000]
CodeHeap 'profiled nmethods': size=120000Kb used=8592Kb max_used=8592Kb free=111407Kb
 bounds [0x000001f180000000, 0x000001f180870000, 0x000001f187530000]
CodeHeap 'non-nmethods': size=5760Kb used=1188Kb max_used=1221Kb free=4571Kb
 bounds [0x000001f187530000, 0x000001f1877a0000, 0x000001f187ad0000]
 total_blobs=4314 nmethods=3829 adapters=397
 compilation: enabled
              stopped_count=0, restarted_count=0
 full_count=0

Compilation events (20 events):
Event: 5.207 Thread 0x000001f1929e9710 nmethod 3858 0x000001f18085f410 code [0x000001f18085f680, 0x000001f18085fdb8]
Event: 5.207 Thread 0x000001f1929e9710 3859       2       sun.nio.fs.WindowsFileAttributes::fromFindData (127 bytes)
Event: 5.208 Thread 0x000001f1929e9710 nmethod 3859 0x000001f180860410 code [0x000001f1808605c0, 0x000001f180860888]
Event: 5.208 Thread 0x000001f1929e9710 3860   !   2       sun.nio.fs.WindowsDirectoryStream$WindowsDirectoryIterator::acceptEntry (71 bytes)
Event: 5.208 Thread 0x000001f1929e9710 nmethod 3860 0x000001f180860990 code [0x000001f180860b80, 0x000001f180860ee8]
Event: 5.208 Thread 0x000001f1929e9710 3861       2       sun.nio.fs.WindowsPath$WindowsPathWithAttributes::<init> (23 bytes)
Event: 5.209 Thread 0x000001f1929e9710 nmethod 3861 0x000001f180861210 code [0x000001f1808613c0, 0x000001f1808617d8]
Event: 5.209 Thread 0x000001f1929e9710 3863       2       sun.nio.fs.WindowsDirectoryStream$WindowsDirectoryIterator::next (5 bytes)
Event: 5.209 Thread 0x000001f1929e9710 nmethod 3863 0x000001f180861890 code [0x000001f180861a20, 0x000001f180861b48]
Event: 5.209 Thread 0x000001f1929e9710 3864  s    2       sun.nio.fs.WindowsDirectoryStream$WindowsDirectoryIterator::next (48 bytes)
Event: 5.209 Thread 0x000001f1929e9710 nmethod 3864 0x000001f180861c10 code [0x000001f180861dc0, 0x000001f180862098]
Event: 5.209 Thread 0x000001f1929e9710 3862       2       java.nio.file.Files$AcceptAllFilter::accept (9 bytes)
Event: 5.209 Thread 0x000001f1929e9710 nmethod 3862 0x000001f180862190 code [0x000001f180862320, 0x000001f180862498]
Event: 5.209 Thread 0x000001f1929e9710 3857       2       sun.security.provider.ByteArrayAccess::b2iBig64 (231 bytes)
Event: 5.214 Thread 0x000001f1929e9710 nmethod 3857 0x000001f180862590 code [0x000001f180862920, 0x000001f1808636b8]
Event: 5.214 Thread 0x000001f1929e9710 3851       1       java.util.concurrent.atomic.AtomicLong::get (5 bytes)
Event: 5.215 Thread 0x000001f1929e9710 nmethod 3851 0x000001f187c90c90 code [0x000001f187c90e20, 0x000001f187c90ef8]
Event: 5.215 Thread 0x000001f1929e9710 3834       1       sun.nio.fs.WindowsPath::toString (5 bytes)
Event: 5.215 Thread 0x000001f1929e9710 nmethod 3834 0x000001f187c90f90 code [0x000001f187c91120, 0x000001f187c911f8]
Event: 5.215 Thread 0x000001f1929e9710 3847       2       sun.security.provider.DigestBase::engineUpdate (189 bytes)

GC Heap History (12 events):
Event: 1.170 GC heap before
{Heap before GC invocations=0 (full 0):
 garbage-first heap   total 96256K, used 23552K [0x00000000a2c00000, 0x0000000100000000)
  region size 1024K, 23 young (23552K), 0 survivors (0K)
 Metaspace       used 4703K, committed 4864K, reserved 1056768K
  class space    used 500K, committed 576K, reserved 1048576K
}
Event: 1.177 GC heap after
{Heap after GC invocations=1 (full 0):
 garbage-first heap   total 96256K, used 9256K [0x00000000a2c00000, 0x0000000100000000)
  region size 1024K, 3 young (3072K), 3 survivors (3072K)
 Metaspace       used 4703K, committed 4864K, reserved 1056768K
  class space    used 500K, committed 576K, reserved 1048576K
}
Event: 2.154 GC heap before
{Heap before GC invocations=1 (full 0):
 garbage-first heap   total 96256K, used 32808K [0x00000000a2c00000, 0x0000000100000000)
  region size 1024K, 27 young (27648K), 3 survivors (3072K)
 Metaspace       used 10734K, committed 10880K, reserved 1064960K
  class space    used 1350K, committed 1408K, reserved 1048576K
}
Event: 2.161 GC heap after
{Heap after GC invocations=2 (full 0):
 garbage-first heap   total 96256K, used 11021K [0x00000000a2c00000, 0x0000000100000000)
  region size 1024K, 2 young (2048K), 2 survivors (2048K)
 Metaspace       used 10734K, committed 10880K, reserved 1064960K
  class space    used 1350K, committed 1408K, reserved 1048576K
}
Event: 3.046 GC heap before
{Heap before GC invocations=2 (full 0):
 garbage-first heap   total 96256K, used 56077K [0x00000000a2c00000, 0x0000000100000000)
  region size 1024K, 47 young (48128K), 2 survivors (2048K)
 Metaspace       used 19644K, committed 19904K, reserved 1073152K
  class space    used 2499K, committed 2624K, reserved 1048576K
}
Event: 3.051 GC heap after
{Heap after GC invocations=3 (full 0):
 garbage-first heap   total 96256K, used 13832K [0x00000000a2c00000, 0x0000000100000000)
  region size 1024K, 5 young (5120K), 5 survivors (5120K)
 Metaspace       used 19644K, committed 19904K, reserved 1073152K
  class space    used 2499K, committed 2624K, reserved 1048576K
}
Event: 3.495 GC heap before
{Heap before GC invocations=3 (full 0):
 garbage-first heap   total 96256K, used 31240K [0x00000000a2c00000, 0x0000000100000000)
  region size 1024K, 24 young (24576K), 5 survivors (5120K)
 Metaspace       used 21251K, committed 21504K, reserved 1073152K
  class space    used 2702K, committed 2816K, reserved 1048576K
}
Event: 3.500 GC heap after
{Heap after GC invocations=4 (full 0):
 garbage-first heap   total 96256K, used 14736K [0x00000000a2c00000, 0x0000000100000000)
  region size 1024K, 4 young (4096K), 4 survivors (4096K)
 Metaspace       used 21251K, committed 21504K, reserved 1073152K
  class space    used 2702K, committed 2816K, reserved 1048576K
}
Event: 4.297 GC heap before
{Heap before GC invocations=5 (full 0):
 garbage-first heap   total 55296K, used 41360K [0x00000000a2c00000, 0x0000000100000000)
  region size 1024K, 32 young (32768K), 4 survivors (4096K)
 Metaspace       used 24746K, committed 25024K, reserved 1073152K
  class space    used 3165K, committed 3264K, reserved 1048576K
}
Event: 4.304 GC heap after
{Heap after GC invocations=6 (full 0):
 garbage-first heap   total 55296K, used 16486K [0x00000000a2c00000, 0x0000000100000000)
  region size 1024K, 4 young (4096K), 4 survivors (4096K)
 Metaspace       used 24746K, committed 25024K, reserved 1073152K
  class space    used 3165K, committed 3264K, reserved 1048576K
}
Event: 5.019 GC heap before
{Heap before GC invocations=6 (full 0):
 garbage-first heap   total 55296K, used 36966K [0x00000000a2c00000, 0x0000000100000000)
  region size 1024K, 24 young (24576K), 4 survivors (4096K)
 Metaspace       used 28069K, committed 28352K, reserved 1081344K
  class space    used 3679K, committed 3776K, reserved 1048576K
}
Event: 5.026 GC heap after
{Heap after GC invocations=7 (full 0):
 garbage-first heap   total 55296K, used 18950K [0x00000000a2c00000, 0x0000000100000000)
  region size 1024K, 3 young (3072K), 3 survivors (3072K)
 Metaspace       used 28069K, committed 28352K, reserved 1081344K
  class space    used 3679K, committed 3776K, reserved 1048576K
}

Dll operation events (12 events):
Event: 0.013 Loaded shared library C:\Users\max.bonas\.jdks\corretto-17.0.6\bin\java.dll
Event: 0.023 Loaded shared library C:\Users\max.bonas\.jdks\corretto-17.0.6\bin\jsvml.dll
Event: 0.230 Loaded shared library C:\Users\max.bonas\.jdks\corretto-17.0.6\bin\zip.dll
Event: 0.238 Loaded shared library C:\Users\max.bonas\.jdks\corretto-17.0.6\bin\instrument.dll
Event: 0.250 Loaded shared library C:\Users\max.bonas\.jdks\corretto-17.0.6\bin\net.dll
Event: 0.254 Loaded shared library C:\Users\max.bonas\.jdks\corretto-17.0.6\bin\nio.dll
Event: 0.259 Loaded shared library C:\Users\max.bonas\.jdks\corretto-17.0.6\bin\zip.dll
Event: 0.441 Loaded shared library C:\Program Files\JetBrains\IntelliJ IDEA Community Edition 2022.3.2\bin\breakgen64.dll
Event: 0.497 Loaded shared library C:\Users\max.bonas\.jdks\corretto-17.0.6\bin\verify.dll
Event: 0.504 Loaded shared library C:\Users\max.bonas\.jdks\corretto-17.0.6\bin\jimage.dll
Event: 1.071 Loaded shared library C:\Users\max.bonas\.jdks\corretto-17.0.6\bin\management.dll
Event: 1.074 Loaded shared library C:\Users\max.bonas\.jdks\corretto-17.0.6\bin\management_ext.dll

Deoptimization events (20 events):
Event: 4.906 Thread 0x000001f194232050 DEOPT PACKING pc=0x000001f187bfa8c8 sp=0x0000002d441fcff0
Event: 4.906 Thread 0x000001f194232050 DEOPT UNPACKING pc=0x000001f1875869a3 sp=0x0000002d441fcf70 mode 2
Event: 4.908 Thread 0x000001f194232050 Uncommon trap: trap_request=0xffffffde fr.pc=0x000001f187bfa8c8 relative=0x0000000000001328
Event: 4.908 Thread 0x000001f194232050 Uncommon trap: reason=class_check action=maybe_recompile pc=0x000001f187bfa8c8 method=java.util.concurrent.ConcurrentHashMap.putVal(Ljava/lang/Object;Ljava/lang/Object;Z)Ljava/lang/Object; @ 242 c2
Event: 4.908 Thread 0x000001f194232050 DEOPT PACKING pc=0x000001f187bfa8c8 sp=0x0000002d441fcff0
Event: 4.908 Thread 0x000001f194232050 DEOPT UNPACKING pc=0x000001f1875869a3 sp=0x0000002d441fcf70 mode 2
Event: 5.007 Thread 0x000001f194232050 Uncommon trap: trap_request=0xffffff45 fr.pc=0x000001f187b954b0 relative=0x0000000000000190
Event: 5.008 Thread 0x000001f194232050 Uncommon trap: reason=unstable_if action=reinterpret pc=0x000001f187b954b0 method=java.util.concurrent.ConcurrentHashMap.get(Ljava/lang/Object;)Ljava/lang/Object; @ 152 c2
Event: 5.008 Thread 0x000001f194232050 DEOPT PACKING pc=0x000001f187b954b0 sp=0x0000002d441fb970
Event: 5.008 Thread 0x000001f194232050 DEOPT UNPACKING pc=0x000001f1875869a3 sp=0x0000002d441fb8d8 mode 2
Event: 5.037 Thread 0x000001f194232050 Uncommon trap: trap_request=0xffffffde fr.pc=0x000001f187c5fdcc relative=0x000000000000060c
Event: 5.037 Thread 0x000001f194232050 Uncommon trap: reason=class_check action=maybe_recompile pc=0x000001f187c5fdcc method=org.springframework.core.ResolvableType.resolveType()Lorg/springframework/core/ResolvableType; @ 101 c2
Event: 5.037 Thread 0x000001f194232050 DEOPT PACKING pc=0x000001f187c5fdcc sp=0x0000002d441fc1f0
Event: 5.037 Thread 0x000001f194232050 DEOPT UNPACKING pc=0x000001f1875869a3 sp=0x0000002d441fc1a8 mode 2
Event: 5.064 Thread 0x000001f194232050 Uncommon trap: trap_request=0xffffff45 fr.pc=0x000001f187b7d190 relative=0x0000000000000450
Event: 5.064 Thread 0x000001f194232050 Uncommon trap: reason=unstable_if action=reinterpret pc=0x000001f187b7d190 method=java.util.LinkedHashMap.get(Ljava/lang/Object;)Ljava/lang/Object; @ 16 c2
Event: 5.064 Thread 0x000001f194232050 DEOPT PACKING pc=0x000001f187b7d190 sp=0x0000002d441fdb50
Event: 5.064 Thread 0x000001f194232050 DEOPT UNPACKING pc=0x000001f1875869a3 sp=0x0000002d441fdb18 mode 2
Event: 5.199 Thread 0x000001f194232050 DEOPT PACKING pc=0x000001f1808535dc sp=0x0000002d441fcf90
Event: 5.199 Thread 0x000001f194232050 DEOPT UNPACKING pc=0x000001f187587143 sp=0x0000002d441fc420 mode 0

Classes unloaded (0 events):
No events

Classes redefined (0 events):
No events

Internal exceptions (20 events):
Event: 4.604 Thread 0x000001f194232050 Exception <a 'java/lang/ClassNotFoundException'{0x00000000a576c618}: org/springframework/beans/factory/BeanFactoryAwareCustomizer> (0x00000000a576c618) 
thrown [s\src\hotspot\share\classfile\systemDictionary.cpp, line 256]
Event: 4.605 Thread 0x000001f194232050 Exception <a 'java/lang/ClassNotFoundException'{0x00000000a5773470}: org/springframework/beans/factory/AwareCustomizer> (0x00000000a5773470) 
thrown [s\src\hotspot\share\classfile\systemDictionary.cpp, line 256]
Event: 4.623 Thread 0x000001f194232050 Exception <a 'java/lang/ClassNotFoundException'{0x00000000a57f1cc8}: java/lang/ObjectCustomizer> (0x00000000a57f1cc8) 
thrown [s\src\hotspot\share\classfile\systemDictionary.cpp, line 256]
Event: 4.624 Thread 0x000001f194232050 Exception <a 'java/lang/ClassNotFoundException'{0x00000000a57fa380}: org/springframework/aop/support/AbstractPointcutAdvisorCustomizer> (0x00000000a57fa380) 
thrown [s\src\hotspot\share\classfile\systemDictionary.cpp, line 256]
Event: 4.624 Thread 0x000001f194232050 Exception <a 'java/lang/ClassNotFoundException'{0x00000000a56047c0}: org/springframework/security/access/intercept/aopalliance/MethodSecurityMetadataSourceAdvisorCustomizer> (0x00000000a56047c0) 
thrown [s\src\hotspot\share\classfile\systemDictionary.cpp, line 256]
Event: 4.626 Thread 0x000001f194232050 Exception <a 'java/lang/ClassNotFoundException'{0x00000000a5611338}: org/springframework/beans/factory/BeanFactoryAwareCustomizer> (0x00000000a5611338) 
thrown [s\src\hotspot\share\classfile\systemDictionary.cpp, line 256]
Event: 4.626 Thread 0x000001f194232050 Exception <a 'java/lang/ClassNotFoundException'{0x00000000a56176f0}: org/springframework/beans/factory/AwareCustomizer> (0x00000000a56176f0) 
thrown [s\src\hotspot\share\classfile\systemDictionary.cpp, line 256]
Event: 4.626 Thread 0x000001f194232050 Exception <a 'java/lang/ClassNotFoundException'{0x00000000a561c5f0}: org/springframework/aop/PointcutAdvisorCustomizer> (0x00000000a561c5f0) 
thrown [s\src\hotspot\share\classfile\systemDictionary.cpp, line 256]
Event: 4.627 Thread 0x000001f194232050 Exception <a 'java/lang/ClassNotFoundException'{0x00000000a5622500}: org/springframework/aop/AdvisorCustomizer> (0x00000000a5622500) 
thrown [s\src\hotspot\share\classfile\systemDictionary.cpp, line 256]
Event: 4.628 Thread 0x000001f194232050 Exception <a 'java/lang/ClassNotFoundException'{0x00000000a5628bf0}: org/springframework/core/OrderedCustomizer> (0x00000000a5628bf0) 
thrown [s\src\hotspot\share\classfile\systemDictionary.cpp, line 256]
Event: 4.656 Thread 0x000001f194232050 Exception <a 'java/lang/NoSuchMethodError'{0x00000000a56ecab8}: 'java.lang.Object java.lang.invoke.DirectMethodHandle$Holder.invokeSpecialIFC(java.lang.Object, java.lang.Object, java.lang.Object)'> (0x00000000a56ecab8) 
thrown [s\src\hotspot\share\interpreter\linkResolver.cpp, line 759]
Event: 4.863 Thread 0x000001f194232050 Exception <a 'java/lang/NoSuchMethodError'{0x00000000a53f3910}: 'java.lang.Object java.lang.invoke.DirectMethodHandle$Holder.invokeStatic(java.lang.Object, java.lang.Object, int)'> (0x00000000a53f3910) 
thrown [s\src\hotspot\share\interpreter\linkResolver.cpp, line 759]
Event: 4.864 Thread 0x000001f194232050 Exception <a 'java/lang/NoSuchMethodError'{0x00000000a53ff558}: 'void java.lang.invoke.DelegatingMethodHandle$Holder.delegate(java.lang.Object, java.lang.Object, int, java.lang.Object)'> (0x00000000a53ff558) 
thrown [s\src\hotspot\share\interpreter\linkResolver.cpp, line 759]
Event: 4.929 Thread 0x000001f194232050 Exception <a 'java/lang/NoSuchMethodError'{0x00000000a51e5ae0}: 'void java.lang.invoke.DirectMethodHandle$Holder.invokeInterface(java.lang.Object, java.lang.Object, int)'> (0x00000000a51e5ae0) 
thrown [s\src\hotspot\share\interpreter\linkResolver.cpp, line 759]
Event: 4.931 Thread 0x000001f194232050 Exception <a 'java/lang/NoSuchMethodError'{0x00000000a51ff890}: 'int java.lang.invoke.DirectMethodHandle$Holder.invokeVirtual(java.lang.Object, java.lang.Object)'> (0x00000000a51ff890) 
thrown [s\src\hotspot\share\interpreter\linkResolver.cpp, line 759]
Event: 4.935 Thread 0x000001f194232050 Exception <a 'java/lang/IncompatibleClassChangeError'{0x00000000a503f410}: Found class java.lang.Object, but interface was expected> (0x00000000a503f410) 
thrown [s\src\hotspot\share\interpreter\linkResolver.cpp, line 826]
Event: 4.936 Thread 0x000001f194232050 Exception <a 'java/lang/NoSuchMethodError'{0x00000000a5044598}: 'void java.lang.invoke.DirectMethodHandle$Holder.invokeStatic(java.lang.Object, int, java.lang.Object)'> (0x00000000a5044598) 
thrown [s\src\hotspot\share\interpreter\linkResolver.cpp, line 759]
Event: 4.940 Thread 0x000001f194232050 Exception <a 'java/lang/NoSuchMethodError'{0x00000000a5073968}: 'int java.lang.invoke.DirectMethodHandle$Holder.invokeSpecial(java.lang.Object, java.lang.Object, int)'> (0x00000000a5073968) 
thrown [s\src\hotspot\share\interpreter\linkResolver.cpp, line 759]
Event: 5.103 Thread 0x000001f194232050 Exception <a 'java/lang/NoSuchMethodError'{0x00000000a7690e78}: 'java.lang.Object java.lang.invoke.DirectMethodHandle$Holder.invokeStaticInit(java.lang.Object, int, int, int, int)'> (0x00000000a7690e78) 
thrown [s\src\hotspot\share\interpreter\linkResolver.cpp, line 759]
Event: 5.210 Thread 0x000001f194232050 Exception <a 'java/lang/NoSuchMethodError'{0x00000000a7589f30}: 'java.lang.Object java.lang.invoke.DirectMethodHandle$Holder.invokeStaticInit(java.lang.Object, java.lang.Object, int, int, int, int)'> (0x00000000a7589f30) 
thrown [s\src\hotspot\share\interpreter\linkResolver.cpp, line 759]

VM Operations (20 events):
Event: 4.455 Executing VM operation: HandshakeAllThreads
Event: 4.455 Executing VM operation: HandshakeAllThreads done
Event: 4.481 Executing VM operation: HandshakeAllThreads
Event: 4.481 Executing VM operation: HandshakeAllThreads done
Event: 4.633 Executing VM operation: HandshakeAllThreads
Event: 4.633 Executing VM operation: HandshakeAllThreads done
Event: 4.859 Executing VM operation: ICBufferFull
Event: 4.859 Executing VM operation: ICBufferFull done
Event: 4.862 Executing VM operation: HandshakeAllThreads
Event: 4.862 Executing VM operation: HandshakeAllThreads done
Event: 4.873 Executing VM operation: HandshakeAllThreads
Event: 4.873 Executing VM operation: HandshakeAllThreads done
Event: 4.880 Executing VM operation: HandshakeAllThreads
Event: 4.880 Executing VM operation: HandshakeAllThreads done
Event: 5.019 Executing VM operation: G1CollectForAllocation
Event: 5.026 Executing VM operation: G1CollectForAllocation done
Event: 5.036 Executing VM operation: HandshakeAllThreads
Event: 5.036 Executing VM operation: HandshakeAllThreads done
Event: 5.194 Executing VM operation: HandshakeAllThreads
Event: 5.194 Executing VM operation: HandshakeAllThreads done

Events (20 events):
Event: 5.190 loading class java/nio/file/DirectoryStream$Filter done
Event: 5.190 loading class java/nio/file/Files$AcceptAllFilter done
Event: 5.190 loading class sun/nio/fs/WindowsDirectoryStream
Event: 5.191 loading class java/nio/file/DirectoryStream
Event: 5.191 loading class java/nio/file/DirectoryStream done
Event: 5.191 loading class sun/nio/fs/WindowsDirectoryStream done
Event: 5.192 loading class sun/nio/fs/WindowsDirectoryStream$WindowsDirectoryIterator
Event: 5.192 loading class sun/nio/fs/WindowsDirectoryStream$WindowsDirectoryIterator done
Event: 5.192 loading class sun/nio/fs/WindowsPath$WindowsPathWithAttributes
Event: 5.192 loading class sun/nio/fs/BasicFileAttributesHolder
Event: 5.193 loading class sun/nio/fs/BasicFileAttributesHolder done
Event: 5.193 loading class sun/nio/fs/WindowsPath$WindowsPathWithAttributes done
Event: 5.212 loading class sun/security/provider/AbstractDrbg$NonceProvider
Event: 5.212 loading class sun/security/provider/AbstractDrbg$NonceProvider done
Event: 5.212 loading class sun/security/provider/SHA2$SHA256
Event: 5.213 loading class sun/security/provider/SHA2
Event: 5.213 loading class sun/security/provider/SHA2 done
Event: 5.213 loading class sun/security/provider/SHA2$SHA256 done
Event: 5.215 loading class sun/nio/fs/WindowsPath$1
Event: 5.215 loading class sun/nio/fs/WindowsPath$1 done


Dynamic libraries:
0x00007ff73bae0000 - 0x00007ff73baed000 	C:\Users\max.bonas\.jdks\corretto-17.0.6\bin\java.exe
0x00007ffe3d910000 - 0x00007ffe3db08000 	C:\WINDOWS\SYSTEM32\ntdll.dll
0x00007ffe3cea0000 - 0x00007ffe3cf5f000 	C:\WINDOWS\System32\KERNEL32.DLL
0x00007ffe3b5e0000 - 0x00007ffe3b8d6000 	C:\WINDOWS\System32\KERNELBASE.dll
0x00007ffe3b0d0000 - 0x00007ffe3b1d0000 	C:\WINDOWS\System32\ucrtbase.dll
0x00007ffe34c20000 - 0x00007ffe34c35000 	C:\Users\max.bonas\.jdks\corretto-17.0.6\bin\VCRUNTIME140.dll
0x00007ffe342c0000 - 0x00007ffe342d7000 	C:\Users\max.bonas\.jdks\corretto-17.0.6\bin\jli.dll
0x00007ffe3d350000 - 0x00007ffe3d4ed000 	C:\WINDOWS\System32\USER32.dll
0x00007ffe12670000 - 0x00007ffe1290a000 	C:\WINDOWS\WinSxS\amd64_microsoft.windows.common-controls_6595b64144ccf1df_6.0.19041.1110_none_60b5254171f9507e\COMCTL32.dll
0x00007ffe3b0a0000 - 0x00007ffe3b0c2000 	C:\WINDOWS\System32\win32u.dll
0x00007ffe3bbe0000 - 0x00007ffe3bc7e000 	C:\WINDOWS\System32\msvcrt.dll
0x00007ffe3d7d0000 - 0x00007ffe3d7fc000 	C:\WINDOWS\System32\GDI32.dll
0x00007ffe3b1d0000 - 0x00007ffe3b2e5000 	C:\WINDOWS\System32\gdi32full.dll
0x00007ffe3b3e0000 - 0x00007ffe3b47d000 	C:\WINDOWS\System32\msvcp_win.dll
0x00007ffe3d270000 - 0x00007ffe3d2a0000 	C:\WINDOWS\System32\IMM32.DLL
0x00007ffe2c180000 - 0x00007ffe2c21b000 	C:\Users\max.bonas\.jdks\corretto-17.0.6\bin\msvcp140.dll
0x00007ffdea760000 - 0x00007ffdeb378000 	C:\Users\max.bonas\.jdks\corretto-17.0.6\bin\server\jvm.dll
0x00007ffe3bc80000 - 0x00007ffe3bd2f000 	C:\WINDOWS\System32\ADVAPI32.dll
0x00007ffe3d620000 - 0x00007ffe3d6bc000 	C:\WINDOWS\System32\sechost.dll
0x00007ffe3d4f0000 - 0x00007ffe3d616000 	C:\WINDOWS\System32\RPCRT4.dll
0x00007ffe2ade0000 - 0x00007ffe2ade9000 	C:\WINDOWS\SYSTEM32\WSOCK32.dll
0x00007ffe3bd30000 - 0x00007ffe3bd9b000 	C:\WINDOWS\System32\WS2_32.dll
0x00007ffe30aa0000 - 0x00007ffe30aaa000 	C:\WINDOWS\SYSTEM32\VERSION.dll
0x00007ffe38b10000 - 0x00007ffe38b37000 	C:\WINDOWS\SYSTEM32\WINMM.dll
0x00007ffe398c0000 - 0x00007ffe398d2000 	C:\WINDOWS\SYSTEM32\kernel.appcore.dll
0x00007ffe37f40000 - 0x00007ffe37f4a000 	C:\Users\max.bonas\.jdks\corretto-17.0.6\bin\jimage.dll
0x00007ffe38920000 - 0x00007ffe38b04000 	C:\WINDOWS\SYSTEM32\DBGHELP.DLL
0x00007ffe388e0000 - 0x00007ffe38914000 	C:\WINDOWS\SYSTEM32\dbgcore.DLL
0x00007ffe3b8e0000 - 0x00007ffe3b962000 	C:\WINDOWS\System32\bcryptPrimitives.dll
0x00007ffe35a50000 - 0x00007ffe35a5e000 	C:\Users\max.bonas\.jdks\corretto-17.0.6\bin\instrument.dll
0x00007ffe33a60000 - 0x00007ffe33a85000 	C:\Users\max.bonas\.jdks\corretto-17.0.6\bin\java.dll
0x00007ffe28960000 - 0x00007ffe28a36000 	C:\Users\max.bonas\.jdks\corretto-17.0.6\bin\jsvml.dll
0x00007ffe3c100000 - 0x00007ffe3c844000 	C:\WINDOWS\System32\SHELL32.dll
0x00007ffe39000000 - 0x00007ffe39793000 	C:\WINDOWS\SYSTEM32\windows.storage.dll
0x00007ffe3bda0000 - 0x00007ffe3c0f4000 	C:\WINDOWS\System32\combase.dll
0x00007ffe3aa50000 - 0x00007ffe3aa7e000 	C:\WINDOWS\SYSTEM32\Wldp.dll
0x00007ffe3d720000 - 0x00007ffe3d7cd000 	C:\WINDOWS\System32\SHCORE.dll
0x00007ffe3bb80000 - 0x00007ffe3bbd5000 	C:\WINDOWS\System32\shlwapi.dll
0x00007ffe3af30000 - 0x00007ffe3af4f000 	C:\WINDOWS\SYSTEM32\profapi.dll
0x00007ffe2dac0000 - 0x00007ffe2dad8000 	C:\Users\max.bonas\.jdks\corretto-17.0.6\bin\zip.dll
0x00007ffe33a40000 - 0x00007ffe33a59000 	C:\Users\max.bonas\.jdks\corretto-17.0.6\bin\net.dll
0x00007ffe32f90000 - 0x00007ffe3309a000 	C:\WINDOWS\SYSTEM32\WINHTTP.dll
0x00007ffe3a7b0000 - 0x00007ffe3a81a000 	C:\WINDOWS\system32\mswsock.dll
0x00007ffe2dae0000 - 0x00007ffe2daf5000 	C:\Users\max.bonas\.jdks\corretto-17.0.6\bin\nio.dll
0x00007ffe2c0f0000 - 0x00007ffe2c10a000 	C:\Program Files\JetBrains\IntelliJ IDEA Community Edition 2022.3.2\bin\breakgen64.dll
0x00007ffe34dc0000 - 0x00007ffe34dd0000 	C:\Users\max.bonas\.jdks\corretto-17.0.6\bin\verify.dll
0x00007ffe342b0000 - 0x00007ffe342b9000 	C:\Users\max.bonas\.jdks\corretto-17.0.6\bin\management.dll
0x00007ffe33a30000 - 0x00007ffe33a3b000 	C:\Users\max.bonas\.jdks\corretto-17.0.6\bin\management_ext.dll
0x00007ffe3d260000 - 0x00007ffe3d268000 	C:\WINDOWS\System32\PSAPI.DLL
0x00007ffe08460000 - 0x00007ffe08477000 	C:\WINDOWS\system32\napinsp.dll
0x00007ffe08440000 - 0x00007ffe0845b000 	C:\WINDOWS\system32\pnrpnsp.dll
0x00007ffe08420000 - 0x00007ffe08435000 	C:\WINDOWS\system32\wshbth.dll
0x00007ffe34210000 - 0x00007ffe3422d000 	C:\WINDOWS\system32\NLAapi.dll
0x00007ffe3a450000 - 0x00007ffe3a48c000 	C:\WINDOWS\SYSTEM32\IPHLPAPI.DLL
0x00007ffe3a4a0000 - 0x00007ffe3a56b000 	C:\WINDOWS\SYSTEM32\DNSAPI.dll
0x00007ffe3ccc0000 - 0x00007ffe3ccc8000 	C:\WINDOWS\System32\NSI.dll
0x00007ffe08400000 - 0x00007ffe08412000 	C:\WINDOWS\System32\winrnr.dll
0x00007ffe325e0000 - 0x00007ffe325ea000 	C:\Windows\System32\rasadhlp.dll
0x00007ffe35fa0000 - 0x00007ffe36022000 	C:\WINDOWS\System32\fwpuclnt.dll
0x00007ffe3b3b0000 - 0x00007ffe3b3d7000 	C:\WINDOWS\System32\bcrypt.dll
0x00007ffe3a9a0000 - 0x00007ffe3a9b8000 	C:\WINDOWS\SYSTEM32\CRYPTSP.dll
0x00007ffe3a060000 - 0x00007ffe3a094000 	C:\WINDOWS\system32\rsaenh.dll
0x00007ffe3aeb0000 - 0x00007ffe3aede000 	C:\WINDOWS\SYSTEM32\USERENV.dll
0x00007ffe3a9c0000 - 0x00007ffe3a9cc000 	C:\WINDOWS\SYSTEM32\CRYPTBASE.dll
0x00007ffe35f80000 - 0x00007ffe35f97000 	C:\WINDOWS\SYSTEM32\dhcpcsvc6.DLL
0x00007ffe35f60000 - 0x00007ffe35f7d000 	C:\WINDOWS\SYSTEM32\dhcpcsvc.DLL

dbghelp: loaded successfully - version: 4.0.5 - missing functions: none
symbol engine: initialized successfully - sym options: 0x614 - pdb path: .;C:\Users\max.bonas\.jdks\corretto-17.0.6\bin;C:\WINDOWS\SYSTEM32;C:\WINDOWS\WinSxS\amd64_microsoft.windows.common-controls_6595b64144ccf1df_6.0.19041.1110_none_60b5254171f9507e;C:\Users\max.bonas\.jdks\corretto-17.0.6\bin\server;C:\Program Files\JetBrains\IntelliJ IDEA Community Edition 2022.3.2\bin

VM Arguments:
jvm_args: -javaagent:C:\Program Files\JetBrains\IntelliJ IDEA Community Edition 2022.3.2\lib\idea_rt.jar=50695:C:\Program Files\JetBrains\IntelliJ IDEA Community Edition 2022.3.2\bin -Dfile.encoding=UTF-8 
java_command: MultiAplicacion.MultiAplicacionApplication
java_class_path (initial): C:\Users\max.bonas\Documents\MultiAplicacion GrupoLapuente\MultiAplicacion-GrupoLapuente\target\classes;C:\Users\max.bonas\.m2\repository\org\springframework\boot\spring-boot-starter-data-jdbc\2.6.3\spring-boot-starter-data-jdbc-2.6.3.jar;C:\Users\max.bonas\.m2\repository\org\springframework\boot\spring-boot-starter-jdbc\2.6.3\spring-boot-starter-jdbc-2.6.3.jar;C:\Users\max.bonas\.m2\repository\com\zaxxer\HikariCP\4.0.3\HikariCP-4.0.3.jar;C:\Users\max.bonas\.m2\repository\org\springframework\spring-jdbc\5.3.15\spring-jdbc-5.3.15.jar;C:\Users\max.bonas\.m2\repository\org\springframework\data\spring-data-jdbc\2.3.1\spring-data-jdbc-2.3.1.jar;C:\Users\max.bonas\.m2\repository\org\springframework\data\spring-data-relational\2.3.1\spring-data-relational-2.3.1.jar;C:\Users\max.bonas\.m2\repository\org\springframework\data\spring-data-commons\2.6.1\spring-data-commons-2.6.1.jar;C:\Users\max.bonas\.m2\repository\org\springframework\spring-tx\5.3.15\spring-tx-5.3.15.jar;C:\Users\max.bonas\.m2\repository\org\springframework\spring-context\5.3.15\spring-context-5.3.15.jar;C:\Users\max.bonas\.m2\repository\org\springframework\spring-beans\5.3.15\spring-beans-5.3.15.jar;C:\Users\max.bonas\.m2\repository\org\slf4j\slf4j-api\1.7.33\slf4j-api-1.7.33.jar;C:\Users\max.bonas\.m2\repository\org\springframework\boot\spring-boot-starter-validation\2.6.3\spring-boot-starter-validation-2.6.3.jar;C:\Users\max.bonas\.m2\repository\org\springframework\boot\spring-boot-starter\2.6.3\spring-boot-starter-2.6.3.jar;C:\Users\max.bonas\.m2\repository\org\springframework\boot\spring-boot-starter-logging\2.6.3\spring-boot-starter-logging-2.6.3.jar;C:\Users\max.bonas\.m2\repository\ch\qos\logback\logback-classic\1.2.10\logback-classic-1.2.10.jar;C:\Users\max.bonas\.m2\repository\ch\qos\logback\logback-core\1.2.10\logback-core-1.2.10.jar;C:\Users\max.bonas\.m2\repository\org\apache\logging\log4j\log4j-to-slf4j\2.17.1\log4j-to-slf4j-2.17.1.jar;C:\Users\max.bonas\.m2\reposito
Launcher Type: SUN_STANDARD

[Global flags]
     intx CICompilerCount                          = 4                                         {product} {ergonomic}
     uint ConcGCThreads                            = 3                                         {product} {ergonomic}
     uint G1ConcRefinementThreads                  = 10                                        {product} {ergonomic}
   size_t G1HeapRegionSize                         = 1048576                                   {product} {ergonomic}
    uintx GCDrainStackTargetSize                   = 64                                        {product} {ergonomic}
   size_t InitialHeapSize                          = 98566144                                  {product} {ergonomic}
   size_t MarkStackSize                            = 4194304                                   {product} {ergonomic}
   size_t MaxHeapSize                              = 1564475392                                {product} {ergonomic}
   size_t MaxNewSize                               = 938475520                                 {product} {ergonomic}
   size_t MinHeapDeltaBytes                        = 1048576                                   {product} {ergonomic}
   size_t MinHeapSize                              = 8388608                                   {product} {ergonomic}
    uintx NonNMethodCodeHeapSize                   = 5839372                                {pd product} {ergonomic}
    uintx NonProfiledCodeHeapSize                  = 122909434                              {pd product} {ergonomic}
    uintx ProfiledCodeHeapSize                     = 122909434                              {pd product} {ergonomic}
    uintx ReservedCodeCacheSize                    = 251658240                              {pd product} {ergonomic}
     bool SegmentedCodeCache                       = true                                      {product} {ergonomic}
   size_t SoftMaxHeapSize                          = 1564475392                             {manageable} {ergonomic}
     bool UseCompressedClassPointers               = true                           {product lp64_product} {ergonomic}
     bool UseCompressedOops                        = true                           {product lp64_product} {ergonomic}
     bool UseG1GC                                  = true                                      {product} {ergonomic}
     bool UseLargePagesIndividualAllocation        = false                                  {pd product} {ergonomic}

Logging:
Log output configuration:
 #0: stdout all=warning uptime,level,tags
 #1: stderr all=off uptime,level,tags

Environment Variables:
PATH=C:\WINDOWS\system32;C:\WINDOWS;C:\WINDOWS\System32\Wbem;C:\WINDOWS\System32\WindowsPowerShell\v1.0\;C:\WINDOWS\System32\OpenSSH\;C:\Program Files\Git\cmd;C:\Program Files\Microsoft SQL Server\150\Tools\Binn\;C:\Program Files\Microsoft SQL Server\Client SDK\ODBC\170\Tools\Binn\;C:\Program Files\PuTTY\;C:\Program Files\dotnet\;C:\Program Files\MySQL\MySQL Shell 8.0\bin\;C:\Users\max.bonas\AppData\Local\Microsoft\WindowsApps;C:\Users\max.bonas\.dotnet\tools
USERNAME=max.bonas
OS=Windows_NT
PROCESSOR_IDENTIFIER=AMD64 Family 23 Model 104 Stepping 1, AuthenticAMD
TMP=C:\Users\MAX~1.BON\AppData\Local\Temp
TEMP=C:\Users\MAX~1.BON\AppData\Local\Temp



---------------  S Y S T E M  ---------------

OS:
 Windows 10 , 64 bit Build 19041 (10.0.19041.2913)
OS uptime: 2 days 1:15 hours

CPU: total 12 (initial active 12) (12 cores per cpu, 2 threads per core) family 23 model 104 stepping 1 microcode 0x0, cx8, cmov, fxsr, ht, mmx, 3dnowpref, sse, sse2, sse3, ssse3, sse4a, sse4.1, sse4.2, popcnt, lzcnt, tsc, tscinvbit, avx, avx2, aes, clmul, bmi1, bmi2, adx, sha, fma, vzeroupper, clflush, clflushopt

Memory: 4k page, system-wide physical 5966M (299M free)
TotalPageFile size 24398M (AvailPageFile size 0M)
current process WorkingSet (physical memory assigned to process): 216M, peak: 218M
current process commit charge ("private bytes"): 267M, peak: 270M

vm_info: OpenJDK 64-Bit Server VM (17.0.6+10-LTS) for windows-amd64 JRE (17.0.6+10-LTS), built on Jan 13 2023 22:57:04 by "Administrator" with MS VC++ 15.9 (VS2017)

END.
