#
# There is insufficient memory for the Java Runtime Environment to continue.
# Native memory allocation (malloc) failed to allocate 882656 bytes for Chunk::new
# Possible reasons:
#   The system is out of physical RAM or swap space
#   The process is running with CompressedOops enabled, and the Java Heap may be blocking the growth of the native heap
# Possible solutions:
#   Reduce memory load on the system
#   Increase physical memory or swap space
#   Check if swap backing store is full
#   Decrease Java heap size (-Xmx/-Xms)
#   Decrease number of Java threads
#   Decrease Java thread stack sizes (-Xss)
#   Set larger code cache with -XX:ReservedCodeCacheSize=
#   JVM is running with Unscaled Compressed Oops mode in which the Java heap is
#     placed in the first 4GB address space. The Java Heap base address is the
#     maximum limit for the native heap growth. Please use -XX:HeapBaseMinAddress
#     to set the Java Heap base and to place the Java Heap above 4GB virtual address.
# This output file may be truncated or incomplete.
#
#  Out of Memory Error (arena.cpp:189), pid=12724, tid=11072
#
# JRE version: OpenJDK Runtime Environment Corretto-17.0.6.10.1 (17.0.6+10) (build 17.0.6+10-LTS)
# Java VM: OpenJDK 64-Bit Server VM Corretto-17.0.6.10.1 (17.0.6+10-LTS, mixed mode, sharing, tiered, compressed oops, compressed class ptrs, g1 gc, windows-amd64)
# No core dump will be written. Minidumps are not enabled by default on client versions of Windows
#

---------------  S U M M A R Y ------------

Command Line: -ea -Didea.test.cyclic.buffer.size=1048576 -javaagent:C:\Program Files\JetBrains\IntelliJ IDEA Community Edition 2022.3.2\lib\idea_rt.jar=57308:C:\Program Files\JetBrains\IntelliJ IDEA Community Edition 2022.3.2\bin -Dfile.encoding=UTF-8 com.intellij.rt.junit.JUnitStarter -ideVersion5 -junit5 MultiAplicacion.AdminControllerTests

Host: AMD Ryzen 5 5500U with Radeon Graphics         , 12 cores, 5G,  Windows 10 , 64 bit Build 19041 (10.0.19041.2788)
Time: Tue May  2 10:42:46 2023 Hora de verano romance elapsed time: 1.188303 seconds (0d 0h 0m 1s)

---------------  T H R E A D  ---------------

Current thread (0x000001b52a0aa9a0):  JavaThread "C2 CompilerThread0" daemon [_thread_in_native, id=11072, stack(0x0000006bf6400000,0x0000006bf6500000)]


Current CompileTask:
C2:   1188 1580       4       jdk.internal.org.objectweb.asm.Frame::execute (2305 bytes)

Stack: [0x0000006bf6400000,0x0000006bf6500000]
Native frames: (J=compiled Java code, j=interpreted, Vv=VM code, C=native code)
V  [jvm.dll+0x64b39a]
V  [jvm.dll+0x7ff044]
V  [jvm.dll+0x8007fe]
V  [jvm.dll+0x800e53]
V  [jvm.dll+0x235848]
V  [jvm.dll+0xbce6c]
V  [jvm.dll+0xbd44c]
V  [jvm.dll+0x29cc12]
V  [jvm.dll+0x557b28]
V  [jvm.dll+0x21216b]
V  [jvm.dll+0x20b8b0]
V  [jvm.dll+0x209122]
V  [jvm.dll+0x19926d]
V  [jvm.dll+0x2185dd]
V  [jvm.dll+0x216824]
V  [jvm.dll+0x7b77bb]
V  [jvm.dll+0x7b1d6a]
V  [jvm.dll+0x64a265]
C  [ucrtbase.dll+0x21bb2]
C  [KERNEL32.DLL+0x17604]
C  [ntdll.dll+0x526a1]


---------------  P R O C E S S  ---------------

Threads class SMR info:
_java_thread_list=0x000001b52ad60230, length=14, elements={
0x000001b50cc90980, 0x000001b52a092f50, 0x000001b52a093a10, 0x000001b52a0a4f20,
0x000001b52a0a59e0, 0x000001b52a0a64a0, 0x000001b52a0a9590, 0x000001b52a0aa9a0,
0x000001b52a0bc0b0, 0x000001b52a0dd9d0, 0x000001b52ace68c0, 0x000001b52ad179e0,
0x000001b52ae908d0, 0x000001b52ae90da0
}

Java Threads: ( => current thread )
  0x000001b50cc90980 JavaThread "main" [_thread_in_vm, id=2184, stack(0x0000006bf5700000,0x0000006bf5800000)]
  0x000001b52a092f50 JavaThread "Reference Handler" daemon [_thread_blocked, id=10728, stack(0x0000006bf5e00000,0x0000006bf5f00000)]
  0x000001b52a093a10 JavaThread "Finalizer" daemon [_thread_blocked, id=5180, stack(0x0000006bf5f00000,0x0000006bf6000000)]
  0x000001b52a0a4f20 JavaThread "Signal Dispatcher" daemon [_thread_blocked, id=19912, stack(0x0000006bf6000000,0x0000006bf6100000)]
  0x000001b52a0a59e0 JavaThread "Attach Listener" daemon [_thread_blocked, id=13524, stack(0x0000006bf6100000,0x0000006bf6200000)]
  0x000001b52a0a64a0 JavaThread "Service Thread" daemon [_thread_blocked, id=19024, stack(0x0000006bf6200000,0x0000006bf6300000)]
  0x000001b52a0a9590 JavaThread "Monitor Deflation Thread" daemon [_thread_blocked, id=8548, stack(0x0000006bf6300000,0x0000006bf6400000)]
=>0x000001b52a0aa9a0 JavaThread "C2 CompilerThread0" daemon [_thread_in_native, id=11072, stack(0x0000006bf6400000,0x0000006bf6500000)]
  0x000001b52a0bc0b0 JavaThread "C1 CompilerThread0" daemon [_thread_blocked, id=10772, stack(0x0000006bf6500000,0x0000006bf6600000)]
  0x000001b52a0dd9d0 JavaThread "Sweeper thread" daemon [_thread_blocked, id=3108, stack(0x0000006bf6600000,0x0000006bf6700000)]
  0x000001b52ace68c0 JavaThread "Common-Cleaner" daemon [_thread_blocked, id=10512, stack(0x0000006bf6700000,0x0000006bf6800000)]
  0x000001b52ad179e0 JavaThread "C2 CompilerThread1" daemon [_thread_in_native, id=20088, stack(0x0000006bf6800000,0x0000006bf6900000)]
  0x000001b52ae908d0 JavaThread "Monitor Ctrl-Break" daemon [_thread_in_native, id=16692, stack(0x0000006bf6900000,0x0000006bf6a00000)]
  0x000001b52ae90da0 JavaThread "Notification Thread" daemon [_thread_blocked, id=16612, stack(0x0000006bf6a00000,0x0000006bf6b00000)]

Other Threads:
  0x000001b52a08c980 VMThread "VM Thread" [stack: 0x0000006bf5d00000,0x0000006bf5e00000] [id=6560]
  0x000001b50cd002c0 WatcherThread [stack: 0x0000006bf6b00000,0x0000006bf6c00000] [id=3752]
  0x000001b50ccdde20 GCTaskThread "GC Thread#0" [stack: 0x0000006bf5800000,0x0000006bf5900000] [id=8416]
  0x000001b52be71bf0 GCTaskThread "GC Thread#1" [stack: 0x0000006bf6c00000,0x0000006bf6d00000] [id=17280]
  0x000001b52bcac980 GCTaskThread "GC Thread#2" [stack: 0x0000006bf6d00000,0x0000006bf6e00000] [id=6388]
  0x000001b52bcacc30 GCTaskThread "GC Thread#3" [stack: 0x0000006bf6e00000,0x0000006bf6f00000] [id=14908]
  0x000001b52b4bd360 GCTaskThread "GC Thread#4" [stack: 0x0000006bf6f00000,0x0000006bf7000000] [id=13396]
  0x000001b50ccea590 ConcurrentGCThread "G1 Main Marker" [stack: 0x0000006bf5900000,0x0000006bf5a00000] [id=6136]
  0x000001b50ccead50 ConcurrentGCThread "G1 Conc#0" [stack: 0x0000006bf5a00000,0x0000006bf5b00000] [id=16204]
  0x000001b529f53c60 ConcurrentGCThread "G1 Refine#0" [stack: 0x0000006bf5b00000,0x0000006bf5c00000] [id=19808]
  0x000001b529f54430 ConcurrentGCThread "G1 Service" [stack: 0x0000006bf5c00000,0x0000006bf5d00000] [id=12108]

Threads with active compile tasks:
C2 CompilerThread0     1296 1580       4       jdk.internal.org.objectweb.asm.Frame::execute (2305 bytes)
C2 CompilerThread1     1296 1615       4       jdk.internal.loader.URLClassPath::getResource (74 bytes)

VM state: not at safepoint (normal execution)

VM Mutex/Monitor currently owned by a thread:  ([mutex/lock_event])
[0x000001b50cc8b2f0] Metaspace_lock - owner thread: 0x000001b50cc90980

Heap address: 0x00000000a2c00000, size: 1492 MB, Compressed Oops mode: 32-bit

CDS archive(s) mapped at: [0x0000000800000000-0x0000000800bc0000-0x0000000800bc0000), size 12320768, SharedBaseAddress: 0x0000000800000000, ArchiveRelocationMode: 0.
Compressed class space mapped at: 0x0000000800c00000-0x0000000840c00000, reserved size: 1073741824
Narrow klass base: 0x0000000800000000, Narrow klass shift: 0, Narrow klass range: 0x100000000

GC Precious Log:
 CPUs: 12 total, 12 available
 Memory: 5966M
 Large Page Support: Disabled
 NUMA Support: Disabled
 Compressed Oops: Enabled (32-bit)
 Heap Region Size: 1M
 Heap Min Capacity: 8M
 Heap Initial Capacity: 94M
 Heap Max Capacity: 1492M
 Pre-touch: Disabled
 Parallel Workers: 10
 Concurrent Workers: 3
 Concurrent Refinement Workers: 10
 Periodic GC: Disabled

Heap:
 garbage-first heap   total 96256K, used 28416K [0x00000000a2c00000, 0x0000000100000000)
  region size 1024K, 23 young (23552K), 3 survivors (3072K)
 Metaspace       used 9004K, committed 9152K, reserved 1064960K
  class space    used 1106K, committed 1152K, reserved 1048576K

Heap Regions: E=young(eden), S=young(survivor), O=old, HS=humongous(starts), HC=humongous(continues), CS=collection set, F=free, OA=open archive, CA=closed archive, TAMS=top-at-mark-start (previous, next)
|   0|0x00000000a2c00000, 0x00000000a2d00000, 0x00000000a2d00000|100%|HS|  |TAMS 0x00000000a2c00000, 0x00000000a2c00000| Complete 
|   1|0x00000000a2d00000, 0x00000000a2e00000, 0x00000000a2e00000|100%| O|  |TAMS 0x00000000a2d00000, 0x00000000a2d00000| Untracked 
|   2|0x00000000a2e00000, 0x00000000a2f00000, 0x00000000a2f00000|100%| O|  |TAMS 0x00000000a2e00000, 0x00000000a2e00000| Untracked 
|   3|0x00000000a2f00000, 0x00000000a3000000, 0x00000000a3000000|100%| O|  |TAMS 0x00000000a2f00000, 0x00000000a2f00000| Untracked 
|   4|0x00000000a3000000, 0x00000000a3100000, 0x00000000a3100000|100%| O|  |TAMS 0x00000000a3000000, 0x00000000a3000000| Untracked 
|   5|0x00000000a3100000, 0x00000000a31c0000, 0x00000000a3200000| 75%| O|  |TAMS 0x00000000a3100000, 0x00000000a3100000| Untracked 
|   6|0x00000000a3200000, 0x00000000a3200000, 0x00000000a3300000|  0%| F|  |TAMS 0x00000000a3200000, 0x00000000a3200000| Untracked 
|   7|0x00000000a3300000, 0x00000000a3300000, 0x00000000a3400000|  0%| F|  |TAMS 0x00000000a3300000, 0x00000000a3300000| Untracked 
|   8|0x00000000a3400000, 0x00000000a3400000, 0x00000000a3500000|  0%| F|  |TAMS 0x00000000a3400000, 0x00000000a3400000| Untracked 
|   9|0x00000000a3500000, 0x00000000a3500000, 0x00000000a3600000|  0%| F|  |TAMS 0x00000000a3500000, 0x00000000a3500000| Untracked 
|  10|0x00000000a3600000, 0x00000000a3600000, 0x00000000a3700000|  0%| F|  |TAMS 0x00000000a3600000, 0x00000000a3600000| Untracked 
|  11|0x00000000a3700000, 0x00000000a3700000, 0x00000000a3800000|  0%| F|  |TAMS 0x00000000a3700000, 0x00000000a3700000| Untracked 
|  12|0x00000000a3800000, 0x00000000a3800000, 0x00000000a3900000|  0%| F|  |TAMS 0x00000000a3800000, 0x00000000a3800000| Untracked 
|  13|0x00000000a3900000, 0x00000000a3900000, 0x00000000a3a00000|  0%| F|  |TAMS 0x00000000a3900000, 0x00000000a3900000| Untracked 
|  14|0x00000000a3a00000, 0x00000000a3a00000, 0x00000000a3b00000|  0%| F|  |TAMS 0x00000000a3a00000, 0x00000000a3a00000| Untracked 
|  15|0x00000000a3b00000, 0x00000000a3b00000, 0x00000000a3c00000|  0%| F|  |TAMS 0x00000000a3b00000, 0x00000000a3b00000| Untracked 
|  16|0x00000000a3c00000, 0x00000000a3c00000, 0x00000000a3d00000|  0%| F|  |TAMS 0x00000000a3c00000, 0x00000000a3c00000| Untracked 
|  17|0x00000000a3d00000, 0x00000000a3d00000, 0x00000000a3e00000|  0%| F|  |TAMS 0x00000000a3d00000, 0x00000000a3d00000| Untracked 
|  18|0x00000000a3e00000, 0x00000000a3e00000, 0x00000000a3f00000|  0%| F|  |TAMS 0x00000000a3e00000, 0x00000000a3e00000| Untracked 
|  19|0x00000000a3f00000, 0x00000000a3f00000, 0x00000000a4000000|  0%| F|  |TAMS 0x00000000a3f00000, 0x00000000a3f00000| Untracked 
|  20|0x00000000a4000000, 0x00000000a4000000, 0x00000000a4100000|  0%| F|  |TAMS 0x00000000a4000000, 0x00000000a4000000| Untracked 
|  21|0x00000000a4100000, 0x00000000a4100000, 0x00000000a4200000|  0%| F|  |TAMS 0x00000000a4100000, 0x00000000a4100000| Untracked 
|  22|0x00000000a4200000, 0x00000000a4200000, 0x00000000a4300000|  0%| F|  |TAMS 0x00000000a4200000, 0x00000000a4200000| Untracked 
|  23|0x00000000a4300000, 0x00000000a4300000, 0x00000000a4400000|  0%| F|  |TAMS 0x00000000a4300000, 0x00000000a4300000| Untracked 
|  24|0x00000000a4400000, 0x00000000a4400000, 0x00000000a4500000|  0%| F|  |TAMS 0x00000000a4400000, 0x00000000a4400000| Untracked 
|  25|0x00000000a4500000, 0x00000000a4500000, 0x00000000a4600000|  0%| F|  |TAMS 0x00000000a4500000, 0x00000000a4500000| Untracked 
|  26|0x00000000a4600000, 0x00000000a4600000, 0x00000000a4700000|  0%| F|  |TAMS 0x00000000a4600000, 0x00000000a4600000| Untracked 
|  27|0x00000000a4700000, 0x00000000a4700000, 0x00000000a4800000|  0%| F|  |TAMS 0x00000000a4700000, 0x00000000a4700000| Untracked 
|  28|0x00000000a4800000, 0x00000000a4800000, 0x00000000a4900000|  0%| F|  |TAMS 0x00000000a4800000, 0x00000000a4800000| Untracked 
|  29|0x00000000a4900000, 0x00000000a4900000, 0x00000000a4a00000|  0%| F|  |TAMS 0x00000000a4900000, 0x00000000a4900000| Untracked 
|  30|0x00000000a4a00000, 0x00000000a4a00000, 0x00000000a4b00000|  0%| F|  |TAMS 0x00000000a4a00000, 0x00000000a4a00000| Untracked 
|  31|0x00000000a4b00000, 0x00000000a4b00000, 0x00000000a4c00000|  0%| F|  |TAMS 0x00000000a4b00000, 0x00000000a4b00000| Untracked 
|  32|0x00000000a4c00000, 0x00000000a4c00000, 0x00000000a4d00000|  0%| F|  |TAMS 0x00000000a4c00000, 0x00000000a4c00000| Untracked 
|  33|0x00000000a4d00000, 0x00000000a4d00000, 0x00000000a4e00000|  0%| F|  |TAMS 0x00000000a4d00000, 0x00000000a4d00000| Untracked 
|  34|0x00000000a4e00000, 0x00000000a4e00000, 0x00000000a4f00000|  0%| F|  |TAMS 0x00000000a4e00000, 0x00000000a4e00000| Untracked 
|  35|0x00000000a4f00000, 0x00000000a4f00000, 0x00000000a5000000|  0%| F|  |TAMS 0x00000000a4f00000, 0x00000000a4f00000| Untracked 
|  36|0x00000000a5000000, 0x00000000a5000000, 0x00000000a5100000|  0%| F|  |TAMS 0x00000000a5000000, 0x00000000a5000000| Untracked 
|  37|0x00000000a5100000, 0x00000000a5100000, 0x00000000a5200000|  0%| F|  |TAMS 0x00000000a5100000, 0x00000000a5100000| Untracked 
|  38|0x00000000a5200000, 0x00000000a5200000, 0x00000000a5300000|  0%| F|  |TAMS 0x00000000a5200000, 0x00000000a5200000| Untracked 
|  39|0x00000000a5300000, 0x00000000a5300000, 0x00000000a5400000|  0%| F|  |TAMS 0x00000000a5300000, 0x00000000a5300000| Untracked 
|  40|0x00000000a5400000, 0x00000000a5400000, 0x00000000a5500000|  0%| F|  |TAMS 0x00000000a5400000, 0x00000000a5400000| Untracked 
|  41|0x00000000a5500000, 0x00000000a5500000, 0x00000000a5600000|  0%| F|  |TAMS 0x00000000a5500000, 0x00000000a5500000| Untracked 
|  42|0x00000000a5600000, 0x00000000a5600000, 0x00000000a5700000|  0%| F|  |TAMS 0x00000000a5600000, 0x00000000a5600000| Untracked 
|  43|0x00000000a5700000, 0x00000000a5700000, 0x00000000a5800000|  0%| F|  |TAMS 0x00000000a5700000, 0x00000000a5700000| Untracked 
|  44|0x00000000a5800000, 0x00000000a5800000, 0x00000000a5900000|  0%| F|  |TAMS 0x00000000a5800000, 0x00000000a5800000| Untracked 
|  45|0x00000000a5900000, 0x00000000a5900000, 0x00000000a5a00000|  0%| F|  |TAMS 0x00000000a5900000, 0x00000000a5900000| Untracked 
|  46|0x00000000a5a00000, 0x00000000a5a00000, 0x00000000a5b00000|  0%| F|  |TAMS 0x00000000a5a00000, 0x00000000a5a00000| Untracked 
|  47|0x00000000a5b00000, 0x00000000a5b00000, 0x00000000a5c00000|  0%| F|  |TAMS 0x00000000a5b00000, 0x00000000a5b00000| Untracked 
|  48|0x00000000a5c00000, 0x00000000a5c00000, 0x00000000a5d00000|  0%| F|  |TAMS 0x00000000a5c00000, 0x00000000a5c00000| Untracked 
|  49|0x00000000a5d00000, 0x00000000a5d00000, 0x00000000a5e00000|  0%| F|  |TAMS 0x00000000a5d00000, 0x00000000a5d00000| Untracked 
|  50|0x00000000a5e00000, 0x00000000a5e00000, 0x00000000a5f00000|  0%| F|  |TAMS 0x00000000a5e00000, 0x00000000a5e00000| Untracked 
|  51|0x00000000a5f00000, 0x00000000a5f00000, 0x00000000a6000000|  0%| F|  |TAMS 0x00000000a5f00000, 0x00000000a5f00000| Untracked 
|  52|0x00000000a6000000, 0x00000000a6000000, 0x00000000a6100000|  0%| F|  |TAMS 0x00000000a6000000, 0x00000000a6000000| Untracked 
|  53|0x00000000a6100000, 0x00000000a6100000, 0x00000000a6200000|  0%| F|  |TAMS 0x00000000a6100000, 0x00000000a6100000| Untracked 
|  54|0x00000000a6200000, 0x00000000a6200000, 0x00000000a6300000|  0%| F|  |TAMS 0x00000000a6200000, 0x00000000a6200000| Untracked 
|  55|0x00000000a6300000, 0x00000000a6300000, 0x00000000a6400000|  0%| F|  |TAMS 0x00000000a6300000, 0x00000000a6300000| Untracked 
|  56|0x00000000a6400000, 0x00000000a6400000, 0x00000000a6500000|  0%| F|  |TAMS 0x00000000a6400000, 0x00000000a6400000| Untracked 
|  57|0x00000000a6500000, 0x00000000a6500000, 0x00000000a6600000|  0%| F|  |TAMS 0x00000000a6500000, 0x00000000a6500000| Untracked 
|  58|0x00000000a6600000, 0x00000000a6600000, 0x00000000a6700000|  0%| F|  |TAMS 0x00000000a6600000, 0x00000000a6600000| Untracked 
|  59|0x00000000a6700000, 0x00000000a6700000, 0x00000000a6800000|  0%| F|  |TAMS 0x00000000a6700000, 0x00000000a6700000| Untracked 
|  60|0x00000000a6800000, 0x00000000a6800000, 0x00000000a6900000|  0%| F|  |TAMS 0x00000000a6800000, 0x00000000a6800000| Untracked 
|  61|0x00000000a6900000, 0x00000000a6900000, 0x00000000a6a00000|  0%| F|  |TAMS 0x00000000a6900000, 0x00000000a6900000| Untracked 
|  62|0x00000000a6a00000, 0x00000000a6a00000, 0x00000000a6b00000|  0%| F|  |TAMS 0x00000000a6a00000, 0x00000000a6a00000| Untracked 
|  63|0x00000000a6b00000, 0x00000000a6b00000, 0x00000000a6c00000|  0%| F|  |TAMS 0x00000000a6b00000, 0x00000000a6b00000| Untracked 
|  64|0x00000000a6c00000, 0x00000000a6c00000, 0x00000000a6d00000|  0%| F|  |TAMS 0x00000000a6c00000, 0x00000000a6c00000| Untracked 
|  65|0x00000000a6d00000, 0x00000000a6d00000, 0x00000000a6e00000|  0%| F|  |TAMS 0x00000000a6d00000, 0x00000000a6d00000| Untracked 
|  66|0x00000000a6e00000, 0x00000000a6e00000, 0x00000000a6f00000|  0%| F|  |TAMS 0x00000000a6e00000, 0x00000000a6e00000| Untracked 
|  67|0x00000000a6f00000, 0x00000000a6f00000, 0x00000000a7000000|  0%| F|  |TAMS 0x00000000a6f00000, 0x00000000a6f00000| Untracked 
|  68|0x00000000a7000000, 0x00000000a7100000, 0x00000000a7100000|100%| S|CS|TAMS 0x00000000a7000000, 0x00000000a7000000| Complete 
|  69|0x00000000a7100000, 0x00000000a7200000, 0x00000000a7200000|100%| S|CS|TAMS 0x00000000a7100000, 0x00000000a7100000| Complete 
|  70|0x00000000a7200000, 0x00000000a7300000, 0x00000000a7300000|100%| S|CS|TAMS 0x00000000a7200000, 0x00000000a7200000| Complete 
|  71|0x00000000a7300000, 0x00000000a7300000, 0x00000000a7400000|  0%| F|  |TAMS 0x00000000a7300000, 0x00000000a7300000| Untracked 
|  72|0x00000000a7400000, 0x00000000a7400000, 0x00000000a7500000|  0%| F|  |TAMS 0x00000000a7400000, 0x00000000a7400000| Untracked 
|  73|0x00000000a7500000, 0x00000000a7500000, 0x00000000a7600000|  0%| F|  |TAMS 0x00000000a7500000, 0x00000000a7500000| Untracked 
|  74|0x00000000a7600000, 0x00000000a7700000, 0x00000000a7700000|100%| E|  |TAMS 0x00000000a7600000, 0x00000000a7600000| Complete 
|  75|0x00000000a7700000, 0x00000000a7800000, 0x00000000a7800000|100%| E|CS|TAMS 0x00000000a7700000, 0x00000000a7700000| Complete 
|  76|0x00000000a7800000, 0x00000000a7900000, 0x00000000a7900000|100%| E|CS|TAMS 0x00000000a7800000, 0x00000000a7800000| Complete 
|  77|0x00000000a7900000, 0x00000000a7a00000, 0x00000000a7a00000|100%| E|CS|TAMS 0x00000000a7900000, 0x00000000a7900000| Complete 
|  78|0x00000000a7a00000, 0x00000000a7b00000, 0x00000000a7b00000|100%| E|CS|TAMS 0x00000000a7a00000, 0x00000000a7a00000| Complete 
|  79|0x00000000a7b00000, 0x00000000a7c00000, 0x00000000a7c00000|100%| E|CS|TAMS 0x00000000a7b00000, 0x00000000a7b00000| Complete 
|  80|0x00000000a7c00000, 0x00000000a7d00000, 0x00000000a7d00000|100%| E|CS|TAMS 0x00000000a7c00000, 0x00000000a7c00000| Complete 
|  81|0x00000000a7d00000, 0x00000000a7e00000, 0x00000000a7e00000|100%| E|CS|TAMS 0x00000000a7d00000, 0x00000000a7d00000| Complete 
|  82|0x00000000a7e00000, 0x00000000a7f00000, 0x00000000a7f00000|100%| E|CS|TAMS 0x00000000a7e00000, 0x00000000a7e00000| Complete 
|  83|0x00000000a7f00000, 0x00000000a8000000, 0x00000000a8000000|100%| E|CS|TAMS 0x00000000a7f00000, 0x00000000a7f00000| Complete 
|  84|0x00000000a8000000, 0x00000000a8100000, 0x00000000a8100000|100%| E|CS|TAMS 0x00000000a8000000, 0x00000000a8000000| Complete 
|  85|0x00000000a8100000, 0x00000000a8200000, 0x00000000a8200000|100%| E|CS|TAMS 0x00000000a8100000, 0x00000000a8100000| Complete 
|  86|0x00000000a8200000, 0x00000000a8300000, 0x00000000a8300000|100%| E|CS|TAMS 0x00000000a8200000, 0x00000000a8200000| Complete 
|  87|0x00000000a8300000, 0x00000000a8400000, 0x00000000a8400000|100%| E|CS|TAMS 0x00000000a8300000, 0x00000000a8300000| Complete 
|  88|0x00000000a8400000, 0x00000000a8500000, 0x00000000a8500000|100%| E|CS|TAMS 0x00000000a8400000, 0x00000000a8400000| Complete 
|  89|0x00000000a8500000, 0x00000000a8600000, 0x00000000a8600000|100%| E|CS|TAMS 0x00000000a8500000, 0x00000000a8500000| Complete 
|  90|0x00000000a8600000, 0x00000000a8700000, 0x00000000a8700000|100%| E|CS|TAMS 0x00000000a8600000, 0x00000000a8600000| Complete 
|  91|0x00000000a8700000, 0x00000000a8800000, 0x00000000a8800000|100%| E|CS|TAMS 0x00000000a8700000, 0x00000000a8700000| Complete 
|  92|0x00000000a8800000, 0x00000000a8900000, 0x00000000a8900000|100%| E|CS|TAMS 0x00000000a8800000, 0x00000000a8800000| Complete 
|  93|0x00000000a8900000, 0x00000000a8a00000, 0x00000000a8a00000|100%| E|CS|TAMS 0x00000000a8900000, 0x00000000a8900000| Complete 

Card table byte_map: [0x000001b523fc0000,0x000001b5242b0000] _byte_map_base: 0x000001b523aaa000

Marking Bits (Prev, Next): (CMBitMap*) 0x000001b50ccde1e0, (CMBitMap*) 0x000001b50ccde220
 Prev Bits: [0x000001b5245a0000, 0x000001b525cf0000)
 Next Bits: [0x000001b525cf0000, 0x000001b527440000)

Polling page: 0x000001b50a9d0000

Metaspace:

Usage:
  Non-class:      7.71 MB used.
      Class:      1.08 MB used.
       Both:      8.79 MB used.

Virtual space:
  Non-class space:       16.00 MB reserved,       7.81 MB ( 49%) committed,  2 nodes.
      Class space:        1.00 GB reserved,       1.13 MB ( <1%) committed,  1 nodes.
             Both:        1.02 GB reserved,       8.94 MB ( <1%) committed. 

Chunk freelists:
   Non-Class:  3.48 MB
       Class:  2.69 MB
        Both:  6.17 MB

MaxMetaspaceSize: unlimited
CompressedClassSpaceSize: 1.00 GB
Initial GC threshold: 21.00 MB
Current GC threshold: 21.00 MB
CDS: on
MetaspaceReclaimPolicy: balanced
 - commit_granule_bytes: 65536.
 - commit_granule_words: 8192.
 - virtual_space_node_default_size: 1048576.
 - enlarge_chunks_in_place: 1.
 - new_chunks_are_fully_committed: 0.
 - uncommit_free_chunks: 1.
 - use_allocation_guard: 0.
 - handle_deallocations: 1.


Internal statistics:

num_allocs_failed_limit: 0.
num_arena_births: 118.
num_arena_deaths: 0.
num_vsnodes_births: 3.
num_vsnodes_deaths: 0.
num_space_committed: 143.
num_space_uncommitted: 0.
num_chunks_returned_to_freelist: 0.
num_chunks_taken_from_freelist: 442.
num_chunk_merges: 0.
num_chunk_splits: 239.
num_chunks_enlarged: 160.
num_purges: 0.
num_inconsistent_stats: 0.

CodeHeap 'non-profiled nmethods': size=120000Kb used=561Kb max_used=561Kb free=119439Kb
 bounds [0x000001b51c250000, 0x000001b51c4c0000, 0x000001b523780000]
CodeHeap 'profiled nmethods': size=120000Kb used=3547Kb max_used=3547Kb free=116452Kb
 bounds [0x000001b514780000, 0x000001b514b00000, 0x000001b51bcb0000]
CodeHeap 'non-nmethods': size=5760Kb used=1158Kb max_used=1177Kb free=4601Kb
 bounds [0x000001b51bcb0000, 0x000001b51bf20000, 0x000001b51c250000]
 total_blobs=2170 nmethods=1727 adapters=355
 compilation: enabled
              stopped_count=0, restarted_count=0
 full_count=0

Compilation events (20 events):
Event: 1.169 Thread 0x000001b52a0bc0b0 nmethod 1634 0x000001b514aae210 code [0x000001b514aae3c0, 0x000001b514aae638]
Event: 1.169 Thread 0x000001b52a0bc0b0 1635       3       java.lang.Character::isSurrogate (18 bytes)
Event: 1.169 Thread 0x000001b52a0bc0b0 nmethod 1635 0x000001b514aae710 code [0x000001b514aae8a0, 0x000001b514aaea38]
Event: 1.170 Thread 0x000001b52a0bc0b0 1636       3       org.springframework.util.AntPathMatcher::isWildcardChar (38 bytes)
Event: 1.170 Thread 0x000001b52a0bc0b0 nmethod 1636 0x000001b514aaeb10 code [0x000001b514aaecc0, 0x000001b514aaeef8]
Event: 1.172 Thread 0x000001b52a0bc0b0 1637       3       java.lang.StringLatin1::getChar (9 bytes)
Event: 1.172 Thread 0x000001b52a0bc0b0 nmethod 1637 0x000001b514aaf010 code [0x000001b514aaf1a0, 0x000001b514aaf2b8]
Event: 1.172 Thread 0x000001b52a0bc0b0 1638       3       java.util.StringTokenizer::scanToken (179 bytes)
Event: 1.173 Thread 0x000001b52a0bc0b0 nmethod 1638 0x000001b514aaf390 code [0x000001b514aaf700, 0x000001b514ab0d18]
Event: 1.173 Thread 0x000001b52a0bc0b0 1639       3       java.util.regex.Matcher::reset (128 bytes)
Event: 1.173 Thread 0x000001b52a0bc0b0 nmethod 1639 0x000001b514ab1510 code [0x000001b514ab1700, 0x000001b514ab1d08]
Event: 1.175 Thread 0x000001b52a0bc0b0 1640       3       java.util.zip.ZipCoder$UTF8ZipCoder::toString (12 bytes)
Event: 1.175 Thread 0x000001b52a0bc0b0 nmethod 1640 0x000001b514ab1f90 code [0x000001b514ab2140, 0x000001b514ab22e8]
Event: 1.175 Thread 0x000001b52a0bc0b0 1641       3       java.lang.System$2::newStringUTF8NoRepl (7 bytes)
Event: 1.175 Thread 0x000001b52a0bc0b0 nmethod 1641 0x000001b514ab2410 code [0x000001b514ab25a0, 0x000001b514ab26e8]
Event: 1.179 Thread 0x000001b52a0bc0b0 1642       3       org.springframework.asm.ClassReader::readUnsignedShort (26 bytes)
Event: 1.179 Thread 0x000001b52a0bc0b0 nmethod 1642 0x000001b514ab2790 code [0x000001b514ab2920, 0x000001b514ab2a98]
Event: 1.179 Thread 0x000001b52a0bc0b0 1643   !   3       jdk.internal.loader.URLClassPath$JarLoader::getResource (354 bytes)
Event: 1.181 Thread 0x000001b52a0bc0b0 nmethod 1643 0x000001b514ab2b90 code [0x000001b514ab3000, 0x000001b514ab5058]
Event: 1.182 Thread 0x000001b52a0bc0b0 1645       3       java.lang.invoke.AbstractValidatingLambdaMetafactory::validateMetafactoryArgs (607 bytes)

GC Heap History (2 events):
Event: 0.776 GC heap before
{Heap before GC invocations=0 (full 0):
 garbage-first heap   total 96256K, used 23552K [0x00000000a2c00000, 0x0000000100000000)
  region size 1024K, 23 young (23552K), 0 survivors (0K)
 Metaspace       used 4287K, committed 4416K, reserved 1056768K
  class space    used 517K, committed 576K, reserved 1048576K
}
Event: 0.784 GC heap after
{Heap after GC invocations=1 (full 0):
 garbage-first heap   total 96256K, used 8960K [0x00000000a2c00000, 0x0000000100000000)
  region size 1024K, 3 young (3072K), 3 survivors (3072K)
 Metaspace       used 4287K, committed 4416K, reserved 1056768K
  class space    used 517K, committed 576K, reserved 1048576K
}

Dll operation events (10 events):
Event: 0.010 Loaded shared library C:\Users\max.bonas\.jdks\corretto-17.0.6\bin\java.dll
Event: 0.018 Loaded shared library C:\Users\max.bonas\.jdks\corretto-17.0.6\bin\jsvml.dll
Event: 0.112 Loaded shared library C:\Users\max.bonas\.jdks\corretto-17.0.6\bin\zip.dll
Event: 0.116 Loaded shared library C:\Users\max.bonas\.jdks\corretto-17.0.6\bin\instrument.dll
Event: 0.123 Loaded shared library C:\Users\max.bonas\.jdks\corretto-17.0.6\bin\net.dll
Event: 0.125 Loaded shared library C:\Users\max.bonas\.jdks\corretto-17.0.6\bin\nio.dll
Event: 0.130 Loaded shared library C:\Users\max.bonas\.jdks\corretto-17.0.6\bin\zip.dll
Event: 0.142 Loaded shared library C:\Program Files\JetBrains\IntelliJ IDEA Community Edition 2022.3.2\bin\breakgen64.dll
Event: 0.297 Loaded shared library C:\Users\max.bonas\.jdks\corretto-17.0.6\bin\jimage.dll
Event: 0.875 Loaded shared library C:\Users\max.bonas\.jdks\corretto-17.0.6\bin\verify.dll

Deoptimization events (20 events):
Event: 1.164 Thread 0x000001b50cc90980 Uncommon trap: trap_request=0xffffff45 fr.pc=0x000001b51c284864 relative=0x0000000000000de4
Event: 1.164 Thread 0x000001b50cc90980 Uncommon trap: reason=unstable_if action=reinterpret pc=0x000001b51c284864 method=java.util.zip.ZipCoder.hash(Ljava/lang/String;)I @ 23 c2
Event: 1.164 Thread 0x000001b50cc90980 DEOPT PACKING pc=0x000001b51c284864 sp=0x0000006bf57fccd0
Event: 1.164 Thread 0x000001b50cc90980 DEOPT UNPACKING pc=0x000001b51bd069a3 sp=0x0000006bf57fcb80 mode 2
Event: 1.164 Thread 0x000001b50cc90980 Uncommon trap: trap_request=0xffffff45 fr.pc=0x000001b51c280ac4 relative=0x00000000000005e4
Event: 1.164 Thread 0x000001b50cc90980 Uncommon trap: reason=unstable_if action=reinterpret pc=0x000001b51c280ac4 method=java.util.zip.ZipCoder.hash(Ljava/lang/String;)I @ 23 c2
Event: 1.164 Thread 0x000001b50cc90980 DEOPT PACKING pc=0x000001b51c280ac4 sp=0x0000006bf57fcc40
Event: 1.164 Thread 0x000001b50cc90980 DEOPT UNPACKING pc=0x000001b51bd069a3 sp=0x0000006bf57fcb70 mode 2
Event: 1.164 Thread 0x000001b50cc90980 Uncommon trap: trap_request=0xffffff45 fr.pc=0x000001b51c27f6bc relative=0x000000000000021c
Event: 1.164 Thread 0x000001b50cc90980 Uncommon trap: reason=unstable_if action=reinterpret pc=0x000001b51c27f6bc method=java.util.zip.ZipCoder.hash(Ljava/lang/String;)I @ 23 c2
Event: 1.164 Thread 0x000001b50cc90980 DEOPT PACKING pc=0x000001b51c27f6bc sp=0x0000006bf57fcbd0
Event: 1.164 Thread 0x000001b50cc90980 DEOPT UNPACKING pc=0x000001b51bd069a3 sp=0x0000006bf57fcb68 mode 2
Event: 1.164 Thread 0x000001b50cc90980 Uncommon trap: trap_request=0xffffff45 fr.pc=0x000001b51c29c7c0 relative=0x0000000000001520
Event: 1.164 Thread 0x000001b50cc90980 Uncommon trap: reason=unstable_if action=reinterpret pc=0x000001b51c29c7c0 method=java.io.WinNTFileSystem.normalize(Ljava/lang/String;)Ljava/lang/String; @ 128 c2
Event: 1.164 Thread 0x000001b50cc90980 DEOPT PACKING pc=0x000001b51c29c7c0 sp=0x0000006bf57fcbe0
Event: 1.164 Thread 0x000001b50cc90980 DEOPT UNPACKING pc=0x000001b51bd069a3 sp=0x0000006bf57fcbc8 mode 2
Event: 1.167 Thread 0x000001b50cc90980 Uncommon trap: trap_request=0xffffff45 fr.pc=0x000001b51c2c4148 relative=0x00000000000002a8
Event: 1.167 Thread 0x000001b50cc90980 Uncommon trap: reason=unstable_if action=reinterpret pc=0x000001b51c2c4148 method=java.util.StringTokenizer.scanToken(I)I @ 42 c2
Event: 1.167 Thread 0x000001b50cc90980 DEOPT PACKING pc=0x000001b51c2c4148 sp=0x0000006bf57fcd10
Event: 1.167 Thread 0x000001b50cc90980 DEOPT UNPACKING pc=0x000001b51bd069a3 sp=0x0000006bf57fcca0 mode 2

Classes unloaded (0 events):
No events

Classes redefined (0 events):
No events

Internal exceptions (20 events):
Event: 0.655 Thread 0x000001b50cc90980 Exception <a 'java/lang/NoSuchMethodError'{0x00000000a766bdb8}: 'void java.lang.invoke.DirectMethodHandle$Holder.invokeInterface(java.lang.Object, java.lang.Object, java.lang.Object, java.lang.Object, java.lang.Object)'> (0x00000000a766bdb8) 
thrown [s\src\hotspot\share\interpreter\linkResolver.cpp, line 759]
Event: 0.656 Thread 0x000001b50cc90980 Exception <a 'java/lang/IncompatibleClassChangeError'{0x00000000a766fa88}: Found class java.lang.Object, but interface was expected> (0x00000000a766fa88) 
thrown [s\src\hotspot\share\interpreter\linkResolver.cpp, line 826]
Event: 0.673 Thread 0x000001b50cc90980 Exception <a 'java/lang/IncompatibleClassChangeError'{0x00000000a76ed850}: Found class java.lang.Object, but interface was expected> (0x00000000a76ed850) 
thrown [s\src\hotspot\share\interpreter\linkResolver.cpp, line 826]
Event: 0.678 Thread 0x000001b50cc90980 Exception <a 'java/lang/NoSuchMethodError'{0x00000000a750cb58}: 'java.lang.Object java.lang.invoke.DirectMethodHandle$Holder.invokeStatic(java.lang.Object, java.lang.Object, int)'> (0x00000000a750cb58) 
thrown [s\src\hotspot\share\interpreter\linkResolver.cpp, line 759]
Event: 0.693 Thread 0x000001b50cc90980 Exception <a 'java/lang/NoSuchMethodError'{0x00000000a7563718}: 'void java.lang.invoke.DirectMethodHandle$Holder.invokeSpecial(java.lang.Object, java.lang.Object, java.lang.Object, java.lang.Object, java.lang.Object)'> (0x00000000a7563718) 
thrown [s\src\hotspot\share\interpreter\linkResolver.cpp, line 759]
Event: 0.709 Thread 0x000001b50cc90980 Exception <a 'java/lang/NoSuchMethodError'{0x00000000a75bd470}: 'void java.lang.invoke.DirectMethodHandle$Holder.invokeInterface(java.lang.Object, java.lang.Object, java.lang.Object, java.lang.Object)'> (0x00000000a75bd470) 
thrown [s\src\hotspot\share\interpreter\linkResolver.cpp, line 759]
Event: 0.709 Thread 0x000001b50cc90980 Exception <a 'java/lang/IncompatibleClassChangeError'{0x00000000a75c0d98}: Found class java.lang.Object, but interface was expected> (0x00000000a75c0d98) 
thrown [s\src\hotspot\share\interpreter\linkResolver.cpp, line 826]
Event: 0.711 Thread 0x000001b50cc90980 Exception <a 'java/lang/NoSuchMethodError'{0x00000000a75d6440}: 'void java.lang.invoke.DirectMethodHandle$Holder.invokeStatic(java.lang.Object, java.lang.Object, java.lang.Object, java.lang.Object)'> (0x00000000a75d6440) 
thrown [s\src\hotspot\share\interpreter\linkResolver.cpp, line 759]
Event: 0.713 Thread 0x000001b50cc90980 Exception <a 'java/lang/NoSuchMethodError'{0x00000000a75e7360}: 'java.lang.Object java.lang.invoke.DirectMethodHandle$Holder.newInvokeSpecial(java.lang.Object, java.lang.Object, int)'> (0x00000000a75e7360) 
thrown [s\src\hotspot\share\interpreter\linkResolver.cpp, line 759]
Event: 0.738 Thread 0x000001b50cc90980 Exception <a 'java/lang/NoSuchMethodError'{0x00000000a74c54a0}: 'int java.lang.invoke.DirectMethodHandle$Holder.invokeStatic(java.lang.Object, java.lang.Object, java.lang.Object, java.lang.Object)'> (0x00000000a74c54a0) 
thrown [s\src\hotspot\share\interpreter\linkResolver.cpp, line 759]
Event: 0.738 Thread 0x000001b50cc90980 Exception <a 'java/lang/NoSuchMethodError'{0x00000000a74c8e20}: 'java.lang.Object java.lang.invoke.Invokers$Holder.invokeExact_MT(java.lang.Object, java.lang.Object, java.lang.Object, java.lang.Object, java.lang.Object, java.lang.Object)'> (0x00000000a74c8e20) 
thrown [s\src\hotspot\share\interpreter\linkResolver.cpp, line 759]
Event: 0.740 Thread 0x000001b50cc90980 Exception <a 'java/lang/NoSuchMethodError'{0x00000000a74d8b90}: 'int java.lang.invoke.DirectMethodHandle$Holder.invokeStatic(java.lang.Object, java.lang.Object, java.lang.Object, java.lang.Object, java.lang.Object)'> (0x00000000a74d8b90) 
thrown [s\src\hotspot\share\interpreter\linkResolver.cpp, line 759]
Event: 0.751 Thread 0x000001b50cc90980 Exception <a 'java/lang/NoSuchMethodError'{0x00000000a732e028}: 'void java.lang.invoke.DirectMethodHandle$Holder.invokeStaticInit(java.lang.Object)'> (0x00000000a732e028) 
thrown [s\src\hotspot\share\interpreter\linkResolver.cpp, line 759]
Event: 0.788 Thread 0x000001b50cc90980 Exception <a 'java/lang/NoSuchMethodError'{0x00000000a8922be8}: 'int java.lang.invoke.DirectMethodHandle$Holder.invokeStaticInit(java.lang.Object, java.lang.Object)'> (0x00000000a8922be8) 
thrown [s\src\hotspot\share\interpreter\linkResolver.cpp, line 759]
Event: 0.896 Thread 0x000001b50cc90980 Exception <a 'java/lang/ClassNotFoundException'{0x00000000a86f0b30}: javax/smartcardio/CardPermission> (0x00000000a86f0b30) 
thrown [s\src\hotspot\share\classfile\systemDictionary.cpp, line 256]
Event: 0.899 Thread 0x000001b50cc90980 Exception <a 'java/io/FileNotFoundException'{0x00000000a86ff2a8}> (0x00000000a86ff2a8) 
thrown [s\src\hotspot\share\prims\jni.cpp, line 516]
Event: 0.960 Thread 0x000001b50cc90980 Exception <a 'java/lang/NoSuchMethodError'{0x00000000a8358718}: 'org.slf4j.impl.StaticMDCBinder org.slf4j.impl.StaticMDCBinder.getSingleton()'> (0x00000000a8358718) 
thrown [s\src\hotspot\share\interpreter\linkResolver.cpp, line 759]
Event: 0.972 Thread 0x000001b50cc90980 Exception <a 'java/lang/IncompatibleClassChangeError'{0x00000000a83cab08}: Found class java.lang.Object, but interface was expected> (0x00000000a83cab08) 
thrown [s\src\hotspot\share\interpreter\linkResolver.cpp, line 826]
Event: 0.984 Thread 0x000001b50cc90980 Exception <a 'java/lang/NoSuchMethodError'{0x00000000a8263c98}: 'int java.lang.invoke.DirectMethodHandle$Holder.invokeStaticInit(java.lang.Object, java.lang.Object, java.lang.Object)'> (0x00000000a8263c98) 
thrown [s\src\hotspot\share\interpreter\linkResolver.cpp, line 759]
Event: 1.009 Thread 0x000001b50cc90980 Exception <a 'java/lang/NoSuchMethodError'{0x00000000a8172bb0}: 'int java.lang.invoke.DirectMethodHandle$Holder.invokeInterface(java.lang.Object, java.lang.Object)'> (0x00000000a8172bb0) 
thrown [s\src\hotspot\share\interpreter\linkResolver.cpp, line 759]

VM Operations (20 events):
Event: 0.754 Executing VM operation: HandshakeAllThreads
Event: 0.754 Executing VM operation: HandshakeAllThreads done
Event: 0.776 Executing VM operation: G1CollectForAllocation
Event: 0.784 Executing VM operation: G1CollectForAllocation done
Event: 0.902 Executing VM operation: HandshakeAllThreads
Event: 0.902 Executing VM operation: HandshakeAllThreads done
Event: 0.915 Executing VM operation: HandshakeAllThreads
Event: 0.915 Executing VM operation: HandshakeAllThreads done
Event: 0.941 Executing VM operation: HandshakeAllThreads
Event: 0.941 Executing VM operation: HandshakeAllThreads done
Event: 0.971 Executing VM operation: HandshakeAllThreads
Event: 0.971 Executing VM operation: HandshakeAllThreads done
Event: 0.971 Executing VM operation: HandshakeAllThreads
Event: 0.971 Executing VM operation: HandshakeAllThreads done
Event: 1.012 Executing VM operation: HandshakeAllThreads
Event: 1.012 Executing VM operation: HandshakeAllThreads done
Event: 1.052 Executing VM operation: HandshakeAllThreads
Event: 1.052 Executing VM operation: HandshakeAllThreads done
Event: 1.147 Executing VM operation: HandshakeAllThreads
Event: 1.147 Executing VM operation: HandshakeAllThreads done

Events (20 events):
Event: 1.127 loading class java/io/StringReader
Event: 1.127 loading class java/io/StringReader done
Event: 1.130 loading class java/util/stream/SortedOps$RefSortingSink
Event: 1.130 loading class java/util/stream/SortedOps$RefSortingSink done
Event: 1.147 loading class java/lang/ProcessEnvironment
Event: 1.147 loading class java/lang/ProcessEnvironment done
Event: 1.147 loading class java/lang/ProcessEnvironment$NameComparator
Event: 1.147 loading class java/lang/ProcessEnvironment$NameComparator done
Event: 1.147 loading class java/lang/ProcessEnvironment$EntryComparator
Event: 1.147 loading class java/lang/ProcessEnvironment$EntryComparator done
Event: 1.148 loading class java/lang/ProcessEnvironment$CheckedEntrySet
Event: 1.148 loading class java/lang/ProcessEnvironment$CheckedEntrySet done
Event: 1.148 loading class java/lang/ProcessEnvironment$CheckedEntrySet$1
Event: 1.148 loading class java/lang/ProcessEnvironment$CheckedEntrySet$1 done
Event: 1.148 loading class java/lang/ProcessEnvironment$CheckedEntry
Event: 1.148 loading class java/lang/ProcessEnvironment$CheckedEntry done
Event: 1.150 loading class java/util/zip/ZipException
Event: 1.150 loading class java/util/zip/ZipException done
Event: 1.169 loading class java/util/regex/Pattern$LazyLoop
Event: 1.169 loading class java/util/regex/Pattern$LazyLoop done


Dynamic libraries:
0x00007ff6181b0000 - 0x00007ff6181bd000 	C:\Users\max.bonas\.jdks\corretto-17.0.6\bin\java.exe
0x00007ff8f4710000 - 0x00007ff8f4908000 	C:\WINDOWS\SYSTEM32\ntdll.dll
0x00007ff8f2820000 - 0x00007ff8f28df000 	C:\WINDOWS\System32\KERNEL32.DLL
0x00007ff8f2380000 - 0x00007ff8f265a000 	C:\WINDOWS\System32\KERNELBASE.dll
0x00007ff8f2280000 - 0x00007ff8f2380000 	C:\WINDOWS\System32\ucrtbase.dll
0x00007ff8ed0e0000 - 0x00007ff8ed0f7000 	C:\Users\max.bonas\.jdks\corretto-17.0.6\bin\jli.dll
0x00007ff8ed0c0000 - 0x00007ff8ed0d5000 	C:\Users\max.bonas\.jdks\corretto-17.0.6\bin\VCRUNTIME140.dll
0x00007ff8f44a0000 - 0x00007ff8f463d000 	C:\WINDOWS\System32\USER32.dll
0x00007ff8f2070000 - 0x00007ff8f2092000 	C:\WINDOWS\System32\win32u.dll
0x00007ff8cfd90000 - 0x00007ff8d002a000 	C:\WINDOWS\WinSxS\amd64_microsoft.windows.common-controls_6595b64144ccf1df_6.0.19041.1110_none_60b5254171f9507e\COMCTL32.dll
0x00007ff8f32f0000 - 0x00007ff8f331b000 	C:\WINDOWS\System32\GDI32.dll
0x00007ff8f2660000 - 0x00007ff8f2770000 	C:\WINDOWS\System32\gdi32full.dll
0x00007ff8f1e20000 - 0x00007ff8f1ebd000 	C:\WINDOWS\System32\msvcp_win.dll
0x00007ff8f2cb0000 - 0x00007ff8f2d4e000 	C:\WINDOWS\System32\msvcrt.dll
0x00007ff8f3460000 - 0x00007ff8f3490000 	C:\WINDOWS\System32\IMM32.DLL
0x00007ff8e99b0000 - 0x00007ff8e9a4b000 	C:\Users\max.bonas\.jdks\corretto-17.0.6\bin\msvcp140.dll
0x00007ff8da790000 - 0x00007ff8db3a8000 	C:\Users\max.bonas\.jdks\corretto-17.0.6\bin\server\jvm.dll
0x00007ff8f3160000 - 0x00007ff8f320e000 	C:\WINDOWS\System32\ADVAPI32.dll
0x00007ff8f2dc0000 - 0x00007ff8f2e5c000 	C:\WINDOWS\System32\sechost.dll
0x00007ff8f35c0000 - 0x00007ff8f36e6000 	C:\WINDOWS\System32\RPCRT4.dll
0x00007ff8eee90000 - 0x00007ff8eee99000 	C:\WINDOWS\SYSTEM32\WSOCK32.dll
0x00007ff8f2d50000 - 0x00007ff8f2dbb000 	C:\WINDOWS\System32\WS2_32.dll
0x00007ff8f0250000 - 0x00007ff8f0277000 	C:\WINDOWS\SYSTEM32\WINMM.dll
0x00007ff8e81f0000 - 0x00007ff8e81fa000 	C:\WINDOWS\SYSTEM32\VERSION.dll
0x00007ff8f05f0000 - 0x00007ff8f0602000 	C:\WINDOWS\SYSTEM32\kernel.appcore.dll
0x00007ff8eeec0000 - 0x00007ff8eeeca000 	C:\Users\max.bonas\.jdks\corretto-17.0.6\bin\jimage.dll
0x00007ff8f0050000 - 0x00007ff8f0234000 	C:\WINDOWS\SYSTEM32\DBGHELP.DLL
0x00007ff8f0010000 - 0x00007ff8f0044000 	C:\WINDOWS\SYSTEM32\dbgcore.DLL
0x00007ff8f20d0000 - 0x00007ff8f2152000 	C:\WINDOWS\System32\bcryptPrimitives.dll
0x00007ff8eeea0000 - 0x00007ff8eeeae000 	C:\Users\max.bonas\.jdks\corretto-17.0.6\bin\instrument.dll
0x00007ff8eb9a0000 - 0x00007ff8eb9c5000 	C:\Users\max.bonas\.jdks\corretto-17.0.6\bin\java.dll
0x00007ff8dfa00000 - 0x00007ff8dfad6000 	C:\Users\max.bonas\.jdks\corretto-17.0.6\bin\jsvml.dll
0x00007ff8f3880000 - 0x00007ff8f3fc4000 	C:\WINDOWS\System32\SHELL32.dll
0x00007ff8ef870000 - 0x00007ff8f0003000 	C:\WINDOWS\SYSTEM32\windows.storage.dll
0x00007ff8f28e0000 - 0x00007ff8f2c34000 	C:\WINDOWS\System32\combase.dll
0x00007ff8f1830000 - 0x00007ff8f185e000 	C:\WINDOWS\SYSTEM32\Wldp.dll
0x00007ff8f3510000 - 0x00007ff8f35bd000 	C:\WINDOWS\System32\SHCORE.dll
0x00007ff8f3400000 - 0x00007ff8f3455000 	C:\WINDOWS\System32\shlwapi.dll
0x00007ff8f1d60000 - 0x00007ff8f1d7f000 	C:\WINDOWS\SYSTEM32\profapi.dll
0x00007ff8eae30000 - 0x00007ff8eae48000 	C:\Users\max.bonas\.jdks\corretto-17.0.6\bin\zip.dll
0x00007ff8eb620000 - 0x00007ff8eb639000 	C:\Users\max.bonas\.jdks\corretto-17.0.6\bin\net.dll
0x00007ff8e8000000 - 0x00007ff8e810a000 	C:\WINDOWS\SYSTEM32\WINHTTP.dll
0x00007ff8f1570000 - 0x00007ff8f15da000 	C:\WINDOWS\system32\mswsock.dll
0x00007ff8eae50000 - 0x00007ff8eae65000 	C:\Users\max.bonas\.jdks\corretto-17.0.6\bin\nio.dll
0x00007ff8eadd0000 - 0x00007ff8eadea000 	C:\Program Files\JetBrains\IntelliJ IDEA Community Edition 2022.3.2\bin\breakgen64.dll
0x00007ff8eb9f0000 - 0x00007ff8eba00000 	C:\Users\max.bonas\.jdks\corretto-17.0.6\bin\verify.dll

dbghelp: loaded successfully - version: 4.0.5 - missing functions: none
symbol engine: initialized successfully - sym options: 0x614 - pdb path: .;C:\Users\max.bonas\.jdks\corretto-17.0.6\bin;C:\WINDOWS\SYSTEM32;C:\WINDOWS\WinSxS\amd64_microsoft.windows.common-controls_6595b64144ccf1df_6.0.19041.1110_none_60b5254171f9507e;C:\Users\max.bonas\.jdks\corretto-17.0.6\bin\server;C:\Program Files\JetBrains\IntelliJ IDEA Community Edition 2022.3.2\bin

VM Arguments:
jvm_args: -ea -Didea.test.cyclic.buffer.size=1048576 -javaagent:C:\Program Files\JetBrains\IntelliJ IDEA Community Edition 2022.3.2\lib\idea_rt.jar=57308:C:\Program Files\JetBrains\IntelliJ IDEA Community Edition 2022.3.2\bin -Dfile.encoding=UTF-8 
java_command: com.intellij.rt.junit.JUnitStarter -ideVersion5 -junit5 MultiAplicacion.AdminControllerTests
java_class_path (initial): C:\Users\max.bonas\.m2\repository\org\junit\platform\junit-platform-launcher\1.8.2\junit-platform-launcher-1.8.2.jar;C:\Program Files\JetBrains\IntelliJ IDEA Community Edition 2022.3.2\lib\idea_rt.jar;C:\Program Files\JetBrains\IntelliJ IDEA Community Edition 2022.3.2\plugins\junit\lib\junit5-rt.jar;C:\Program Files\JetBrains\IntelliJ IDEA Community Edition 2022.3.2\plugins\junit\lib\junit-rt.jar;C:\Users\max.bonas\Documents\MultiAplicacion GrupoLapuente\MultiAplicacion-GrupoLapuente\target\test-classes;C:\Users\max.bonas\Documents\MultiAplicacion GrupoLapuente\MultiAplicacion-GrupoLapuente\target\classes;C:\Users\max.bonas\.m2\repository\org\springframework\boot\spring-boot-starter-data-jdbc\2.6.3\spring-boot-starter-data-jdbc-2.6.3.jar;C:\Users\max.bonas\.m2\repository\org\springframework\boot\spring-boot-starter-jdbc\2.6.3\spring-boot-starter-jdbc-2.6.3.jar;C:\Users\max.bonas\.m2\repository\com\zaxxer\HikariCP\4.0.3\HikariCP-4.0.3.jar;C:\Users\max.bonas\.m2\repository\org\springframework\spring-jdbc\5.3.15\spring-jdbc-5.3.15.jar;C:\Users\max.bonas\.m2\repository\org\springframework\data\spring-data-jdbc\2.3.1\spring-data-jdbc-2.3.1.jar;C:\Users\max.bonas\.m2\repository\org\springframework\data\spring-data-relational\2.3.1\spring-data-relational-2.3.1.jar;C:\Users\max.bonas\.m2\repository\org\springframework\data\spring-data-commons\2.6.1\spring-data-commons-2.6.1.jar;C:\Users\max.bonas\.m2\repository\org\springframework\spring-tx\5.3.15\spring-tx-5.3.15.jar;C:\Users\max.bonas\.m2\repository\org\springframework\spring-context\5.3.15\spring-context-5.3.15.jar;C:\Users\max.bonas\.m2\repository\org\springframework\spring-beans\5.3.15\spring-beans-5.3.15.jar;C:\Users\max.bonas\.m2\repository\org\slf4j\slf4j-api\1.7.33\slf4j-api-1.7.33.jar;C:\Users\max.bonas\.m2\repository\org\springframework\boot\spring-boot-starter-validation\2.6.3\spring-boot-starter-validation-2.6.3.jar;C:\Users\max.bonas\.m2\repository\org\springframework\boot\spring-b
Launcher Type: SUN_STANDARD

[Global flags]
     intx CICompilerCount                          = 4                                         {product} {ergonomic}
     uint ConcGCThreads                            = 3                                         {product} {ergonomic}
     uint G1ConcRefinementThreads                  = 10                                        {product} {ergonomic}
   size_t G1HeapRegionSize                         = 1048576                                   {product} {ergonomic}
    uintx GCDrainStackTargetSize                   = 64                                        {product} {ergonomic}
   size_t InitialHeapSize                          = 98566144                                  {product} {ergonomic}
   size_t MarkStackSize                            = 4194304                                   {product} {ergonomic}
   size_t MaxHeapSize                              = 1564475392                                {product} {ergonomic}
   size_t MaxNewSize                               = 938475520                                 {product} {ergonomic}
   size_t MinHeapDeltaBytes                        = 1048576                                   {product} {ergonomic}
   size_t MinHeapSize                              = 8388608                                   {product} {ergonomic}
    uintx NonNMethodCodeHeapSize                   = 5839372                                {pd product} {ergonomic}
    uintx NonProfiledCodeHeapSize                  = 122909434                              {pd product} {ergonomic}
    uintx ProfiledCodeHeapSize                     = 122909434                              {pd product} {ergonomic}
    uintx ReservedCodeCacheSize                    = 251658240                              {pd product} {ergonomic}
     bool SegmentedCodeCache                       = true                                      {product} {ergonomic}
   size_t SoftMaxHeapSize                          = 1564475392                             {manageable} {ergonomic}
     bool UseCompressedClassPointers               = true                           {product lp64_product} {ergonomic}
     bool UseCompressedOops                        = true                           {product lp64_product} {ergonomic}
     bool UseG1GC                                  = true                                      {product} {ergonomic}
     bool UseLargePagesIndividualAllocation        = false                                  {pd product} {ergonomic}

Logging:
Log output configuration:
 #0: stdout all=warning uptime,level,tags
 #1: stderr all=off uptime,level,tags

Environment Variables:
PATH=C:\WINDOWS\system32;C:\WINDOWS;C:\WINDOWS\System32\Wbem;C:\WINDOWS\System32\WindowsPowerShell\v1.0\;C:\WINDOWS\System32\OpenSSH\;C:\Program Files\Git\cmd;C:\Program Files\Microsoft SQL Server\150\Tools\Binn\;C:\Program Files\Microsoft SQL Server\Client SDK\ODBC\170\Tools\Binn\;C:\Program Files\dotnet\;C:\Program Files\PuTTY\;C:\Program Files\MySQL\MySQL Shell 8.0\bin\;C:\Users\max.bonas\AppData\Local\Microsoft\WindowsApps;C:\Users\max.bonas\.dotnet\tools
USERNAME=max.bonas
OS=Windows_NT
PROCESSOR_IDENTIFIER=AMD64 Family 23 Model 104 Stepping 1, AuthenticAMD
TMP=C:\Users\MAX~1.BON\AppData\Local\Temp
TEMP=C:\Users\MAX~1.BON\AppData\Local\Temp



---------------  S Y S T E M  ---------------

OS:
 Windows 10 , 64 bit Build 19041 (10.0.19041.2788)
OS uptime: 2 days 22:29 hours

CPU: total 12 (initial active 12) (12 cores per cpu, 2 threads per core) family 23 model 104 stepping 1 microcode 0x0, cx8, cmov, fxsr, ht, mmx, 3dnowpref, sse, sse2, sse3, ssse3, sse4a, sse4.1, sse4.2, popcnt, lzcnt, tsc, tscinvbit, avx, avx2, aes, clmul, bmi1, bmi2, adx, sha, fma, vzeroupper, clflush, clflushopt

Memory: 4k page, system-wide physical 5966M (388M free)
TotalPageFile size 24398M (AvailPageFile size 4M)
current process WorkingSet (physical memory assigned to process): 100M, peak: 100M
current process commit charge ("private bytes"): 213M, peak: 213M

vm_info: OpenJDK 64-Bit Server VM (17.0.6+10-LTS) for windows-amd64 JRE (17.0.6+10-LTS), built on Jan 13 2023 22:57:04 by "Administrator" with MS VC++ 15.9 (VS2017)

END.
